<?xml version="1.0" encoding="UTF-8"?>
<testsuite name="com.beibei.bbmanage.BbmanageApplicationTests" time="0.009" tests="1" errors="1" skipped="0" failures="0">
  <properties>
    <property name="idea.version" value="2018.1.4"/>
    <property name="java.runtime.name" value="Java(TM) SE Runtime Environment"/>
    <property name="sun.boot.library.path" value="/Library/Java/JavaVirtualMachines/jdk1.8.0_111.jdk/Contents/Home/jre/lib"/>
    <property name="java.vm.version" value="25.111-b14"/>
    <property name="gopherProxySet" value="false"/>
    <property name="java.vm.vendor" value="Oracle Corporation"/>
    <property name="maven.multiModuleProjectDirectory" value="/Users/haohao/Desktop/Mr Hao/WHJava/2.自己学习的demo/bbmanage"/>
    <property name="java.vendor.url" value="http://java.oracle.com/"/>
    <property name="path.separator" value=":"/>
    <property name="guice.disable.misplaced.annotation.check" value="true"/>
    <property name="java.vm.name" value="Java HotSpot(TM) 64-Bit Server VM"/>
    <property name="file.encoding.pkg" value="sun.io"/>
    <property name="user.country" value="CN"/>
    <property name="sun.java.launcher" value="SUN_STANDARD"/>
    <property name="sun.os.patch.level" value="unknown"/>
    <property name="java.vm.specification.name" value="Java Virtual Machine Specification"/>
    <property name="user.dir" value="/Users/haohao/Desktop/Mr Hao/WHJava/2.自己学习的demo/bbmanage"/>
    <property name="java.runtime.version" value="1.8.0_111-b14"/>
    <property name="java.awt.graphicsenv" value="sun.awt.CGraphicsEnvironment"/>
    <property name="java.endorsed.dirs" value="/Library/Java/JavaVirtualMachines/jdk1.8.0_111.jdk/Contents/Home/jre/lib/endorsed"/>
    <property name="os.arch" value="x86_64"/>
    <property name="java.io.tmpdir" value="/var/folders/qs/x9wd415x40b_jc_wwsj65px80000gn/T/"/>
    <property name="line.separator" value="&#10;"/>
    <property name="java.vm.specification.vendor" value="Oracle Corporation"/>
    <property name="os.name" value="Mac OS X"/>
    <property name="classworlds.conf" value="/Applications/IntelliJ IDEA.app/Contents/plugins/maven/lib/maven3/bin/m2.conf"/>
    <property name="sun.jnu.encoding" value="UTF-8"/>
    <property name="java.library.path" value="/Users/haohao/Library/Java/Extensions:/Library/Java/Extensions:/Network/Library/Java/Extensions:/System/Library/Java/Extensions:/usr/lib/java:."/>
    <property name="java.specification.name" value="Java Platform API Specification"/>
    <property name="java.class.version" value="52.0"/>
    <property name="sun.management.compiler" value="HotSpot 64-Bit Tiered Compilers"/>
    <property name="os.version" value="10.14.1"/>
    <property name="user.home" value="/Users/haohao"/>
    <property name="user.timezone" value="Asia/Shanghai"/>
    <property name="java.awt.printerjob" value="sun.lwawt.macosx.CPrinterJob"/>
    <property name="java.specification.version" value="1.8"/>
    <property name="file.encoding" value="UTF-8"/>
    <property name="user.name" value="haohao"/>
    <property name="java.class.path" value="/Applications/IntelliJ IDEA.app/Contents/plugins/maven/lib/maven3/boot/plexus-classworlds-2.5.2.jar"/>
    <property name="java.vm.specification.version" value="1.8"/>
    <property name="sun.arch.data.model" value="64"/>
    <property name="java.home" value="/Library/Java/JavaVirtualMachines/jdk1.8.0_111.jdk/Contents/Home/jre"/>
    <property name="sun.java.command" value="org.codehaus.classworlds.Launcher -Didea.version=2018.1.4 package"/>
    <property name="java.specification.vendor" value="Oracle Corporation"/>
    <property name="user.language" value="zh"/>
    <property name="awt.toolkit" value="sun.lwawt.macosx.LWCToolkit"/>
    <property name="java.vm.info" value="mixed mode"/>
    <property name="java.version" value="1.8.0_111"/>
    <property name="java.ext.dirs" value="/Users/haohao/Library/Java/Extensions:/Library/Java/JavaVirtualMachines/jdk1.8.0_111.jdk/Contents/Home/jre/lib/ext:/Library/Java/Extensions:/Network/Library/Java/Extensions:/System/Library/Java/Extensions:/usr/lib/java"/>
    <property name="sun.boot.class.path" value="/Library/Java/JavaVirtualMachines/jdk1.8.0_111.jdk/Contents/Home/jre/lib/resources.jar:/Library/Java/JavaVirtualMachines/jdk1.8.0_111.jdk/Contents/Home/jre/lib/rt.jar:/Library/Java/JavaVirtualMachines/jdk1.8.0_111.jdk/Contents/Home/jre/lib/sunrsasign.jar:/Library/Java/JavaVirtualMachines/jdk1.8.0_111.jdk/Contents/Home/jre/lib/jsse.jar:/Library/Java/JavaVirtualMachines/jdk1.8.0_111.jdk/Contents/Home/jre/lib/jce.jar:/Library/Java/JavaVirtualMachines/jdk1.8.0_111.jdk/Contents/Home/jre/lib/charsets.jar:/Library/Java/JavaVirtualMachines/jdk1.8.0_111.jdk/Contents/Home/jre/lib/jfr.jar:/Library/Java/JavaVirtualMachines/jdk1.8.0_111.jdk/Contents/Home/jre/classes"/>
    <property name="java.vendor" value="Oracle Corporation"/>
    <property name="maven.home" value="/Applications/IntelliJ IDEA.app/Contents/plugins/maven/lib/maven3"/>
    <property name="file.separator" value="/"/>
    <property name="java.vendor.url.bug" value="http://bugreport.sun.com/bugreport/"/>
    <property name="sun.cpu.endian" value="little"/>
    <property name="sun.io.unicode.encoding" value="UnicodeBig"/>
    <property name="sun.cpu.isalist" value=""/>
  </properties>
  <testcase name="contextLoads" classname="com.beibei.bbmanage.BbmanageApplicationTests" time="0.009">
    <error message="Failed to load ApplicationContext" type="java.lang.IllegalStateException">java.lang.IllegalStateException: Failed to load ApplicationContext
	at org.springframework.test.context.cache.DefaultCacheAwareContextLoaderDelegate.loadContext(DefaultCacheAwareContextLoaderDelegate.java:124)
	at org.springframework.test.context.support.DefaultTestContext.getApplicationContext(DefaultTestContext.java:83)
	at org.springframework.test.context.web.ServletTestExecutionListener.setUpRequestContextIfNecessary(ServletTestExecutionListener.java:189)
	at org.springframework.test.context.web.ServletTestExecutionListener.prepareTestInstance(ServletTestExecutionListener.java:131)
	at org.springframework.test.context.TestContextManager.prepareTestInstance(TestContextManager.java:230)
	at org.springframework.test.context.junit4.SpringJUnit4ClassRunner.createTest(SpringJUnit4ClassRunner.java:228)
	at org.springframework.test.context.junit4.SpringJUnit4ClassRunner$1.runReflectiveCall(SpringJUnit4ClassRunner.java:287)
	at org.junit.internal.runners.model.ReflectiveCallable.run(ReflectiveCallable.java:12)
	at org.springframework.test.context.junit4.SpringJUnit4ClassRunner.methodBlock(SpringJUnit4ClassRunner.java:289)
	at org.springframework.test.context.junit4.SpringJUnit4ClassRunner.runChild(SpringJUnit4ClassRunner.java:247)
	at org.springframework.test.context.junit4.SpringJUnit4ClassRunner.runChild(SpringJUnit4ClassRunner.java:94)
	at org.junit.runners.ParentRunner$3.run(ParentRunner.java:290)
	at org.junit.runners.ParentRunner$1.schedule(ParentRunner.java:71)
	at org.junit.runners.ParentRunner.runChildren(ParentRunner.java:288)
	at org.junit.runners.ParentRunner.access$000(ParentRunner.java:58)
	at org.junit.runners.ParentRunner$2.evaluate(ParentRunner.java:268)
	at org.springframework.test.context.junit4.statements.RunBeforeTestClassCallbacks.evaluate(RunBeforeTestClassCallbacks.java:61)
	at org.springframework.test.context.junit4.statements.RunAfterTestClassCallbacks.evaluate(RunAfterTestClassCallbacks.java:70)
	at org.junit.runners.ParentRunner.run(ParentRunner.java:363)
	at org.springframework.test.context.junit4.SpringJUnit4ClassRunner.run(SpringJUnit4ClassRunner.java:191)
	at org.apache.maven.surefire.junit4.JUnit4Provider.execute(JUnit4Provider.java:283)
	at org.apache.maven.surefire.junit4.JUnit4Provider.executeWithRerun(JUnit4Provider.java:173)
	at org.apache.maven.surefire.junit4.JUnit4Provider.executeTestSet(JUnit4Provider.java:153)
	at org.apache.maven.surefire.junit4.JUnit4Provider.invoke(JUnit4Provider.java:128)
	at org.apache.maven.surefire.booter.ForkedBooter.invokeProviderInSameClassLoader(ForkedBooter.java:203)
	at org.apache.maven.surefire.booter.ForkedBooter.runSuitesInProcess(ForkedBooter.java:155)
	at org.apache.maven.surefire.booter.ForkedBooter.main(ForkedBooter.java:103)
Caused by: org.springframework.beans.factory.BeanCreationException: Error creating bean with name 'serverEndpointExporter' defined in class path resource [com/beibei/bbmanage/handler/WebSocketConfig.class]: Invocation of init method failed; nested exception is java.lang.IllegalStateException: javax.websocket.server.ServerContainer not available
	at org.springframework.beans.factory.support.AbstractAutowireCapableBeanFactory.initializeBean(AbstractAutowireCapableBeanFactory.java:1634)
	at org.springframework.beans.factory.support.AbstractAutowireCapableBeanFactory.doCreateBean(AbstractAutowireCapableBeanFactory.java:555)
	at org.springframework.beans.factory.support.AbstractAutowireCapableBeanFactory.createBean(AbstractAutowireCapableBeanFactory.java:483)
	at org.springframework.beans.factory.support.AbstractBeanFactory$1.getObject(AbstractBeanFactory.java:312)
	at org.springframework.beans.factory.support.DefaultSingletonBeanRegistry.getSingleton(DefaultSingletonBeanRegistry.java:230)
	at org.springframework.beans.factory.support.AbstractBeanFactory.doGetBean(AbstractBeanFactory.java:308)
	at org.springframework.beans.factory.support.AbstractBeanFactory.getBean(AbstractBeanFactory.java:197)
	at org.springframework.beans.factory.support.DefaultListableBeanFactory.preInstantiateSingletons(DefaultListableBeanFactory.java:761)
	at org.springframework.context.support.AbstractApplicationContext.finishBeanFactoryInitialization(AbstractApplicationContext.java:867)
	at org.springframework.context.support.AbstractApplicationContext.refresh(AbstractApplicationContext.java:543)
	at org.springframework.boot.SpringApplication.refresh(SpringApplication.java:693)
	at org.springframework.boot.SpringApplication.refreshContext(SpringApplication.java:360)
	at org.springframework.boot.SpringApplication.run(SpringApplication.java:303)
	at org.springframework.boot.test.context.SpringBootContextLoader.loadContext(SpringBootContextLoader.java:121)
	at org.springframework.test.context.cache.DefaultCacheAwareContextLoaderDelegate.loadContextInternal(DefaultCacheAwareContextLoaderDelegate.java:98)
	at org.springframework.test.context.cache.DefaultCacheAwareContextLoaderDelegate.loadContext(DefaultCacheAwareContextLoaderDelegate.java:116)
	at org.springframework.test.context.support.DefaultTestContext.getApplicationContext(DefaultTestContext.java:83)
	at org.springframework.test.context.web.ServletTestExecutionListener.setUpRequestContextIfNecessary(ServletTestExecutionListener.java:189)
	at org.springframework.test.context.web.ServletTestExecutionListener.prepareTestInstance(ServletTestExecutionListener.java:131)
	at org.springframework.test.context.TestContextManager.prepareTestInstance(TestContextManager.java:230)
	at org.springframework.test.context.junit4.SpringJUnit4ClassRunner.createTest(SpringJUnit4ClassRunner.java:228)
	at org.springframework.test.context.junit4.SpringJUnit4ClassRunner$1.runReflectiveCall(SpringJUnit4ClassRunner.java:287)
	at org.junit.internal.runners.model.ReflectiveCallable.run(ReflectiveCallable.java:12)
	at org.springframework.test.context.junit4.SpringJUnit4ClassRunner.methodBlock(SpringJUnit4ClassRunner.java:289)
	at org.springframework.test.context.junit4.SpringJUnit4ClassRunner.runChild(SpringJUnit4ClassRunner.java:247)
	at org.springframework.test.context.junit4.SpringJUnit4ClassRunner.runChild(SpringJUnit4ClassRunner.java:94)
	at org.junit.runners.ParentRunner$3.run(ParentRunner.java:290)
	at org.junit.runners.ParentRunner$1.schedule(ParentRunner.java:71)
	at org.junit.runners.ParentRunner.runChildren(ParentRunner.java:288)
	at org.junit.runners.ParentRunner.access$000(ParentRunner.java:58)
	at org.junit.runners.ParentRunner$2.evaluate(ParentRunner.java:268)
	at org.springframework.test.context.junit4.statements.RunBeforeTestClassCallbacks.evaluate(RunBeforeTestClassCallbacks.java:61)
	at org.springframework.test.context.junit4.statements.RunAfterTestClassCallbacks.evaluate(RunAfterTestClassCallbacks.java:70)
	at org.junit.runners.ParentRunner.run(ParentRunner.java:363)
	at org.springframework.test.context.junit4.SpringJUnit4ClassRunner.run(SpringJUnit4ClassRunner.java:191)
	at org.apache.maven.surefire.junit4.JUnit4Provider.execute(JUnit4Provider.java:283)
	at org.apache.maven.surefire.junit4.JUnit4Provider.executeWithRerun(JUnit4Provider.java:173)
	at org.apache.maven.surefire.junit4.JUnit4Provider.executeTestSet(JUnit4Provider.java:153)
	at org.apache.maven.surefire.junit4.JUnit4Provider.invoke(JUnit4Provider.java:128)
	at org.apache.maven.surefire.booter.ForkedBooter.invokeProviderInSameClassLoader(ForkedBooter.java:203)
	at org.apache.maven.surefire.booter.ForkedBooter.runSuitesInProcess(ForkedBooter.java:155)
	at org.apache.maven.surefire.booter.ForkedBooter.main(ForkedBooter.java:103)
Caused by: java.lang.IllegalStateException: javax.websocket.server.ServerContainer not available
	at org.springframework.util.Assert.state(Assert.java:70)
	at org.springframework.web.socket.server.standard.ServerEndpointExporter.afterPropertiesSet(ServerEndpointExporter.java:102)
	at org.springframework.beans.factory.support.AbstractAutowireCapableBeanFactory.invokeInitMethods(AbstractAutowireCapableBeanFactory.java:1692)
	at org.springframework.beans.factory.support.AbstractAutowireCapableBeanFactory.initializeBean(AbstractAutowireCapableBeanFactory.java:1630)
	at org.springframework.beans.factory.support.AbstractAutowireCapableBeanFactory.doCreateBean(AbstractAutowireCapableBeanFactory.java:555)
	at org.springframework.beans.factory.support.AbstractAutowireCapableBeanFactory.createBean(AbstractAutowireCapableBeanFactory.java:483)
	at org.springframework.beans.factory.support.AbstractBeanFactory$1.getObject(AbstractBeanFactory.java:312)
	at org.springframework.beans.factory.support.DefaultSingletonBeanRegistry.getSingleton(DefaultSingletonBeanRegistry.java:230)
	at org.springframework.beans.factory.support.AbstractBeanFactory.doGetBean(AbstractBeanFactory.java:308)
	at org.springframework.beans.factory.support.AbstractBeanFactory.getBean(AbstractBeanFactory.java:197)
	at org.springframework.beans.factory.support.DefaultListableBeanFactory.preInstantiateSingletons(DefaultListableBeanFactory.java:761)
	at org.springframework.context.support.AbstractApplicationContext.finishBeanFactoryInitialization(AbstractApplicationContext.java:867)
	at org.springframework.context.support.AbstractApplicationContext.refresh(AbstractApplicationContext.java:543)
	at org.springframework.boot.SpringApplication.refresh(SpringApplication.java:693)
	at org.springframework.boot.SpringApplication.refreshContext(SpringApplication.java:360)
	at org.springframework.boot.SpringApplication.run(SpringApplication.java:303)
	at org.springframework.boot.test.context.SpringBootContextLoader.loadContext(SpringBootContextLoader.java:121)
	at org.springframework.test.context.cache.DefaultCacheAwareContextLoaderDelegate.loadContextInternal(DefaultCacheAwareContextLoaderDelegate.java:98)
	at org.springframework.test.context.cache.DefaultCacheAwareContextLoaderDelegate.loadContext(DefaultCacheAwareContextLoaderDelegate.java:116)
	at org.springframework.test.context.support.DefaultTestContext.getApplicationContext(DefaultTestContext.java:83)
	at org.springframework.test.context.web.ServletTestExecutionListener.setUpRequestContextIfNecessary(ServletTestExecutionListener.java:189)
	at org.springframework.test.context.web.ServletTestExecutionListener.prepareTestInstance(ServletTestExecutionListener.java:131)
	at org.springframework.test.context.TestContextManager.prepareTestInstance(TestContextManager.java:230)
	at org.springframework.test.context.junit4.SpringJUnit4ClassRunner.createTest(SpringJUnit4ClassRunner.java:228)
	at org.springframework.test.context.junit4.SpringJUnit4ClassRunner$1.runReflectiveCall(SpringJUnit4ClassRunner.java:287)
	at org.junit.internal.runners.model.ReflectiveCallable.run(ReflectiveCallable.java:12)
	at org.springframework.test.context.junit4.SpringJUnit4ClassRunner.methodBlock(SpringJUnit4ClassRunner.java:289)
	at org.springframework.test.context.junit4.SpringJUnit4ClassRunner.runChild(SpringJUnit4ClassRunner.java:247)
	at org.springframework.test.context.junit4.SpringJUnit4ClassRunner.runChild(SpringJUnit4ClassRunner.java:94)
	at org.junit.runners.ParentRunner$3.run(ParentRunner.java:290)
	at org.junit.runners.ParentRunner$1.schedule(ParentRunner.java:71)
	at org.junit.runners.ParentRunner.runChildren(ParentRunner.java:288)
	at org.junit.runners.ParentRunner.access$000(ParentRunner.java:58)
	at org.junit.runners.ParentRunner$2.evaluate(ParentRunner.java:268)
	at org.springframework.test.context.junit4.statements.RunBeforeTestClassCallbacks.evaluate(RunBeforeTestClassCallbacks.java:61)
	at org.springframework.test.context.junit4.statements.RunAfterTestClassCallbacks.evaluate(RunAfterTestClassCallbacks.java:70)
	at org.junit.runners.ParentRunner.run(ParentRunner.java:363)
	at org.springframework.test.context.junit4.SpringJUnit4ClassRunner.run(SpringJUnit4ClassRunner.java:191)
	at org.apache.maven.surefire.junit4.JUnit4Provider.execute(JUnit4Provider.java:283)
	at org.apache.maven.surefire.junit4.JUnit4Provider.executeWithRerun(JUnit4Provider.java:173)
	at org.apache.maven.surefire.junit4.JUnit4Provider.executeTestSet(JUnit4Provider.java:153)
	at org.apache.maven.surefire.junit4.JUnit4Provider.invoke(JUnit4Provider.java:128)
	at org.apache.maven.surefire.booter.ForkedBooter.invokeProviderInSameClassLoader(ForkedBooter.java:203)
	at org.apache.maven.surefire.booter.ForkedBooter.runSuitesInProcess(ForkedBooter.java:155)
	at org.apache.maven.surefire.booter.ForkedBooter.main(ForkedBooter.java:103)
</error>
    <system-out><![CDATA[17:01:36.292 [main] DEBUG org.springframework.test.context.junit4.SpringJUnit4ClassRunner - SpringJUnit4ClassRunner constructor called with [class com.beibei.bbmanage.BbmanageApplicationTests]
17:01:36.299 [main] DEBUG org.springframework.test.context.BootstrapUtils - Instantiating CacheAwareContextLoaderDelegate from class [org.springframework.test.context.cache.DefaultCacheAwareContextLoaderDelegate]
17:01:36.308 [main] DEBUG org.springframework.test.context.BootstrapUtils - Instantiating BootstrapContext using constructor [public org.springframework.test.context.support.DefaultBootstrapContext(java.lang.Class,org.springframework.test.context.CacheAwareContextLoaderDelegate)]
17:01:36.327 [main] DEBUG org.springframework.test.context.BootstrapUtils - Instantiating TestContextBootstrapper for test class [com.beibei.bbmanage.BbmanageApplicationTests] from class [org.springframework.boot.test.context.SpringBootTestContextBootstrapper]
17:01:36.348 [main] INFO org.springframework.boot.test.context.SpringBootTestContextBootstrapper - Neither @ContextConfiguration nor @ContextHierarchy found for test class [com.beibei.bbmanage.BbmanageApplicationTests], using SpringBootContextLoader
17:01:36.351 [main] DEBUG org.springframework.test.context.support.AbstractContextLoader - Did not detect default resource location for test class [com.beibei.bbmanage.BbmanageApplicationTests]: class path resource [com/beibei/bbmanage/BbmanageApplicationTests-context.xml] does not exist
17:01:36.352 [main] DEBUG org.springframework.test.context.support.AbstractContextLoader - Did not detect default resource location for test class [com.beibei.bbmanage.BbmanageApplicationTests]: class path resource [com/beibei/bbmanage/BbmanageApplicationTestsContext.groovy] does not exist
17:01:36.352 [main] INFO org.springframework.test.context.support.AbstractContextLoader - Could not detect default resource locations for test class [com.beibei.bbmanage.BbmanageApplicationTests]: no resource found for suffixes {-context.xml, Context.groovy}.
17:01:36.353 [main] INFO org.springframework.test.context.support.AnnotationConfigContextLoaderUtils - Could not detect default configuration classes for test class [com.beibei.bbmanage.BbmanageApplicationTests]: BbmanageApplicationTests does not declare any static, non-private, non-final, nested classes annotated with @Configuration.
17:01:36.395 [main] DEBUG org.springframework.test.context.support.ActiveProfilesUtils - Could not find an 'annotation declaring class' for annotation type [org.springframework.test.context.ActiveProfiles] and class [com.beibei.bbmanage.BbmanageApplicationTests]
17:01:36.404 [main] DEBUG org.springframework.core.env.StandardEnvironment - Adding PropertySource 'systemProperties' with lowest search precedence
17:01:36.405 [main] DEBUG org.springframework.core.env.StandardEnvironment - Adding PropertySource 'systemEnvironment' with lowest search precedence
17:01:36.406 [main] DEBUG org.springframework.core.env.StandardEnvironment - Initialized StandardEnvironment with PropertySources [MapPropertySource@640363654 {name='systemProperties', properties={idea.version=2018.1.4, java.runtime.name=Java(TM) SE Runtime Environment, sun.boot.library.path=/Library/Java/JavaVirtualMachines/jdk1.8.0_111.jdk/Contents/Home/jre/lib, java.vm.version=25.111-b14, gopherProxySet=false, java.vm.vendor=Oracle Corporation, java.vendor.url=http://java.oracle.com/, path.separator=:, java.vm.name=Java HotSpot(TM) 64-Bit Server VM, file.encoding.pkg=sun.io, user.country=CN, sun.java.launcher=SUN_STANDARD, sun.os.patch.level=unknown, java.vm.specification.name=Java Virtual Machine Specification, user.dir=/Users/haohao/Desktop/Mr Hao/WHJava/2.自己学习的demo/bbmanage, java.runtime.version=1.8.0_111-b14, basedir=/Users/haohao/Desktop/Mr Hao/WHJava/2.自己学习的demo/bbmanage, java.awt.graphicsenv=sun.awt.CGraphicsEnvironment, java.endorsed.dirs=/Library/Java/JavaVirtualMachines/jdk1.8.0_111.jdk/Contents/Home/jre/lib/endorsed, os.arch=x86_64, surefire.real.class.path=/Users/haohao/Desktop/Mr Hao/WHJava/2.自己学习的demo/bbmanage/target/surefire/surefirebooter6701324396916957564.jar, java.io.tmpdir=/var/folders/qs/x9wd415x40b_jc_wwsj65px80000gn/T/, line.separator=
, java.vm.specification.vendor=Oracle Corporation, os.name=Mac OS X, sun.jnu.encoding=UTF-8, java.library.path=/Users/haohao/Library/Java/Extensions:/Library/Java/Extensions:/Network/Library/Java/Extensions:/System/Library/Java/Extensions:/usr/lib/java:., surefire.test.class.path=/Users/haohao/Desktop/Mr Hao/WHJava/2.自己学习的demo/bbmanage/target/test-classes:/Users/haohao/Desktop/Mr Hao/WHJava/2.自己学习的demo/bbmanage/target/classes:/Users/haohao/.m2/repository/org/springframework/boot/spring-boot-starter-data-jpa/1.5.15.RELEASE/spring-boot-starter-data-jpa-1.5.15.RELEASE.jar:/Users/haohao/.m2/repository/org/springframework/boot/spring-boot-starter/1.5.15.RELEASE/spring-boot-starter-1.5.15.RELEASE.jar:/Users/haohao/.m2/repository/org/springframework/boot/spring-boot/1.5.15.RELEASE/spring-boot-1.5.15.RELEASE.jar:/Users/haohao/.m2/repository/org/springframework/boot/spring-boot-autoconfigure/1.5.15.RELEASE/spring-boot-autoconfigure-1.5.15.RELEASE.jar:/Users/haohao/.m2/repository/org/springframework/boot/spring-boot-starter-logging/1.5.15.RELEASE/spring-boot-starter-logging-1.5.15.RELEASE.jar:/Users/haohao/.m2/repository/ch/qos/logback/logback-classic/1.1.11/logback-classic-1.1.11.jar:/Users/haohao/.m2/repository/ch/qos/logback/logback-core/1.1.11/logback-core-1.1.11.jar:/Users/haohao/.m2/repository/org/slf4j/jul-to-slf4j/1.7.25/jul-to-slf4j-1.7.25.jar:/Users/haohao/.m2/repository/org/slf4j/log4j-over-slf4j/1.7.25/log4j-over-slf4j-1.7.25.jar:/Users/haohao/.m2/repository/org/yaml/snakeyaml/1.17/snakeyaml-1.17.jar:/Users/haohao/.m2/repository/org/springframework/boot/spring-boot-starter-aop/1.5.15.RELEASE/spring-boot-starter-aop-1.5.15.RELEASE.jar:/Users/haohao/.m2/repository/org/aspectj/aspectjweaver/1.8.13/aspectjweaver-1.8.13.jar:/Users/haohao/.m2/repository/org/hibernate/hibernate-core/5.0.12.Final/hibernate-core-5.0.12.Final.jar:/Users/haohao/.m2/repository/org/jboss/logging/jboss-logging/3.3.2.Final/jboss-logging-3.3.2.Final.jar:/Users/haohao/.m2/repository/org/hibernate/javax/persistence/hibernate-jpa-2.1-api/1.0.0.Final/hibernate-jpa-2.1-api-1.0.0.Final.jar:/Users/haohao/.m2/repository/org/javassist/javassist/3.21.0-GA/javassist-3.21.0-GA.jar:/Users/haohao/.m2/repository/antlr/antlr/2.7.7/antlr-2.7.7.jar:/Users/haohao/.m2/repository/org/jboss/jandex/2.0.0.Final/jandex-2.0.0.Final.jar:/Users/haohao/.m2/repository/org/hibernate/common/hibernate-commons-annotations/5.0.1.Final/hibernate-commons-annotations-5.0.1.Final.jar:/Users/haohao/.m2/repository/org/hibernate/hibernate-entitymanager/5.0.12.Final/hibernate-entitymanager-5.0.12.Final.jar:/Users/haohao/.m2/repository/javax/transaction/javax.transaction-api/1.2/javax.transaction-api-1.2.jar:/Users/haohao/.m2/repository/org/springframework/data/spring-data-jpa/1.11.14.RELEASE/spring-data-jpa-1.11.14.RELEASE.jar:/Users/haohao/.m2/repository/org/springframework/data/spring-data-commons/1.13.14.RELEASE/spring-data-commons-1.13.14.RELEASE.jar:/Users/haohao/.m2/repository/org/springframework/spring-orm/4.3.18.RELEASE/spring-orm-4.3.18.RELEASE.jar:/Users/haohao/.m2/repository/org/springframework/spring-context/4.3.18.RELEASE/spring-context-4.3.18.RELEASE.jar:/Users/haohao/.m2/repository/org/springframework/spring-tx/4.3.18.RELEASE/spring-tx-4.3.18.RELEASE.jar:/Users/haohao/.m2/repository/org/springframework/spring-beans/4.3.18.RELEASE/spring-beans-4.3.18.RELEASE.jar:/Users/haohao/.m2/repository/org/slf4j/slf4j-api/1.7.25/slf4j-api-1.7.25.jar:/Users/haohao/.m2/repository/org/slf4j/jcl-over-slf4j/1.7.25/jcl-over-slf4j-1.7.25.jar:/Users/haohao/.m2/repository/org/springframework/spring-aspects/4.3.18.RELEASE/spring-aspects-4.3.18.RELEASE.jar:/Users/haohao/.m2/repository/org/springframework/boot/spring-boot-starter-data-redis/1.5.15.RELEASE/spring-boot-starter-data-redis-1.5.15.RELEASE.jar:/Users/haohao/.m2/repository/org/springframework/data/spring-data-redis/1.8.14.RELEASE/spring-data-redis-1.8.14.RELEASE.jar:/Users/haohao/.m2/repository/org/springframework/data/spring-data-keyvalue/1.2.14.RELEASE/spring-data-keyvalue-1.2.14.RELEASE.jar:/Users/haohao/.m2/repository/org/springframework/spring-oxm/4.3.18.RELEASE/spring-oxm-4.3.18.RELEASE.jar:/Users/haohao/.m2/repository/org/springframework/spring-context-support/4.3.18.RELEASE/spring-context-support-4.3.18.RELEASE.jar:/Users/haohao/.m2/repository/redis/clients/jedis/2.9.0/jedis-2.9.0.jar:/Users/haohao/.m2/repository/org/apache/commons/commons-pool2/2.4.3/commons-pool2-2.4.3.jar:/Users/haohao/.m2/repository/org/springframework/boot/spring-boot-starter-jdbc/1.5.15.RELEASE/spring-boot-starter-jdbc-1.5.15.RELEASE.jar:/Users/haohao/.m2/repository/org/apache/tomcat/tomcat-jdbc/8.5.32/tomcat-jdbc-8.5.32.jar:/Users/haohao/.m2/repository/org/apache/tomcat/tomcat-juli/8.5.32/tomcat-juli-8.5.32.jar:/Users/haohao/.m2/repository/org/springframework/spring-jdbc/4.3.18.RELEASE/spring-jdbc-4.3.18.RELEASE.jar:/Users/haohao/.m2/repository/org/springframework/boot/spring-boot-starter-security/1.5.15.RELEASE/spring-boot-starter-security-1.5.15.RELEASE.jar:/Users/haohao/.m2/repository/org/springframework/spring-aop/4.3.18.RELEASE/spring-aop-4.3.18.RELEASE.jar:/Users/haohao/.m2/repository/org/springframework/security/spring-security-config/4.2.7.RELEASE/spring-security-config-4.2.7.RELEASE.jar:/Users/haohao/.m2/repository/org/springframework/security/spring-security-web/4.2.7.RELEASE/spring-security-web-4.2.7.RELEASE.jar:/Users/haohao/.m2/repository/org/springframework/spring-expression/4.3.18.RELEASE/spring-expression-4.3.18.RELEASE.jar:/Users/haohao/.m2/repository/org/springframework/boot/spring-boot-starter-thymeleaf/1.5.15.RELEASE/spring-boot-starter-thymeleaf-1.5.15.RELEASE.jar:/Users/haohao/.m2/repository/org/thymeleaf/thymeleaf-spring4/2.1.6.RELEASE/thymeleaf-spring4-2.1.6.RELEASE.jar:/Users/haohao/.m2/repository/org/thymeleaf/thymeleaf/2.1.6.RELEASE/thymeleaf-2.1.6.RELEASE.jar:/Users/haohao/.m2/repository/ognl/ognl/3.0.8/ognl-3.0.8.jar:/Users/haohao/.m2/repository/org/unbescape/unbescape/1.1.0.RELEASE/unbescape-1.1.0.RELEASE.jar:/Users/haohao/.m2/repository/nz/net/ultraq/thymeleaf/thymeleaf-layout-dialect/1.4.0/thymeleaf-layout-dialect-1.4.0.jar:/Users/haohao/.m2/repository/org/codehaus/groovy/groovy/2.4.15/groovy-2.4.15.jar:/Users/haohao/.m2/repository/org/springframework/boot/spring-boot-starter-web/1.5.15.RELEASE/spring-boot-starter-web-1.5.15.RELEASE.jar:/Users/haohao/.m2/repository/org/hibernate/hibernate-validator/5.3.6.Final/hibernate-validator-5.3.6.Final.jar:/Users/haohao/.m2/repository/javax/validation/validation-api/1.1.0.Final/validation-api-1.1.0.Final.jar:/Users/haohao/.m2/repository/com/fasterxml/classmate/1.3.4/classmate-1.3.4.jar:/Users/haohao/.m2/repository/com/fasterxml/jackson/core/jackson-databind/2.8.11.2/jackson-databind-2.8.11.2.jar:/Users/haohao/.m2/repository/com/fasterxml/jackson/core/jackson-annotations/2.8.0/jackson-annotations-2.8.0.jar:/Users/haohao/.m2/repository/com/fasterxml/jackson/core/jackson-core/2.8.11/jackson-core-2.8.11.jar:/Users/haohao/.m2/repository/org/springframework/spring-web/4.3.18.RELEASE/spring-web-4.3.18.RELEASE.jar:/Users/haohao/.m2/repository/org/springframework/spring-webmvc/4.3.18.RELEASE/spring-webmvc-4.3.18.RELEASE.jar:/Users/haohao/.m2/repository/org/springframework/boot/spring-boot-starter-tomcat/1.5.15.RELEASE/spring-boot-starter-tomcat-1.5.15.RELEASE.jar:/Users/haohao/.m2/repository/org/apache/tomcat/embed/tomcat-embed-core/8.5.32/tomcat-embed-core-8.5.32.jar:/Users/haohao/.m2/repository/org/apache/tomcat/tomcat-annotations-api/8.5.32/tomcat-annotations-api-8.5.32.jar:/Users/haohao/.m2/repository/org/apache/tomcat/embed/tomcat-embed-el/8.5.32/tomcat-embed-el-8.5.32.jar:/Users/haohao/.m2/repository/org/apache/tomcat/embed/tomcat-embed-websocket/8.5.32/tomcat-embed-websocket-8.5.32.jar:/Users/haohao/.m2/repository/mysql/mysql-connector-java/5.1.46/mysql-connector-java-5.1.46.jar:/Users/haohao/.m2/repository/org/springframework/boot/spring-boot-starter-test/1.5.15.RELEASE/spring-boot-starter-test-1.5.15.RELEASE.jar:/Users/haohao/.m2/repository/org/springframework/boot/spring-boot-test/1.5.15.RELEASE/spring-boot-test-1.5.15.RELEASE.jar:/Users/haohao/.m2/repository/org/springframework/boot/spring-boot-test-autoconfigure/1.5.15.RELEASE/spring-boot-test-autoconfigure-1.5.15.RELEASE.jar:/Users/haohao/.m2/repository/com/jayway/jsonpath/json-path/2.2.0/json-path-2.2.0.jar:/Users/haohao/.m2/repository/net/minidev/json-smart/2.2.1/json-smart-2.2.1.jar:/Users/haohao/.m2/repository/net/minidev/accessors-smart/1.1/accessors-smart-1.1.jar:/Users/haohao/.m2/repository/org/ow2/asm/asm/5.0.3/asm-5.0.3.jar:/Users/haohao/.m2/repository/junit/junit/4.12/junit-4.12.jar:/Users/haohao/.m2/repository/org/assertj/assertj-core/2.6.0/assertj-core-2.6.0.jar:/Users/haohao/.m2/repository/org/mockito/mockito-core/1.10.19/mockito-core-1.10.19.jar:/Users/haohao/.m2/repository/org/objenesis/objenesis/2.1/objenesis-2.1.jar:/Users/haohao/.m2/repository/org/hamcrest/hamcrest-core/1.3/hamcrest-core-1.3.jar:/Users/haohao/.m2/repository/org/hamcrest/hamcrest-library/1.3/hamcrest-library-1.3.jar:/Users/haohao/.m2/repository/org/skyscreamer/jsonassert/1.4.0/jsonassert-1.4.0.jar:/Users/haohao/.m2/repository/com/vaadin/external/google/android-json/0.0.20131108.vaadin1/android-json-0.0.20131108.vaadin1.jar:/Users/haohao/.m2/repository/org/springframework/spring-core/4.3.18.RELEASE/spring-core-4.3.18.RELEASE.jar:/Users/haohao/.m2/repository/org/springframework/spring-test/4.3.18.RELEASE/spring-test-4.3.18.RELEASE.jar:/Users/haohao/.m2/repository/org/springframework/security/spring-security-test/4.2.7.RELEASE/spring-security-test-4.2.7.RELEASE.jar:/Users/haohao/.m2/repository/org/springframework/security/spring-security-core/4.2.7.RELEASE/spring-security-core-4.2.7.RELEASE.jar:/Users/haohao/.m2/repository/aopalliance/aopalliance/1.0/aopalliance-1.0.jar:/Users/haohao/.m2/repository/com/alibaba/druid/1.1.10/druid-1.1.10.jar:/Users/haohao/.m2/repository/org/json/json/20140107/json-20140107.jar:/Users/haohao/.m2/repository/com/qiniu/qiniu-java-sdk/7.2.17/qiniu-java-sdk-7.2.17.jar:/Users/haohao/.m2/repository/com/squareup/okhttp3/okhttp/3.9.1/okhttp-3.9.1.jar:/Users/haohao/.m2/repository/com/squareup/okio/okio/1.13.0/okio-1.13.0.jar:/Users/haohao/.m2/repository/com/google/code/gson/gson/2.8.5/gson-2.8.5.jar:/Users/haohao/.m2/repository/org/springframework/boot/spring-boot-starter-activemq/1.4.3.RELEASE/spring-boot-starter-activemq-1.4.3.RELEASE.jar:/Users/haohao/.m2/repository/org/springframework/spring-jms/4.3.18.RELEASE/spring-jms-4.3.18.RELEASE.jar:/Users/haohao/.m2/repository/org/apache/activemq/activemq-broker/5.14.5/activemq-broker-5.14.5.jar:/Users/haohao/.m2/repository/org/apache/activemq/activemq-client/5.14.5/activemq-client-5.14.5.jar:/Users/haohao/.m2/repository/org/apache/geronimo/specs/geronimo-jms_1.1_spec/1.1.1/geronimo-jms_1.1_spec-1.1.1.jar:/Users/haohao/.m2/repository/org/fusesource/hawtbuf/hawtbuf/1.11/hawtbuf-1.11.jar:/Users/haohao/.m2/repository/org/apache/geronimo/specs/geronimo-j2ee-management_1.1_spec/1.0.1/geronimo-j2ee-management_1.1_spec-1.0.1.jar:/Users/haohao/.m2/repository/org/apache/activemq/activemq-openwire-legacy/5.14.5/activemq-openwire-legacy-5.14.5.jar:/Users/haohao/.m2/repository/org/apache/httpcomponents/httpclient/4.4.1/httpclient-4.4.1.jar:/Users/haohao/.m2/repository/org/apache/httpcomponents/httpcore/4.4.10/httpcore-4.4.10.jar:/Users/haohao/.m2/repository/commons-codec/commons-codec/1.10/commons-codec-1.10.jar:/Users/haohao/.m2/repository/com/alibaba/fastjson/1.2.15/fastjson-1.2.15.jar:/Users/haohao/.m2/repository/org/apache/poi/poi-ooxml/3.9/poi-ooxml-3.9.jar:/Users/haohao/.m2/repository/org/apache/poi/poi/3.9/poi-3.9.jar:/Users/haohao/.m2/repository/org/apache/poi/poi-ooxml-schemas/3.9/poi-ooxml-schemas-3.9.jar:/Users/haohao/.m2/repository/org/apache/xmlbeans/xmlbeans/2.3.0/xmlbeans-2.3.0.jar:/Users/haohao/.m2/repository/stax/stax-api/1.0.1/stax-api-1.0.1.jar:/Users/haohao/.m2/repository/dom4j/dom4j/1.6.1/dom4j-1.6.1.jar:/Users/haohao/.m2/repository/xml-apis/xml-apis/1.4.01/xml-apis-1.4.01.jar:/Users/haohao/.m2/repository/org/springframework/boot/spring-boot-starter-websocket/1.3.5.RELEASE/spring-boot-starter-websocket-1.3.5.RELEASE.jar:/Users/haohao/.m2/repository/org/springframework/spring-messaging/4.3.18.RELEASE/spring-messaging-4.3.18.RELEASE.jar:/Users/haohao/.m2/repository/org/springframework/spring-websocket/4.3.18.RELEASE/spring-websocket-4.3.18.RELEASE.jar:/Users/haohao/.m2/repository/org/bouncycastle/bcprov-ext-jdk16/1.46/bcprov-ext-jdk16-1.46.jar:, java.specification.name=Java Platform API Specification, java.class.version=52.0, sun.management.compiler=HotSpot 64-Bit Tiered Compilers, os.version=10.14.1, user.home=/Users/haohao, user.timezone=Asia/Shanghai, java.awt.printerjob=sun.lwawt.macosx.CPrinterJob, file.encoding=UTF-8, java.specification.version=1.8, java.class.path=/Users/haohao/Desktop/Mr Hao/WHJava/2.自己学习的demo/bbmanage/target/test-classes:/Users/haohao/Desktop/Mr Hao/WHJava/2.自己学习的demo/bbmanage/target/classes:/Users/haohao/.m2/repository/org/springframework/boot/spring-boot-starter-data-jpa/1.5.15.RELEASE/spring-boot-starter-data-jpa-1.5.15.RELEASE.jar:/Users/haohao/.m2/repository/org/springframework/boot/spring-boot-starter/1.5.15.RELEASE/spring-boot-starter-1.5.15.RELEASE.jar:/Users/haohao/.m2/repository/org/springframework/boot/spring-boot/1.5.15.RELEASE/spring-boot-1.5.15.RELEASE.jar:/Users/haohao/.m2/repository/org/springframework/boot/spring-boot-autoconfigure/1.5.15.RELEASE/spring-boot-autoconfigure-1.5.15.RELEASE.jar:/Users/haohao/.m2/repository/org/springframework/boot/spring-boot-starter-logging/1.5.15.RELEASE/spring-boot-starter-logging-1.5.15.RELEASE.jar:/Users/haohao/.m2/repository/ch/qos/logback/logback-classic/1.1.11/logback-classic-1.1.11.jar:/Users/haohao/.m2/repository/ch/qos/logback/logback-core/1.1.11/logback-core-1.1.11.jar:/Users/haohao/.m2/repository/org/slf4j/jul-to-slf4j/1.7.25/jul-to-slf4j-1.7.25.jar:/Users/haohao/.m2/repository/org/slf4j/log4j-over-slf4j/1.7.25/log4j-over-slf4j-1.7.25.jar:/Users/haohao/.m2/repository/org/yaml/snakeyaml/1.17/snakeyaml-1.17.jar:/Users/haohao/.m2/repository/org/springframework/boot/spring-boot-starter-aop/1.5.15.RELEASE/spring-boot-starter-aop-1.5.15.RELEASE.jar:/Users/haohao/.m2/repository/org/aspectj/aspectjweaver/1.8.13/aspectjweaver-1.8.13.jar:/Users/haohao/.m2/repository/org/hibernate/hibernate-core/5.0.12.Final/hibernate-core-5.0.12.Final.jar:/Users/haohao/.m2/repository/org/jboss/logging/jboss-logging/3.3.2.Final/jboss-logging-3.3.2.Final.jar:/Users/haohao/.m2/repository/org/hibernate/javax/persistence/hibernate-jpa-2.1-api/1.0.0.Final/hibernate-jpa-2.1-api-1.0.0.Final.jar:/Users/haohao/.m2/repository/org/javassist/javassist/3.21.0-GA/javassist-3.21.0-GA.jar:/Users/haohao/.m2/repository/antlr/antlr/2.7.7/antlr-2.7.7.jar:/Users/haohao/.m2/repository/org/jboss/jandex/2.0.0.Final/jandex-2.0.0.Final.jar:/Users/haohao/.m2/repository/org/hibernate/common/hibernate-commons-annotations/5.0.1.Final/hibernate-commons-annotations-5.0.1.Final.jar:/Users/haohao/.m2/repository/org/hibernate/hibernate-entitymanager/5.0.12.Final/hibernate-entitymanager-5.0.12.Final.jar:/Users/haohao/.m2/repository/javax/transaction/javax.transaction-api/1.2/javax.transaction-api-1.2.jar:/Users/haohao/.m2/repository/org/springframework/data/spring-data-jpa/1.11.14.RELEASE/spring-data-jpa-1.11.14.RELEASE.jar:/Users/haohao/.m2/repository/org/springframework/data/spring-data-commons/1.13.14.RELEASE/spring-data-commons-1.13.14.RELEASE.jar:/Users/haohao/.m2/repository/org/springframework/spring-orm/4.3.18.RELEASE/spring-orm-4.3.18.RELEASE.jar:/Users/haohao/.m2/repository/org/springframework/spring-context/4.3.18.RELEASE/spring-context-4.3.18.RELEASE.jar:/Users/haohao/.m2/repository/org/springframework/spring-tx/4.3.18.RELEASE/spring-tx-4.3.18.RELEASE.jar:/Users/haohao/.m2/repository/org/springframework/spring-beans/4.3.18.RELEASE/spring-beans-4.3.18.RELEASE.jar:/Users/haohao/.m2/repository/org/slf4j/slf4j-api/1.7.25/slf4j-api-1.7.25.jar:/Users/haohao/.m2/repository/org/slf4j/jcl-over-slf4j/1.7.25/jcl-over-slf4j-1.7.25.jar:/Users/haohao/.m2/repository/org/springframework/spring-aspects/4.3.18.RELEASE/spring-aspects-4.3.18.RELEASE.jar:/Users/haohao/.m2/repository/org/springframework/boot/spring-boot-starter-data-redis/1.5.15.RELEASE/spring-boot-starter-data-redis-1.5.15.RELEASE.jar:/Users/haohao/.m2/repository/org/springframework/data/spring-data-redis/1.8.14.RELEASE/spring-data-redis-1.8.14.RELEASE.jar:/Users/haohao/.m2/repository/org/springframework/data/spring-data-keyvalue/1.2.14.RELEASE/spring-data-keyvalue-1.2.14.RELEASE.jar:/Users/haohao/.m2/repository/org/springframework/spring-oxm/4.3.18.RELEASE/spring-oxm-4.3.18.RELEASE.jar:/Users/haohao/.m2/repository/org/springframework/spring-context-support/4.3.18.RELEASE/spring-context-support-4.3.18.RELEASE.jar:/Users/haohao/.m2/repository/redis/clients/jedis/2.9.0/jedis-2.9.0.jar:/Users/haohao/.m2/repository/org/apache/commons/commons-pool2/2.4.3/commons-pool2-2.4.3.jar:/Users/haohao/.m2/repository/org/springframework/boot/spring-boot-starter-jdbc/1.5.15.RELEASE/spring-boot-starter-jdbc-1.5.15.RELEASE.jar:/Users/haohao/.m2/repository/org/apache/tomcat/tomcat-jdbc/8.5.32/tomcat-jdbc-8.5.32.jar:/Users/haohao/.m2/repository/org/apache/tomcat/tomcat-juli/8.5.32/tomcat-juli-8.5.32.jar:/Users/haohao/.m2/repository/org/springframework/spring-jdbc/4.3.18.RELEASE/spring-jdbc-4.3.18.RELEASE.jar:/Users/haohao/.m2/repository/org/springframework/boot/spring-boot-starter-security/1.5.15.RELEASE/spring-boot-starter-security-1.5.15.RELEASE.jar:/Users/haohao/.m2/repository/org/springframework/spring-aop/4.3.18.RELEASE/spring-aop-4.3.18.RELEASE.jar:/Users/haohao/.m2/repository/org/springframework/security/spring-security-config/4.2.7.RELEASE/spring-security-config-4.2.7.RELEASE.jar:/Users/haohao/.m2/repository/org/springframework/security/spring-security-web/4.2.7.RELEASE/spring-security-web-4.2.7.RELEASE.jar:/Users/haohao/.m2/repository/org/springframework/spring-expression/4.3.18.RELEASE/spring-expression-4.3.18.RELEASE.jar:/Users/haohao/.m2/repository/org/springframework/boot/spring-boot-starter-thymeleaf/1.5.15.RELEASE/spring-boot-starter-thymeleaf-1.5.15.RELEASE.jar:/Users/haohao/.m2/repository/org/thymeleaf/thymeleaf-spring4/2.1.6.RELEASE/thymeleaf-spring4-2.1.6.RELEASE.jar:/Users/haohao/.m2/repository/org/thymeleaf/thymeleaf/2.1.6.RELEASE/thymeleaf-2.1.6.RELEASE.jar:/Users/haohao/.m2/repository/ognl/ognl/3.0.8/ognl-3.0.8.jar:/Users/haohao/.m2/repository/org/unbescape/unbescape/1.1.0.RELEASE/unbescape-1.1.0.RELEASE.jar:/Users/haohao/.m2/repository/nz/net/ultraq/thymeleaf/thymeleaf-layout-dialect/1.4.0/thymeleaf-layout-dialect-1.4.0.jar:/Users/haohao/.m2/repository/org/codehaus/groovy/groovy/2.4.15/groovy-2.4.15.jar:/Users/haohao/.m2/repository/org/springframework/boot/spring-boot-starter-web/1.5.15.RELEASE/spring-boot-starter-web-1.5.15.RELEASE.jar:/Users/haohao/.m2/repository/org/hibernate/hibernate-validator/5.3.6.Final/hibernate-validator-5.3.6.Final.jar:/Users/haohao/.m2/repository/javax/validation/validation-api/1.1.0.Final/validation-api-1.1.0.Final.jar:/Users/haohao/.m2/repository/com/fasterxml/classmate/1.3.4/classmate-1.3.4.jar:/Users/haohao/.m2/repository/com/fasterxml/jackson/core/jackson-databind/2.8.11.2/jackson-databind-2.8.11.2.jar:/Users/haohao/.m2/repository/com/fasterxml/jackson/core/jackson-annotations/2.8.0/jackson-annotations-2.8.0.jar:/Users/haohao/.m2/repository/com/fasterxml/jackson/core/jackson-core/2.8.11/jackson-core-2.8.11.jar:/Users/haohao/.m2/repository/org/springframework/spring-web/4.3.18.RELEASE/spring-web-4.3.18.RELEASE.jar:/Users/haohao/.m2/repository/org/springframework/spring-webmvc/4.3.18.RELEASE/spring-webmvc-4.3.18.RELEASE.jar:/Users/haohao/.m2/repository/org/springframework/boot/spring-boot-starter-tomcat/1.5.15.RELEASE/spring-boot-starter-tomcat-1.5.15.RELEASE.jar:/Users/haohao/.m2/repository/org/apache/tomcat/embed/tomcat-embed-core/8.5.32/tomcat-embed-core-8.5.32.jar:/Users/haohao/.m2/repository/org/apache/tomcat/tomcat-annotations-api/8.5.32/tomcat-annotations-api-8.5.32.jar:/Users/haohao/.m2/repository/org/apache/tomcat/embed/tomcat-embed-el/8.5.32/tomcat-embed-el-8.5.32.jar:/Users/haohao/.m2/repository/org/apache/tomcat/embed/tomcat-embed-websocket/8.5.32/tomcat-embed-websocket-8.5.32.jar:/Users/haohao/.m2/repository/mysql/mysql-connector-java/5.1.46/mysql-connector-java-5.1.46.jar:/Users/haohao/.m2/repository/org/springframework/boot/spring-boot-starter-test/1.5.15.RELEASE/spring-boot-starter-test-1.5.15.RELEASE.jar:/Users/haohao/.m2/repository/org/springframework/boot/spring-boot-test/1.5.15.RELEASE/spring-boot-test-1.5.15.RELEASE.jar:/Users/haohao/.m2/repository/org/springframework/boot/spring-boot-test-autoconfigure/1.5.15.RELEASE/spring-boot-test-autoconfigure-1.5.15.RELEASE.jar:/Users/haohao/.m2/repository/com/jayway/jsonpath/json-path/2.2.0/json-path-2.2.0.jar:/Users/haohao/.m2/repository/net/minidev/json-smart/2.2.1/json-smart-2.2.1.jar:/Users/haohao/.m2/repository/net/minidev/accessors-smart/1.1/accessors-smart-1.1.jar:/Users/haohao/.m2/repository/org/ow2/asm/asm/5.0.3/asm-5.0.3.jar:/Users/haohao/.m2/repository/junit/junit/4.12/junit-4.12.jar:/Users/haohao/.m2/repository/org/assertj/assertj-core/2.6.0/assertj-core-2.6.0.jar:/Users/haohao/.m2/repository/org/mockito/mockito-core/1.10.19/mockito-core-1.10.19.jar:/Users/haohao/.m2/repository/org/objenesis/objenesis/2.1/objenesis-2.1.jar:/Users/haohao/.m2/repository/org/hamcrest/hamcrest-core/1.3/hamcrest-core-1.3.jar:/Users/haohao/.m2/repository/org/hamcrest/hamcrest-library/1.3/hamcrest-library-1.3.jar:/Users/haohao/.m2/repository/org/skyscreamer/jsonassert/1.4.0/jsonassert-1.4.0.jar:/Users/haohao/.m2/repository/com/vaadin/external/google/android-json/0.0.20131108.vaadin1/android-json-0.0.20131108.vaadin1.jar:/Users/haohao/.m2/repository/org/springframework/spring-core/4.3.18.RELEASE/spring-core-4.3.18.RELEASE.jar:/Users/haohao/.m2/repository/org/springframework/spring-test/4.3.18.RELEASE/spring-test-4.3.18.RELEASE.jar:/Users/haohao/.m2/repository/org/springframework/security/spring-security-test/4.2.7.RELEASE/spring-security-test-4.2.7.RELEASE.jar:/Users/haohao/.m2/repository/org/springframework/security/spring-security-core/4.2.7.RELEASE/spring-security-core-4.2.7.RELEASE.jar:/Users/haohao/.m2/repository/aopalliance/aopalliance/1.0/aopalliance-1.0.jar:/Users/haohao/.m2/repository/com/alibaba/druid/1.1.10/druid-1.1.10.jar:/Users/haohao/.m2/repository/org/json/json/20140107/json-20140107.jar:/Users/haohao/.m2/repository/com/qiniu/qiniu-java-sdk/7.2.17/qiniu-java-sdk-7.2.17.jar:/Users/haohao/.m2/repository/com/squareup/okhttp3/okhttp/3.9.1/okhttp-3.9.1.jar:/Users/haohao/.m2/repository/com/squareup/okio/okio/1.13.0/okio-1.13.0.jar:/Users/haohao/.m2/repository/com/google/code/gson/gson/2.8.5/gson-2.8.5.jar:/Users/haohao/.m2/repository/org/springframework/boot/spring-boot-starter-activemq/1.4.3.RELEASE/spring-boot-starter-activemq-1.4.3.RELEASE.jar:/Users/haohao/.m2/repository/org/springframework/spring-jms/4.3.18.RELEASE/spring-jms-4.3.18.RELEASE.jar:/Users/haohao/.m2/repository/org/apache/activemq/activemq-broker/5.14.5/activemq-broker-5.14.5.jar:/Users/haohao/.m2/repository/org/apache/activemq/activemq-client/5.14.5/activemq-client-5.14.5.jar:/Users/haohao/.m2/repository/org/apache/geronimo/specs/geronimo-jms_1.1_spec/1.1.1/geronimo-jms_1.1_spec-1.1.1.jar:/Users/haohao/.m2/repository/org/fusesource/hawtbuf/hawtbuf/1.11/hawtbuf-1.11.jar:/Users/haohao/.m2/repository/org/apache/geronimo/specs/geronimo-j2ee-management_1.1_spec/1.0.1/geronimo-j2ee-management_1.1_spec-1.0.1.jar:/Users/haohao/.m2/repository/org/apache/activemq/activemq-openwire-legacy/5.14.5/activemq-openwire-legacy-5.14.5.jar:/Users/haohao/.m2/repository/org/apache/httpcomponents/httpclient/4.4.1/httpclient-4.4.1.jar:/Users/haohao/.m2/repository/org/apache/httpcomponents/httpcore/4.4.10/httpcore-4.4.10.jar:/Users/haohao/.m2/repository/commons-codec/commons-codec/1.10/commons-codec-1.10.jar:/Users/haohao/.m2/repository/com/alibaba/fastjson/1.2.15/fastjson-1.2.15.jar:/Users/haohao/.m2/repository/org/apache/poi/poi-ooxml/3.9/poi-ooxml-3.9.jar:/Users/haohao/.m2/repository/org/apache/poi/poi/3.9/poi-3.9.jar:/Users/haohao/.m2/repository/org/apache/poi/poi-ooxml-schemas/3.9/poi-ooxml-schemas-3.9.jar:/Users/haohao/.m2/repository/org/apache/xmlbeans/xmlbeans/2.3.0/xmlbeans-2.3.0.jar:/Users/haohao/.m2/repository/stax/stax-api/1.0.1/stax-api-1.0.1.jar:/Users/haohao/.m2/repository/dom4j/dom4j/1.6.1/dom4j-1.6.1.jar:/Users/haohao/.m2/repository/xml-apis/xml-apis/1.4.01/xml-apis-1.4.01.jar:/Users/haohao/.m2/repository/org/springframework/boot/spring-boot-starter-websocket/1.3.5.RELEASE/spring-boot-starter-websocket-1.3.5.RELEASE.jar:/Users/haohao/.m2/repository/org/springframework/spring-messaging/4.3.18.RELEASE/spring-messaging-4.3.18.RELEASE.jar:/Users/haohao/.m2/repository/org/springframework/spring-websocket/4.3.18.RELEASE/spring-websocket-4.3.18.RELEASE.jar:/Users/haohao/.m2/repository/org/bouncycastle/bcprov-ext-jdk16/1.46/bcprov-ext-jdk16-1.46.jar:, user.name=haohao, java.vm.specification.version=1.8, sun.java.command=/Users/haohao/Desktop/Mr Hao/WHJava/2.自己学习的demo/bbmanage/target/surefire/surefirebooter6701324396916957564.jar /Users/haohao/Desktop/Mr Hao/WHJava/2.自己学习的demo/bbmanage/target/surefire/surefire1257140220409075992tmp /Users/haohao/Desktop/Mr Hao/WHJava/2.自己学习的demo/bbmanage/target/surefire/surefire_02586412278692356119tmp, java.home=/Library/Java/JavaVirtualMachines/jdk1.8.0_111.jdk/Contents/Home/jre, sun.arch.data.model=64, user.language=zh, java.specification.vendor=Oracle Corporation, awt.toolkit=sun.lwawt.macosx.LWCToolkit, java.vm.info=mixed mode, java.version=1.8.0_111, java.ext.dirs=/Users/haohao/Library/Java/Extensions:/Library/Java/JavaVirtualMachines/jdk1.8.0_111.jdk/Contents/Home/jre/lib/ext:/Library/Java/Extensions:/Network/Library/Java/Extensions:/System/Library/Java/Extensions:/usr/lib/java, sun.boot.class.path=/Library/Java/JavaVirtualMachines/jdk1.8.0_111.jdk/Contents/Home/jre/lib/resources.jar:/Library/Java/JavaVirtualMachines/jdk1.8.0_111.jdk/Contents/Home/jre/lib/rt.jar:/Library/Java/JavaVirtualMachines/jdk1.8.0_111.jdk/Contents/Home/jre/lib/sunrsasign.jar:/Library/Java/JavaVirtualMachines/jdk1.8.0_111.jdk/Contents/Home/jre/lib/jsse.jar:/Library/Java/JavaVirtualMachines/jdk1.8.0_111.jdk/Contents/Home/jre/lib/jce.jar:/Library/Java/JavaVirtualMachines/jdk1.8.0_111.jdk/Contents/Home/jre/lib/charsets.jar:/Library/Java/JavaVirtualMachines/jdk1.8.0_111.jdk/Contents/Home/jre/lib/jfr.jar:/Library/Java/JavaVirtualMachines/jdk1.8.0_111.jdk/Contents/Home/jre/classes, java.vendor=Oracle Corporation, localRepository=/Users/haohao/.m2/repository, file.separator=/, java.vendor.url.bug=http://bugreport.sun.com/bugreport/, sun.io.unicode.encoding=UnicodeBig, sun.cpu.endian=little, sun.cpu.isalist=}}, SystemEnvironmentPropertySource@924477420 {name='systemEnvironment', properties={JAVA_MAIN_CLASS_85783=org.apache.maven.surefire.booter.ForkedBooter, PATH=/Users/haohao/Documents/apache-maven-3.5.3/bin:/Users/haohao/anaconda3/bin:/Library/Frameworks/Python.framework/Versions/3.6/bin:/Library/Frameworks/Python.framework/Versions/3.6/bin:/usr/local/bin:/usr/bin:/bin:/usr/sbin:/sbin:/Applications/VMware Fusion.app/Contents/Public, SHELL=/bin/bash, OLDPWD=/Users/haohao/Desktop/Mr Hao/WHJava/2.自己学习的demo/bbmanage, SECURITYSESSIONID=186a7, USER=haohao, JAVA_MAIN_CLASS_85778=org.codehaus.classworlds.Launcher, COMMAND_MODE=unix2003, TMPDIR=/var/folders/qs/x9wd415x40b_jc_wwsj65px80000gn/T/, SSH_AUTH_SOCK=/private/tmp/com.apple.launchd.GUhX9k43cT/Listeners, XPC_FLAGS=0x0, M2_HOME=/Users/haohao/Documents/apache-maven-3.5.3, __CF_USER_TEXT_ENCODING=0x1F5:0x19:0x34, Apple_PubSub_Socket_Render=/private/tmp/com.apple.launchd.BLqeQ81Ou5/Render, LOGNAME=haohao, LC_CTYPE=zh_CN.UTF-8, XPC_SERVICE_NAME=0, PWD=/Users/haohao/Desktop/Mr Hao/WHJava/2.自己学习的demo/bbmanage, HOME=/Users/haohao, SHLVL=1, _=/Library/Java/JavaVirtualMachines/jdk1.8.0_111.jdk/Contents/Home/jre/bin/java}}]
17:01:36.418 [main] DEBUG org.springframework.core.io.support.PathMatchingResourcePatternResolver - Resolved classpath location [com/beibei/bbmanage/] to resources [URL [file:/Users/haohao/Desktop/Mr%20Hao/WHJava/2.%e8%87%aa%e5%b7%b1%e5%ad%a6%e4%b9%a0%e7%9a%84demo/bbmanage/target/test-classes/com/beibei/bbmanage/], URL [file:/Users/haohao/Desktop/Mr%20Hao/WHJava/2.%e8%87%aa%e5%b7%b1%e5%ad%a6%e4%b9%a0%e7%9a%84demo/bbmanage/target/classes/com/beibei/bbmanage/]]
17:01:36.418 [main] DEBUG org.springframework.core.io.support.PathMatchingResourcePatternResolver - Looking for matching resources in directory tree [/Users/haohao/Desktop/Mr Hao/WHJava/2.自己学习的demo/bbmanage/target/test-classes/com/beibei/bbmanage]
17:01:36.418 [main] DEBUG org.springframework.core.io.support.PathMatchingResourcePatternResolver - Searching directory [/Users/haohao/Desktop/Mr Hao/WHJava/2.自己学习的demo/bbmanage/target/test-classes/com/beibei/bbmanage] for files matching pattern [/Users/haohao/Desktop/Mr Hao/WHJava/2.自己学习的demo/bbmanage/target/test-classes/com/beibei/bbmanage/*.class]
17:01:36.421 [main] DEBUG org.springframework.core.io.support.PathMatchingResourcePatternResolver - Looking for matching resources in directory tree [/Users/haohao/Desktop/Mr Hao/WHJava/2.自己学习的demo/bbmanage/target/classes/com/beibei/bbmanage]
17:01:36.421 [main] DEBUG org.springframework.core.io.support.PathMatchingResourcePatternResolver - Searching directory [/Users/haohao/Desktop/Mr Hao/WHJava/2.自己学习的demo/bbmanage/target/classes/com/beibei/bbmanage] for files matching pattern [/Users/haohao/Desktop/Mr Hao/WHJava/2.自己学习的demo/bbmanage/target/classes/com/beibei/bbmanage/*.class]
17:01:36.424 [main] DEBUG org.springframework.core.io.support.PathMatchingResourcePatternResolver - Resolved location pattern [classpath*:com/beibei/bbmanage/*.class] to resources [file [/Users/haohao/Desktop/Mr Hao/WHJava/2.自己学习的demo/bbmanage/target/test-classes/com/beibei/bbmanage/BbmanageApplicationTests.class], file [/Users/haohao/Desktop/Mr Hao/WHJava/2.自己学习的demo/bbmanage/target/classes/com/beibei/bbmanage/BbmanageApplication.class], file [/Users/haohao/Desktop/Mr Hao/WHJava/2.自己学习的demo/bbmanage/target/classes/com/beibei/bbmanage/ServletInitializer.class]]
17:01:36.471 [main] DEBUG org.springframework.context.annotation.ClassPathScanningCandidateComponentProvider - Identified candidate component class: file [/Users/haohao/Desktop/Mr Hao/WHJava/2.自己学习的demo/bbmanage/target/classes/com/beibei/bbmanage/BbmanageApplication.class]
17:01:36.473 [main] INFO org.springframework.boot.test.context.SpringBootTestContextBootstrapper - Found @SpringBootConfiguration com.beibei.bbmanage.BbmanageApplication for test class com.beibei.bbmanage.BbmanageApplicationTests
17:01:36.477 [main] DEBUG org.springframework.boot.test.context.SpringBootTestContextBootstrapper - @TestExecutionListeners is not present for class [com.beibei.bbmanage.BbmanageApplicationTests]: using defaults.
17:01:36.481 [main] INFO org.springframework.boot.test.context.SpringBootTestContextBootstrapper - Loaded default TestExecutionListener class names from location [META-INF/spring.factories]: [org.springframework.boot.test.mock.mockito.MockitoTestExecutionListener, org.springframework.boot.test.mock.mockito.ResetMocksTestExecutionListener, org.springframework.boot.test.autoconfigure.restdocs.RestDocsTestExecutionListener, org.springframework.boot.test.autoconfigure.web.client.MockRestServiceServerResetTestExecutionListener, org.springframework.boot.test.autoconfigure.web.servlet.MockMvcPrintOnlyOnFailureTestExecutionListener, org.springframework.boot.test.autoconfigure.web.servlet.WebDriverTestExecutionListener, org.springframework.test.context.web.ServletTestExecutionListener, org.springframework.test.context.support.DirtiesContextBeforeModesTestExecutionListener, org.springframework.test.context.support.DependencyInjectionTestExecutionListener, org.springframework.test.context.support.DirtiesContextTestExecutionListener, org.springframework.test.context.transaction.TransactionalTestExecutionListener, org.springframework.test.context.jdbc.SqlScriptsTestExecutionListener, org.springframework.security.test.context.support.WithSecurityContextTestExecutionListener]
17:01:36.506 [main] INFO org.springframework.boot.test.context.SpringBootTestContextBootstrapper - Using TestExecutionListeners: [org.springframework.test.context.web.ServletTestExecutionListener@1b083826, org.springframework.test.context.support.DirtiesContextBeforeModesTestExecutionListener@105fece7, org.springframework.boot.test.mock.mockito.MockitoTestExecutionListener@3ec300f1, org.springframework.boot.test.autoconfigure.SpringBootDependencyInjectionTestExecutionListener@482cd91f, org.springframework.test.context.support.DirtiesContextTestExecutionListener@123f1134, org.springframework.test.context.transaction.TransactionalTestExecutionListener@7d68ef40, org.springframework.test.context.jdbc.SqlScriptsTestExecutionListener@5b0abc94, org.springframework.security.test.context.support.WithSecurityContextTestExecutionListener@75c072cb, org.springframework.boot.test.mock.mockito.ResetMocksTestExecutionListener@1f1c7bf6, org.springframework.boot.test.autoconfigure.restdocs.RestDocsTestExecutionListener@25b485ba, org.springframework.boot.test.autoconfigure.web.client.MockRestServiceServerResetTestExecutionListener@2b546384, org.springframework.boot.test.autoconfigure.web.servlet.MockMvcPrintOnlyOnFailureTestExecutionListener@5d740a0f, org.springframework.boot.test.autoconfigure.web.servlet.WebDriverTestExecutionListener@214b199c]
17:01:36.509 [main] DEBUG org.springframework.test.annotation.ProfileValueUtils - Retrieved @ProfileValueSourceConfiguration [null] for test class [com.beibei.bbmanage.BbmanageApplicationTests]
17:01:36.510 [main] DEBUG org.springframework.test.annotation.ProfileValueUtils - Retrieved ProfileValueSource type [class org.springframework.test.annotation.SystemProfileValueSource] for class [com.beibei.bbmanage.BbmanageApplicationTests]
17:01:36.513 [main] DEBUG org.springframework.test.context.junit4.SpringJUnit4ClassRunner - SpringJUnit4ClassRunner constructor called with [class com.beibei.bbmanage.BbmanageApplicationTests]
17:01:36.513 [main] DEBUG org.springframework.test.context.BootstrapUtils - Instantiating CacheAwareContextLoaderDelegate from class [org.springframework.test.context.cache.DefaultCacheAwareContextLoaderDelegate]
17:01:36.513 [main] DEBUG org.springframework.test.context.BootstrapUtils - Instantiating BootstrapContext using constructor [public org.springframework.test.context.support.DefaultBootstrapContext(java.lang.Class,org.springframework.test.context.CacheAwareContextLoaderDelegate)]
17:01:36.514 [main] DEBUG org.springframework.test.context.BootstrapUtils - Instantiating TestContextBootstrapper for test class [com.beibei.bbmanage.BbmanageApplicationTests] from class [org.springframework.boot.test.context.SpringBootTestContextBootstrapper]
17:01:36.514 [main] INFO org.springframework.boot.test.context.SpringBootTestContextBootstrapper - Neither @ContextConfiguration nor @ContextHierarchy found for test class [com.beibei.bbmanage.BbmanageApplicationTests], using SpringBootContextLoader
17:01:36.515 [main] DEBUG org.springframework.test.context.support.AbstractContextLoader - Did not detect default resource location for test class [com.beibei.bbmanage.BbmanageApplicationTests]: class path resource [com/beibei/bbmanage/BbmanageApplicationTests-context.xml] does not exist
17:01:36.515 [main] DEBUG org.springframework.test.context.support.AbstractContextLoader - Did not detect default resource location for test class [com.beibei.bbmanage.BbmanageApplicationTests]: class path resource [com/beibei/bbmanage/BbmanageApplicationTestsContext.groovy] does not exist
17:01:36.515 [main] INFO org.springframework.test.context.support.AbstractContextLoader - Could not detect default resource locations for test class [com.beibei.bbmanage.BbmanageApplicationTests]: no resource found for suffixes {-context.xml, Context.groovy}.
17:01:36.515 [main] INFO org.springframework.test.context.support.AnnotationConfigContextLoaderUtils - Could not detect default configuration classes for test class [com.beibei.bbmanage.BbmanageApplicationTests]: BbmanageApplicationTests does not declare any static, non-private, non-final, nested classes annotated with @Configuration.
17:01:36.520 [main] DEBUG org.springframework.test.context.support.ActiveProfilesUtils - Could not find an 'annotation declaring class' for annotation type [org.springframework.test.context.ActiveProfiles] and class [com.beibei.bbmanage.BbmanageApplicationTests]
17:01:36.520 [main] DEBUG org.springframework.core.env.StandardEnvironment - Adding PropertySource 'systemProperties' with lowest search precedence
17:01:36.521 [main] DEBUG org.springframework.core.env.StandardEnvironment - Adding PropertySource 'systemEnvironment' with lowest search precedence
17:01:36.521 [main] DEBUG org.springframework.core.env.StandardEnvironment - Initialized StandardEnvironment with PropertySources [MapPropertySource@973576304 {name='systemProperties', properties={idea.version=2018.1.4, java.runtime.name=Java(TM) SE Runtime Environment, sun.boot.library.path=/Library/Java/JavaVirtualMachines/jdk1.8.0_111.jdk/Contents/Home/jre/lib, java.vm.version=25.111-b14, gopherProxySet=false, java.vm.vendor=Oracle Corporation, java.vendor.url=http://java.oracle.com/, path.separator=:, java.vm.name=Java HotSpot(TM) 64-Bit Server VM, file.encoding.pkg=sun.io, user.country=CN, sun.java.launcher=SUN_STANDARD, sun.os.patch.level=unknown, java.vm.specification.name=Java Virtual Machine Specification, user.dir=/Users/haohao/Desktop/Mr Hao/WHJava/2.自己学习的demo/bbmanage, java.runtime.version=1.8.0_111-b14, basedir=/Users/haohao/Desktop/Mr Hao/WHJava/2.自己学习的demo/bbmanage, java.awt.graphicsenv=sun.awt.CGraphicsEnvironment, java.endorsed.dirs=/Library/Java/JavaVirtualMachines/jdk1.8.0_111.jdk/Contents/Home/jre/lib/endorsed, os.arch=x86_64, surefire.real.class.path=/Users/haohao/Desktop/Mr Hao/WHJava/2.自己学习的demo/bbmanage/target/surefire/surefirebooter6701324396916957564.jar, java.io.tmpdir=/var/folders/qs/x9wd415x40b_jc_wwsj65px80000gn/T/, line.separator=
, java.vm.specification.vendor=Oracle Corporation, os.name=Mac OS X, sun.jnu.encoding=UTF-8, java.library.path=/Users/haohao/Library/Java/Extensions:/Library/Java/Extensions:/Network/Library/Java/Extensions:/System/Library/Java/Extensions:/usr/lib/java:., surefire.test.class.path=/Users/haohao/Desktop/Mr Hao/WHJava/2.自己学习的demo/bbmanage/target/test-classes:/Users/haohao/Desktop/Mr Hao/WHJava/2.自己学习的demo/bbmanage/target/classes:/Users/haohao/.m2/repository/org/springframework/boot/spring-boot-starter-data-jpa/1.5.15.RELEASE/spring-boot-starter-data-jpa-1.5.15.RELEASE.jar:/Users/haohao/.m2/repository/org/springframework/boot/spring-boot-starter/1.5.15.RELEASE/spring-boot-starter-1.5.15.RELEASE.jar:/Users/haohao/.m2/repository/org/springframework/boot/spring-boot/1.5.15.RELEASE/spring-boot-1.5.15.RELEASE.jar:/Users/haohao/.m2/repository/org/springframework/boot/spring-boot-autoconfigure/1.5.15.RELEASE/spring-boot-autoconfigure-1.5.15.RELEASE.jar:/Users/haohao/.m2/repository/org/springframework/boot/spring-boot-starter-logging/1.5.15.RELEASE/spring-boot-starter-logging-1.5.15.RELEASE.jar:/Users/haohao/.m2/repository/ch/qos/logback/logback-classic/1.1.11/logback-classic-1.1.11.jar:/Users/haohao/.m2/repository/ch/qos/logback/logback-core/1.1.11/logback-core-1.1.11.jar:/Users/haohao/.m2/repository/org/slf4j/jul-to-slf4j/1.7.25/jul-to-slf4j-1.7.25.jar:/Users/haohao/.m2/repository/org/slf4j/log4j-over-slf4j/1.7.25/log4j-over-slf4j-1.7.25.jar:/Users/haohao/.m2/repository/org/yaml/snakeyaml/1.17/snakeyaml-1.17.jar:/Users/haohao/.m2/repository/org/springframework/boot/spring-boot-starter-aop/1.5.15.RELEASE/spring-boot-starter-aop-1.5.15.RELEASE.jar:/Users/haohao/.m2/repository/org/aspectj/aspectjweaver/1.8.13/aspectjweaver-1.8.13.jar:/Users/haohao/.m2/repository/org/hibernate/hibernate-core/5.0.12.Final/hibernate-core-5.0.12.Final.jar:/Users/haohao/.m2/repository/org/jboss/logging/jboss-logging/3.3.2.Final/jboss-logging-3.3.2.Final.jar:/Users/haohao/.m2/repository/org/hibernate/javax/persistence/hibernate-jpa-2.1-api/1.0.0.Final/hibernate-jpa-2.1-api-1.0.0.Final.jar:/Users/haohao/.m2/repository/org/javassist/javassist/3.21.0-GA/javassist-3.21.0-GA.jar:/Users/haohao/.m2/repository/antlr/antlr/2.7.7/antlr-2.7.7.jar:/Users/haohao/.m2/repository/org/jboss/jandex/2.0.0.Final/jandex-2.0.0.Final.jar:/Users/haohao/.m2/repository/org/hibernate/common/hibernate-commons-annotations/5.0.1.Final/hibernate-commons-annotations-5.0.1.Final.jar:/Users/haohao/.m2/repository/org/hibernate/hibernate-entitymanager/5.0.12.Final/hibernate-entitymanager-5.0.12.Final.jar:/Users/haohao/.m2/repository/javax/transaction/javax.transaction-api/1.2/javax.transaction-api-1.2.jar:/Users/haohao/.m2/repository/org/springframework/data/spring-data-jpa/1.11.14.RELEASE/spring-data-jpa-1.11.14.RELEASE.jar:/Users/haohao/.m2/repository/org/springframework/data/spring-data-commons/1.13.14.RELEASE/spring-data-commons-1.13.14.RELEASE.jar:/Users/haohao/.m2/repository/org/springframework/spring-orm/4.3.18.RELEASE/spring-orm-4.3.18.RELEASE.jar:/Users/haohao/.m2/repository/org/springframework/spring-context/4.3.18.RELEASE/spring-context-4.3.18.RELEASE.jar:/Users/haohao/.m2/repository/org/springframework/spring-tx/4.3.18.RELEASE/spring-tx-4.3.18.RELEASE.jar:/Users/haohao/.m2/repository/org/springframework/spring-beans/4.3.18.RELEASE/spring-beans-4.3.18.RELEASE.jar:/Users/haohao/.m2/repository/org/slf4j/slf4j-api/1.7.25/slf4j-api-1.7.25.jar:/Users/haohao/.m2/repository/org/slf4j/jcl-over-slf4j/1.7.25/jcl-over-slf4j-1.7.25.jar:/Users/haohao/.m2/repository/org/springframework/spring-aspects/4.3.18.RELEASE/spring-aspects-4.3.18.RELEASE.jar:/Users/haohao/.m2/repository/org/springframework/boot/spring-boot-starter-data-redis/1.5.15.RELEASE/spring-boot-starter-data-redis-1.5.15.RELEASE.jar:/Users/haohao/.m2/repository/org/springframework/data/spring-data-redis/1.8.14.RELEASE/spring-data-redis-1.8.14.RELEASE.jar:/Users/haohao/.m2/repository/org/springframework/data/spring-data-keyvalue/1.2.14.RELEASE/spring-data-keyvalue-1.2.14.RELEASE.jar:/Users/haohao/.m2/repository/org/springframework/spring-oxm/4.3.18.RELEASE/spring-oxm-4.3.18.RELEASE.jar:/Users/haohao/.m2/repository/org/springframework/spring-context-support/4.3.18.RELEASE/spring-context-support-4.3.18.RELEASE.jar:/Users/haohao/.m2/repository/redis/clients/jedis/2.9.0/jedis-2.9.0.jar:/Users/haohao/.m2/repository/org/apache/commons/commons-pool2/2.4.3/commons-pool2-2.4.3.jar:/Users/haohao/.m2/repository/org/springframework/boot/spring-boot-starter-jdbc/1.5.15.RELEASE/spring-boot-starter-jdbc-1.5.15.RELEASE.jar:/Users/haohao/.m2/repository/org/apache/tomcat/tomcat-jdbc/8.5.32/tomcat-jdbc-8.5.32.jar:/Users/haohao/.m2/repository/org/apache/tomcat/tomcat-juli/8.5.32/tomcat-juli-8.5.32.jar:/Users/haohao/.m2/repository/org/springframework/spring-jdbc/4.3.18.RELEASE/spring-jdbc-4.3.18.RELEASE.jar:/Users/haohao/.m2/repository/org/springframework/boot/spring-boot-starter-security/1.5.15.RELEASE/spring-boot-starter-security-1.5.15.RELEASE.jar:/Users/haohao/.m2/repository/org/springframework/spring-aop/4.3.18.RELEASE/spring-aop-4.3.18.RELEASE.jar:/Users/haohao/.m2/repository/org/springframework/security/spring-security-config/4.2.7.RELEASE/spring-security-config-4.2.7.RELEASE.jar:/Users/haohao/.m2/repository/org/springframework/security/spring-security-web/4.2.7.RELEASE/spring-security-web-4.2.7.RELEASE.jar:/Users/haohao/.m2/repository/org/springframework/spring-expression/4.3.18.RELEASE/spring-expression-4.3.18.RELEASE.jar:/Users/haohao/.m2/repository/org/springframework/boot/spring-boot-starter-thymeleaf/1.5.15.RELEASE/spring-boot-starter-thymeleaf-1.5.15.RELEASE.jar:/Users/haohao/.m2/repository/org/thymeleaf/thymeleaf-spring4/2.1.6.RELEASE/thymeleaf-spring4-2.1.6.RELEASE.jar:/Users/haohao/.m2/repository/org/thymeleaf/thymeleaf/2.1.6.RELEASE/thymeleaf-2.1.6.RELEASE.jar:/Users/haohao/.m2/repository/ognl/ognl/3.0.8/ognl-3.0.8.jar:/Users/haohao/.m2/repository/org/unbescape/unbescape/1.1.0.RELEASE/unbescape-1.1.0.RELEASE.jar:/Users/haohao/.m2/repository/nz/net/ultraq/thymeleaf/thymeleaf-layout-dialect/1.4.0/thymeleaf-layout-dialect-1.4.0.jar:/Users/haohao/.m2/repository/org/codehaus/groovy/groovy/2.4.15/groovy-2.4.15.jar:/Users/haohao/.m2/repository/org/springframework/boot/spring-boot-starter-web/1.5.15.RELEASE/spring-boot-starter-web-1.5.15.RELEASE.jar:/Users/haohao/.m2/repository/org/hibernate/hibernate-validator/5.3.6.Final/hibernate-validator-5.3.6.Final.jar:/Users/haohao/.m2/repository/javax/validation/validation-api/1.1.0.Final/validation-api-1.1.0.Final.jar:/Users/haohao/.m2/repository/com/fasterxml/classmate/1.3.4/classmate-1.3.4.jar:/Users/haohao/.m2/repository/com/fasterxml/jackson/core/jackson-databind/2.8.11.2/jackson-databind-2.8.11.2.jar:/Users/haohao/.m2/repository/com/fasterxml/jackson/core/jackson-annotations/2.8.0/jackson-annotations-2.8.0.jar:/Users/haohao/.m2/repository/com/fasterxml/jackson/core/jackson-core/2.8.11/jackson-core-2.8.11.jar:/Users/haohao/.m2/repository/org/springframework/spring-web/4.3.18.RELEASE/spring-web-4.3.18.RELEASE.jar:/Users/haohao/.m2/repository/org/springframework/spring-webmvc/4.3.18.RELEASE/spring-webmvc-4.3.18.RELEASE.jar:/Users/haohao/.m2/repository/org/springframework/boot/spring-boot-starter-tomcat/1.5.15.RELEASE/spring-boot-starter-tomcat-1.5.15.RELEASE.jar:/Users/haohao/.m2/repository/org/apache/tomcat/embed/tomcat-embed-core/8.5.32/tomcat-embed-core-8.5.32.jar:/Users/haohao/.m2/repository/org/apache/tomcat/tomcat-annotations-api/8.5.32/tomcat-annotations-api-8.5.32.jar:/Users/haohao/.m2/repository/org/apache/tomcat/embed/tomcat-embed-el/8.5.32/tomcat-embed-el-8.5.32.jar:/Users/haohao/.m2/repository/org/apache/tomcat/embed/tomcat-embed-websocket/8.5.32/tomcat-embed-websocket-8.5.32.jar:/Users/haohao/.m2/repository/mysql/mysql-connector-java/5.1.46/mysql-connector-java-5.1.46.jar:/Users/haohao/.m2/repository/org/springframework/boot/spring-boot-starter-test/1.5.15.RELEASE/spring-boot-starter-test-1.5.15.RELEASE.jar:/Users/haohao/.m2/repository/org/springframework/boot/spring-boot-test/1.5.15.RELEASE/spring-boot-test-1.5.15.RELEASE.jar:/Users/haohao/.m2/repository/org/springframework/boot/spring-boot-test-autoconfigure/1.5.15.RELEASE/spring-boot-test-autoconfigure-1.5.15.RELEASE.jar:/Users/haohao/.m2/repository/com/jayway/jsonpath/json-path/2.2.0/json-path-2.2.0.jar:/Users/haohao/.m2/repository/net/minidev/json-smart/2.2.1/json-smart-2.2.1.jar:/Users/haohao/.m2/repository/net/minidev/accessors-smart/1.1/accessors-smart-1.1.jar:/Users/haohao/.m2/repository/org/ow2/asm/asm/5.0.3/asm-5.0.3.jar:/Users/haohao/.m2/repository/junit/junit/4.12/junit-4.12.jar:/Users/haohao/.m2/repository/org/assertj/assertj-core/2.6.0/assertj-core-2.6.0.jar:/Users/haohao/.m2/repository/org/mockito/mockito-core/1.10.19/mockito-core-1.10.19.jar:/Users/haohao/.m2/repository/org/objenesis/objenesis/2.1/objenesis-2.1.jar:/Users/haohao/.m2/repository/org/hamcrest/hamcrest-core/1.3/hamcrest-core-1.3.jar:/Users/haohao/.m2/repository/org/hamcrest/hamcrest-library/1.3/hamcrest-library-1.3.jar:/Users/haohao/.m2/repository/org/skyscreamer/jsonassert/1.4.0/jsonassert-1.4.0.jar:/Users/haohao/.m2/repository/com/vaadin/external/google/android-json/0.0.20131108.vaadin1/android-json-0.0.20131108.vaadin1.jar:/Users/haohao/.m2/repository/org/springframework/spring-core/4.3.18.RELEASE/spring-core-4.3.18.RELEASE.jar:/Users/haohao/.m2/repository/org/springframework/spring-test/4.3.18.RELEASE/spring-test-4.3.18.RELEASE.jar:/Users/haohao/.m2/repository/org/springframework/security/spring-security-test/4.2.7.RELEASE/spring-security-test-4.2.7.RELEASE.jar:/Users/haohao/.m2/repository/org/springframework/security/spring-security-core/4.2.7.RELEASE/spring-security-core-4.2.7.RELEASE.jar:/Users/haohao/.m2/repository/aopalliance/aopalliance/1.0/aopalliance-1.0.jar:/Users/haohao/.m2/repository/com/alibaba/druid/1.1.10/druid-1.1.10.jar:/Users/haohao/.m2/repository/org/json/json/20140107/json-20140107.jar:/Users/haohao/.m2/repository/com/qiniu/qiniu-java-sdk/7.2.17/qiniu-java-sdk-7.2.17.jar:/Users/haohao/.m2/repository/com/squareup/okhttp3/okhttp/3.9.1/okhttp-3.9.1.jar:/Users/haohao/.m2/repository/com/squareup/okio/okio/1.13.0/okio-1.13.0.jar:/Users/haohao/.m2/repository/com/google/code/gson/gson/2.8.5/gson-2.8.5.jar:/Users/haohao/.m2/repository/org/springframework/boot/spring-boot-starter-activemq/1.4.3.RELEASE/spring-boot-starter-activemq-1.4.3.RELEASE.jar:/Users/haohao/.m2/repository/org/springframework/spring-jms/4.3.18.RELEASE/spring-jms-4.3.18.RELEASE.jar:/Users/haohao/.m2/repository/org/apache/activemq/activemq-broker/5.14.5/activemq-broker-5.14.5.jar:/Users/haohao/.m2/repository/org/apache/activemq/activemq-client/5.14.5/activemq-client-5.14.5.jar:/Users/haohao/.m2/repository/org/apache/geronimo/specs/geronimo-jms_1.1_spec/1.1.1/geronimo-jms_1.1_spec-1.1.1.jar:/Users/haohao/.m2/repository/org/fusesource/hawtbuf/hawtbuf/1.11/hawtbuf-1.11.jar:/Users/haohao/.m2/repository/org/apache/geronimo/specs/geronimo-j2ee-management_1.1_spec/1.0.1/geronimo-j2ee-management_1.1_spec-1.0.1.jar:/Users/haohao/.m2/repository/org/apache/activemq/activemq-openwire-legacy/5.14.5/activemq-openwire-legacy-5.14.5.jar:/Users/haohao/.m2/repository/org/apache/httpcomponents/httpclient/4.4.1/httpclient-4.4.1.jar:/Users/haohao/.m2/repository/org/apache/httpcomponents/httpcore/4.4.10/httpcore-4.4.10.jar:/Users/haohao/.m2/repository/commons-codec/commons-codec/1.10/commons-codec-1.10.jar:/Users/haohao/.m2/repository/com/alibaba/fastjson/1.2.15/fastjson-1.2.15.jar:/Users/haohao/.m2/repository/org/apache/poi/poi-ooxml/3.9/poi-ooxml-3.9.jar:/Users/haohao/.m2/repository/org/apache/poi/poi/3.9/poi-3.9.jar:/Users/haohao/.m2/repository/org/apache/poi/poi-ooxml-schemas/3.9/poi-ooxml-schemas-3.9.jar:/Users/haohao/.m2/repository/org/apache/xmlbeans/xmlbeans/2.3.0/xmlbeans-2.3.0.jar:/Users/haohao/.m2/repository/stax/stax-api/1.0.1/stax-api-1.0.1.jar:/Users/haohao/.m2/repository/dom4j/dom4j/1.6.1/dom4j-1.6.1.jar:/Users/haohao/.m2/repository/xml-apis/xml-apis/1.4.01/xml-apis-1.4.01.jar:/Users/haohao/.m2/repository/org/springframework/boot/spring-boot-starter-websocket/1.3.5.RELEASE/spring-boot-starter-websocket-1.3.5.RELEASE.jar:/Users/haohao/.m2/repository/org/springframework/spring-messaging/4.3.18.RELEASE/spring-messaging-4.3.18.RELEASE.jar:/Users/haohao/.m2/repository/org/springframework/spring-websocket/4.3.18.RELEASE/spring-websocket-4.3.18.RELEASE.jar:/Users/haohao/.m2/repository/org/bouncycastle/bcprov-ext-jdk16/1.46/bcprov-ext-jdk16-1.46.jar:, java.specification.name=Java Platform API Specification, java.class.version=52.0, sun.management.compiler=HotSpot 64-Bit Tiered Compilers, os.version=10.14.1, user.home=/Users/haohao, user.timezone=Asia/Shanghai, java.awt.printerjob=sun.lwawt.macosx.CPrinterJob, file.encoding=UTF-8, java.specification.version=1.8, java.class.path=/Users/haohao/Desktop/Mr Hao/WHJava/2.自己学习的demo/bbmanage/target/test-classes:/Users/haohao/Desktop/Mr Hao/WHJava/2.自己学习的demo/bbmanage/target/classes:/Users/haohao/.m2/repository/org/springframework/boot/spring-boot-starter-data-jpa/1.5.15.RELEASE/spring-boot-starter-data-jpa-1.5.15.RELEASE.jar:/Users/haohao/.m2/repository/org/springframework/boot/spring-boot-starter/1.5.15.RELEASE/spring-boot-starter-1.5.15.RELEASE.jar:/Users/haohao/.m2/repository/org/springframework/boot/spring-boot/1.5.15.RELEASE/spring-boot-1.5.15.RELEASE.jar:/Users/haohao/.m2/repository/org/springframework/boot/spring-boot-autoconfigure/1.5.15.RELEASE/spring-boot-autoconfigure-1.5.15.RELEASE.jar:/Users/haohao/.m2/repository/org/springframework/boot/spring-boot-starter-logging/1.5.15.RELEASE/spring-boot-starter-logging-1.5.15.RELEASE.jar:/Users/haohao/.m2/repository/ch/qos/logback/logback-classic/1.1.11/logback-classic-1.1.11.jar:/Users/haohao/.m2/repository/ch/qos/logback/logback-core/1.1.11/logback-core-1.1.11.jar:/Users/haohao/.m2/repository/org/slf4j/jul-to-slf4j/1.7.25/jul-to-slf4j-1.7.25.jar:/Users/haohao/.m2/repository/org/slf4j/log4j-over-slf4j/1.7.25/log4j-over-slf4j-1.7.25.jar:/Users/haohao/.m2/repository/org/yaml/snakeyaml/1.17/snakeyaml-1.17.jar:/Users/haohao/.m2/repository/org/springframework/boot/spring-boot-starter-aop/1.5.15.RELEASE/spring-boot-starter-aop-1.5.15.RELEASE.jar:/Users/haohao/.m2/repository/org/aspectj/aspectjweaver/1.8.13/aspectjweaver-1.8.13.jar:/Users/haohao/.m2/repository/org/hibernate/hibernate-core/5.0.12.Final/hibernate-core-5.0.12.Final.jar:/Users/haohao/.m2/repository/org/jboss/logging/jboss-logging/3.3.2.Final/jboss-logging-3.3.2.Final.jar:/Users/haohao/.m2/repository/org/hibernate/javax/persistence/hibernate-jpa-2.1-api/1.0.0.Final/hibernate-jpa-2.1-api-1.0.0.Final.jar:/Users/haohao/.m2/repository/org/javassist/javassist/3.21.0-GA/javassist-3.21.0-GA.jar:/Users/haohao/.m2/repository/antlr/antlr/2.7.7/antlr-2.7.7.jar:/Users/haohao/.m2/repository/org/jboss/jandex/2.0.0.Final/jandex-2.0.0.Final.jar:/Users/haohao/.m2/repository/org/hibernate/common/hibernate-commons-annotations/5.0.1.Final/hibernate-commons-annotations-5.0.1.Final.jar:/Users/haohao/.m2/repository/org/hibernate/hibernate-entitymanager/5.0.12.Final/hibernate-entitymanager-5.0.12.Final.jar:/Users/haohao/.m2/repository/javax/transaction/javax.transaction-api/1.2/javax.transaction-api-1.2.jar:/Users/haohao/.m2/repository/org/springframework/data/spring-data-jpa/1.11.14.RELEASE/spring-data-jpa-1.11.14.RELEASE.jar:/Users/haohao/.m2/repository/org/springframework/data/spring-data-commons/1.13.14.RELEASE/spring-data-commons-1.13.14.RELEASE.jar:/Users/haohao/.m2/repository/org/springframework/spring-orm/4.3.18.RELEASE/spring-orm-4.3.18.RELEASE.jar:/Users/haohao/.m2/repository/org/springframework/spring-context/4.3.18.RELEASE/spring-context-4.3.18.RELEASE.jar:/Users/haohao/.m2/repository/org/springframework/spring-tx/4.3.18.RELEASE/spring-tx-4.3.18.RELEASE.jar:/Users/haohao/.m2/repository/org/springframework/spring-beans/4.3.18.RELEASE/spring-beans-4.3.18.RELEASE.jar:/Users/haohao/.m2/repository/org/slf4j/slf4j-api/1.7.25/slf4j-api-1.7.25.jar:/Users/haohao/.m2/repository/org/slf4j/jcl-over-slf4j/1.7.25/jcl-over-slf4j-1.7.25.jar:/Users/haohao/.m2/repository/org/springframework/spring-aspects/4.3.18.RELEASE/spring-aspects-4.3.18.RELEASE.jar:/Users/haohao/.m2/repository/org/springframework/boot/spring-boot-starter-data-redis/1.5.15.RELEASE/spring-boot-starter-data-redis-1.5.15.RELEASE.jar:/Users/haohao/.m2/repository/org/springframework/data/spring-data-redis/1.8.14.RELEASE/spring-data-redis-1.8.14.RELEASE.jar:/Users/haohao/.m2/repository/org/springframework/data/spring-data-keyvalue/1.2.14.RELEASE/spring-data-keyvalue-1.2.14.RELEASE.jar:/Users/haohao/.m2/repository/org/springframework/spring-oxm/4.3.18.RELEASE/spring-oxm-4.3.18.RELEASE.jar:/Users/haohao/.m2/repository/org/springframework/spring-context-support/4.3.18.RELEASE/spring-context-support-4.3.18.RELEASE.jar:/Users/haohao/.m2/repository/redis/clients/jedis/2.9.0/jedis-2.9.0.jar:/Users/haohao/.m2/repository/org/apache/commons/commons-pool2/2.4.3/commons-pool2-2.4.3.jar:/Users/haohao/.m2/repository/org/springframework/boot/spring-boot-starter-jdbc/1.5.15.RELEASE/spring-boot-starter-jdbc-1.5.15.RELEASE.jar:/Users/haohao/.m2/repository/org/apache/tomcat/tomcat-jdbc/8.5.32/tomcat-jdbc-8.5.32.jar:/Users/haohao/.m2/repository/org/apache/tomcat/tomcat-juli/8.5.32/tomcat-juli-8.5.32.jar:/Users/haohao/.m2/repository/org/springframework/spring-jdbc/4.3.18.RELEASE/spring-jdbc-4.3.18.RELEASE.jar:/Users/haohao/.m2/repository/org/springframework/boot/spring-boot-starter-security/1.5.15.RELEASE/spring-boot-starter-security-1.5.15.RELEASE.jar:/Users/haohao/.m2/repository/org/springframework/spring-aop/4.3.18.RELEASE/spring-aop-4.3.18.RELEASE.jar:/Users/haohao/.m2/repository/org/springframework/security/spring-security-config/4.2.7.RELEASE/spring-security-config-4.2.7.RELEASE.jar:/Users/haohao/.m2/repository/org/springframework/security/spring-security-web/4.2.7.RELEASE/spring-security-web-4.2.7.RELEASE.jar:/Users/haohao/.m2/repository/org/springframework/spring-expression/4.3.18.RELEASE/spring-expression-4.3.18.RELEASE.jar:/Users/haohao/.m2/repository/org/springframework/boot/spring-boot-starter-thymeleaf/1.5.15.RELEASE/spring-boot-starter-thymeleaf-1.5.15.RELEASE.jar:/Users/haohao/.m2/repository/org/thymeleaf/thymeleaf-spring4/2.1.6.RELEASE/thymeleaf-spring4-2.1.6.RELEASE.jar:/Users/haohao/.m2/repository/org/thymeleaf/thymeleaf/2.1.6.RELEASE/thymeleaf-2.1.6.RELEASE.jar:/Users/haohao/.m2/repository/ognl/ognl/3.0.8/ognl-3.0.8.jar:/Users/haohao/.m2/repository/org/unbescape/unbescape/1.1.0.RELEASE/unbescape-1.1.0.RELEASE.jar:/Users/haohao/.m2/repository/nz/net/ultraq/thymeleaf/thymeleaf-layout-dialect/1.4.0/thymeleaf-layout-dialect-1.4.0.jar:/Users/haohao/.m2/repository/org/codehaus/groovy/groovy/2.4.15/groovy-2.4.15.jar:/Users/haohao/.m2/repository/org/springframework/boot/spring-boot-starter-web/1.5.15.RELEASE/spring-boot-starter-web-1.5.15.RELEASE.jar:/Users/haohao/.m2/repository/org/hibernate/hibernate-validator/5.3.6.Final/hibernate-validator-5.3.6.Final.jar:/Users/haohao/.m2/repository/javax/validation/validation-api/1.1.0.Final/validation-api-1.1.0.Final.jar:/Users/haohao/.m2/repository/com/fasterxml/classmate/1.3.4/classmate-1.3.4.jar:/Users/haohao/.m2/repository/com/fasterxml/jackson/core/jackson-databind/2.8.11.2/jackson-databind-2.8.11.2.jar:/Users/haohao/.m2/repository/com/fasterxml/jackson/core/jackson-annotations/2.8.0/jackson-annotations-2.8.0.jar:/Users/haohao/.m2/repository/com/fasterxml/jackson/core/jackson-core/2.8.11/jackson-core-2.8.11.jar:/Users/haohao/.m2/repository/org/springframework/spring-web/4.3.18.RELEASE/spring-web-4.3.18.RELEASE.jar:/Users/haohao/.m2/repository/org/springframework/spring-webmvc/4.3.18.RELEASE/spring-webmvc-4.3.18.RELEASE.jar:/Users/haohao/.m2/repository/org/springframework/boot/spring-boot-starter-tomcat/1.5.15.RELEASE/spring-boot-starter-tomcat-1.5.15.RELEASE.jar:/Users/haohao/.m2/repository/org/apache/tomcat/embed/tomcat-embed-core/8.5.32/tomcat-embed-core-8.5.32.jar:/Users/haohao/.m2/repository/org/apache/tomcat/tomcat-annotations-api/8.5.32/tomcat-annotations-api-8.5.32.jar:/Users/haohao/.m2/repository/org/apache/tomcat/embed/tomcat-embed-el/8.5.32/tomcat-embed-el-8.5.32.jar:/Users/haohao/.m2/repository/org/apache/tomcat/embed/tomcat-embed-websocket/8.5.32/tomcat-embed-websocket-8.5.32.jar:/Users/haohao/.m2/repository/mysql/mysql-connector-java/5.1.46/mysql-connector-java-5.1.46.jar:/Users/haohao/.m2/repository/org/springframework/boot/spring-boot-starter-test/1.5.15.RELEASE/spring-boot-starter-test-1.5.15.RELEASE.jar:/Users/haohao/.m2/repository/org/springframework/boot/spring-boot-test/1.5.15.RELEASE/spring-boot-test-1.5.15.RELEASE.jar:/Users/haohao/.m2/repository/org/springframework/boot/spring-boot-test-autoconfigure/1.5.15.RELEASE/spring-boot-test-autoconfigure-1.5.15.RELEASE.jar:/Users/haohao/.m2/repository/com/jayway/jsonpath/json-path/2.2.0/json-path-2.2.0.jar:/Users/haohao/.m2/repository/net/minidev/json-smart/2.2.1/json-smart-2.2.1.jar:/Users/haohao/.m2/repository/net/minidev/accessors-smart/1.1/accessors-smart-1.1.jar:/Users/haohao/.m2/repository/org/ow2/asm/asm/5.0.3/asm-5.0.3.jar:/Users/haohao/.m2/repository/junit/junit/4.12/junit-4.12.jar:/Users/haohao/.m2/repository/org/assertj/assertj-core/2.6.0/assertj-core-2.6.0.jar:/Users/haohao/.m2/repository/org/mockito/mockito-core/1.10.19/mockito-core-1.10.19.jar:/Users/haohao/.m2/repository/org/objenesis/objenesis/2.1/objenesis-2.1.jar:/Users/haohao/.m2/repository/org/hamcrest/hamcrest-core/1.3/hamcrest-core-1.3.jar:/Users/haohao/.m2/repository/org/hamcrest/hamcrest-library/1.3/hamcrest-library-1.3.jar:/Users/haohao/.m2/repository/org/skyscreamer/jsonassert/1.4.0/jsonassert-1.4.0.jar:/Users/haohao/.m2/repository/com/vaadin/external/google/android-json/0.0.20131108.vaadin1/android-json-0.0.20131108.vaadin1.jar:/Users/haohao/.m2/repository/org/springframework/spring-core/4.3.18.RELEASE/spring-core-4.3.18.RELEASE.jar:/Users/haohao/.m2/repository/org/springframework/spring-test/4.3.18.RELEASE/spring-test-4.3.18.RELEASE.jar:/Users/haohao/.m2/repository/org/springframework/security/spring-security-test/4.2.7.RELEASE/spring-security-test-4.2.7.RELEASE.jar:/Users/haohao/.m2/repository/org/springframework/security/spring-security-core/4.2.7.RELEASE/spring-security-core-4.2.7.RELEASE.jar:/Users/haohao/.m2/repository/aopalliance/aopalliance/1.0/aopalliance-1.0.jar:/Users/haohao/.m2/repository/com/alibaba/druid/1.1.10/druid-1.1.10.jar:/Users/haohao/.m2/repository/org/json/json/20140107/json-20140107.jar:/Users/haohao/.m2/repository/com/qiniu/qiniu-java-sdk/7.2.17/qiniu-java-sdk-7.2.17.jar:/Users/haohao/.m2/repository/com/squareup/okhttp3/okhttp/3.9.1/okhttp-3.9.1.jar:/Users/haohao/.m2/repository/com/squareup/okio/okio/1.13.0/okio-1.13.0.jar:/Users/haohao/.m2/repository/com/google/code/gson/gson/2.8.5/gson-2.8.5.jar:/Users/haohao/.m2/repository/org/springframework/boot/spring-boot-starter-activemq/1.4.3.RELEASE/spring-boot-starter-activemq-1.4.3.RELEASE.jar:/Users/haohao/.m2/repository/org/springframework/spring-jms/4.3.18.RELEASE/spring-jms-4.3.18.RELEASE.jar:/Users/haohao/.m2/repository/org/apache/activemq/activemq-broker/5.14.5/activemq-broker-5.14.5.jar:/Users/haohao/.m2/repository/org/apache/activemq/activemq-client/5.14.5/activemq-client-5.14.5.jar:/Users/haohao/.m2/repository/org/apache/geronimo/specs/geronimo-jms_1.1_spec/1.1.1/geronimo-jms_1.1_spec-1.1.1.jar:/Users/haohao/.m2/repository/org/fusesource/hawtbuf/hawtbuf/1.11/hawtbuf-1.11.jar:/Users/haohao/.m2/repository/org/apache/geronimo/specs/geronimo-j2ee-management_1.1_spec/1.0.1/geronimo-j2ee-management_1.1_spec-1.0.1.jar:/Users/haohao/.m2/repository/org/apache/activemq/activemq-openwire-legacy/5.14.5/activemq-openwire-legacy-5.14.5.jar:/Users/haohao/.m2/repository/org/apache/httpcomponents/httpclient/4.4.1/httpclient-4.4.1.jar:/Users/haohao/.m2/repository/org/apache/httpcomponents/httpcore/4.4.10/httpcore-4.4.10.jar:/Users/haohao/.m2/repository/commons-codec/commons-codec/1.10/commons-codec-1.10.jar:/Users/haohao/.m2/repository/com/alibaba/fastjson/1.2.15/fastjson-1.2.15.jar:/Users/haohao/.m2/repository/org/apache/poi/poi-ooxml/3.9/poi-ooxml-3.9.jar:/Users/haohao/.m2/repository/org/apache/poi/poi/3.9/poi-3.9.jar:/Users/haohao/.m2/repository/org/apache/poi/poi-ooxml-schemas/3.9/poi-ooxml-schemas-3.9.jar:/Users/haohao/.m2/repository/org/apache/xmlbeans/xmlbeans/2.3.0/xmlbeans-2.3.0.jar:/Users/haohao/.m2/repository/stax/stax-api/1.0.1/stax-api-1.0.1.jar:/Users/haohao/.m2/repository/dom4j/dom4j/1.6.1/dom4j-1.6.1.jar:/Users/haohao/.m2/repository/xml-apis/xml-apis/1.4.01/xml-apis-1.4.01.jar:/Users/haohao/.m2/repository/org/springframework/boot/spring-boot-starter-websocket/1.3.5.RELEASE/spring-boot-starter-websocket-1.3.5.RELEASE.jar:/Users/haohao/.m2/repository/org/springframework/spring-messaging/4.3.18.RELEASE/spring-messaging-4.3.18.RELEASE.jar:/Users/haohao/.m2/repository/org/springframework/spring-websocket/4.3.18.RELEASE/spring-websocket-4.3.18.RELEASE.jar:/Users/haohao/.m2/repository/org/bouncycastle/bcprov-ext-jdk16/1.46/bcprov-ext-jdk16-1.46.jar:, user.name=haohao, java.vm.specification.version=1.8, sun.java.command=/Users/haohao/Desktop/Mr Hao/WHJava/2.自己学习的demo/bbmanage/target/surefire/surefirebooter6701324396916957564.jar /Users/haohao/Desktop/Mr Hao/WHJava/2.自己学习的demo/bbmanage/target/surefire/surefire1257140220409075992tmp /Users/haohao/Desktop/Mr Hao/WHJava/2.自己学习的demo/bbmanage/target/surefire/surefire_02586412278692356119tmp, java.home=/Library/Java/JavaVirtualMachines/jdk1.8.0_111.jdk/Contents/Home/jre, sun.arch.data.model=64, user.language=zh, java.specification.vendor=Oracle Corporation, awt.toolkit=sun.lwawt.macosx.LWCToolkit, java.vm.info=mixed mode, java.version=1.8.0_111, java.ext.dirs=/Users/haohao/Library/Java/Extensions:/Library/Java/JavaVirtualMachines/jdk1.8.0_111.jdk/Contents/Home/jre/lib/ext:/Library/Java/Extensions:/Network/Library/Java/Extensions:/System/Library/Java/Extensions:/usr/lib/java, sun.boot.class.path=/Library/Java/JavaVirtualMachines/jdk1.8.0_111.jdk/Contents/Home/jre/lib/resources.jar:/Library/Java/JavaVirtualMachines/jdk1.8.0_111.jdk/Contents/Home/jre/lib/rt.jar:/Library/Java/JavaVirtualMachines/jdk1.8.0_111.jdk/Contents/Home/jre/lib/sunrsasign.jar:/Library/Java/JavaVirtualMachines/jdk1.8.0_111.jdk/Contents/Home/jre/lib/jsse.jar:/Library/Java/JavaVirtualMachines/jdk1.8.0_111.jdk/Contents/Home/jre/lib/jce.jar:/Library/Java/JavaVirtualMachines/jdk1.8.0_111.jdk/Contents/Home/jre/lib/charsets.jar:/Library/Java/JavaVirtualMachines/jdk1.8.0_111.jdk/Contents/Home/jre/lib/jfr.jar:/Library/Java/JavaVirtualMachines/jdk1.8.0_111.jdk/Contents/Home/jre/classes, java.vendor=Oracle Corporation, localRepository=/Users/haohao/.m2/repository, file.separator=/, java.vendor.url.bug=http://bugreport.sun.com/bugreport/, sun.io.unicode.encoding=UnicodeBig, sun.cpu.endian=little, sun.cpu.isalist=}}, SystemEnvironmentPropertySource@992802731 {name='systemEnvironment', properties={JAVA_MAIN_CLASS_85783=org.apache.maven.surefire.booter.ForkedBooter, PATH=/Users/haohao/Documents/apache-maven-3.5.3/bin:/Users/haohao/anaconda3/bin:/Library/Frameworks/Python.framework/Versions/3.6/bin:/Library/Frameworks/Python.framework/Versions/3.6/bin:/usr/local/bin:/usr/bin:/bin:/usr/sbin:/sbin:/Applications/VMware Fusion.app/Contents/Public, SHELL=/bin/bash, OLDPWD=/Users/haohao/Desktop/Mr Hao/WHJava/2.自己学习的demo/bbmanage, SECURITYSESSIONID=186a7, USER=haohao, JAVA_MAIN_CLASS_85778=org.codehaus.classworlds.Launcher, COMMAND_MODE=unix2003, TMPDIR=/var/folders/qs/x9wd415x40b_jc_wwsj65px80000gn/T/, SSH_AUTH_SOCK=/private/tmp/com.apple.launchd.GUhX9k43cT/Listeners, XPC_FLAGS=0x0, M2_HOME=/Users/haohao/Documents/apache-maven-3.5.3, __CF_USER_TEXT_ENCODING=0x1F5:0x19:0x34, Apple_PubSub_Socket_Render=/private/tmp/com.apple.launchd.BLqeQ81Ou5/Render, LOGNAME=haohao, LC_CTYPE=zh_CN.UTF-8, XPC_SERVICE_NAME=0, PWD=/Users/haohao/Desktop/Mr Hao/WHJava/2.自己学习的demo/bbmanage, HOME=/Users/haohao, SHLVL=1, _=/Library/Java/JavaVirtualMachines/jdk1.8.0_111.jdk/Contents/Home/jre/bin/java}}]
17:01:36.523 [main] INFO org.springframework.boot.test.context.SpringBootTestContextBootstrapper - Found @SpringBootConfiguration com.beibei.bbmanage.BbmanageApplication for test class com.beibei.bbmanage.BbmanageApplicationTests
17:01:36.526 [main] DEBUG org.springframework.boot.test.context.SpringBootTestContextBootstrapper - @TestExecutionListeners is not present for class [com.beibei.bbmanage.BbmanageApplicationTests]: using defaults.
17:01:36.529 [main] INFO org.springframework.boot.test.context.SpringBootTestContextBootstrapper - Loaded default TestExecutionListener class names from location [META-INF/spring.factories]: [org.springframework.boot.test.mock.mockito.MockitoTestExecutionListener, org.springframework.boot.test.mock.mockito.ResetMocksTestExecutionListener, org.springframework.boot.test.autoconfigure.restdocs.RestDocsTestExecutionListener, org.springframework.boot.test.autoconfigure.web.client.MockRestServiceServerResetTestExecutionListener, org.springframework.boot.test.autoconfigure.web.servlet.MockMvcPrintOnlyOnFailureTestExecutionListener, org.springframework.boot.test.autoconfigure.web.servlet.WebDriverTestExecutionListener, org.springframework.test.context.web.ServletTestExecutionListener, org.springframework.test.context.support.DirtiesContextBeforeModesTestExecutionListener, org.springframework.test.context.support.DependencyInjectionTestExecutionListener, org.springframework.test.context.support.DirtiesContextTestExecutionListener, org.springframework.test.context.transaction.TransactionalTestExecutionListener, org.springframework.test.context.jdbc.SqlScriptsTestExecutionListener, org.springframework.security.test.context.support.WithSecurityContextTestExecutionListener]
17:01:36.533 [main] INFO org.springframework.boot.test.context.SpringBootTestContextBootstrapper - Using TestExecutionListeners: [org.springframework.test.context.web.ServletTestExecutionListener@23f7d05d, org.springframework.test.context.support.DirtiesContextBeforeModesTestExecutionListener@1e730495, org.springframework.boot.test.mock.mockito.MockitoTestExecutionListener@7d3a22a9, org.springframework.boot.test.autoconfigure.SpringBootDependencyInjectionTestExecutionListener@1d082e88, org.springframework.test.context.support.DirtiesContextTestExecutionListener@60704c, org.springframework.test.context.transaction.TransactionalTestExecutionListener@6b19b79, org.springframework.test.context.jdbc.SqlScriptsTestExecutionListener@2a32de6c, org.springframework.security.test.context.support.WithSecurityContextTestExecutionListener@7692d9cc, org.springframework.boot.test.mock.mockito.ResetMocksTestExecutionListener@75f32542, org.springframework.boot.test.autoconfigure.restdocs.RestDocsTestExecutionListener@7f1302d6, org.springframework.boot.test.autoconfigure.web.client.MockRestServiceServerResetTestExecutionListener@43ee72e6, org.springframework.boot.test.autoconfigure.web.servlet.MockMvcPrintOnlyOnFailureTestExecutionListener@23529fee, org.springframework.boot.test.autoconfigure.web.servlet.WebDriverTestExecutionListener@4fe767f3]
17:01:36.534 [main] DEBUG org.springframework.test.annotation.ProfileValueUtils - Retrieved @ProfileValueSourceConfiguration [null] for test class [com.beibei.bbmanage.BbmanageApplicationTests]
17:01:36.534 [main] DEBUG org.springframework.test.annotation.ProfileValueUtils - Retrieved ProfileValueSource type [class org.springframework.test.annotation.SystemProfileValueSource] for class [com.beibei.bbmanage.BbmanageApplicationTests]
17:01:36.535 [main] DEBUG org.springframework.test.annotation.ProfileValueUtils - Retrieved @ProfileValueSourceConfiguration [null] for test class [com.beibei.bbmanage.BbmanageApplicationTests]
17:01:36.536 [main] DEBUG org.springframework.test.annotation.ProfileValueUtils - Retrieved ProfileValueSource type [class org.springframework.test.annotation.SystemProfileValueSource] for class [com.beibei.bbmanage.BbmanageApplicationTests]
17:01:36.542 [main] DEBUG org.springframework.test.context.support.AbstractDirtiesContextTestExecutionListener - Before test class: context [DefaultTestContext@14d3bc22 testClass = BbmanageApplicationTests, testInstance = [null], testMethod = [null], testException = [null], mergedContextConfiguration = [WebMergedContextConfiguration@12d4bf7e testClass = BbmanageApplicationTests, locations = '{}', classes = '{class com.beibei.bbmanage.BbmanageApplication}', contextInitializerClasses = '[]', activeProfiles = '{}', propertySourceLocations = '{}', propertySourceProperties = '{org.springframework.boot.test.context.SpringBootTestContextBootstrapper=true}', contextCustomizers = set[org.springframework.boot.test.context.SpringBootTestContextCustomizer@4b1c1ea0, org.springframework.boot.test.context.filter.ExcludeFilterContextCustomizer@3712b94, org.springframework.boot.test.json.DuplicateJsonObjectContextCustomizerFactory$DuplicateJsonObjectContextCustomizer@27a8c74e, org.springframework.boot.test.mock.mockito.MockitoContextCustomizer@0, org.springframework.boot.test.autoconfigure.properties.PropertyMappingContextCustomizer@0, org.springframework.boot.test.autoconfigure.web.servlet.WebDriverContextCustomizerFactory$Customizer@3cb1ffe6], resourceBasePath = 'src/main/webapp', contextLoader = 'org.springframework.boot.test.context.SpringBootContextLoader', parent = [null]]], class annotated with @DirtiesContext [false] with mode [null].
17:01:36.543 [main] DEBUG org.springframework.test.annotation.ProfileValueUtils - Retrieved @ProfileValueSourceConfiguration [null] for test class [com.beibei.bbmanage.BbmanageApplicationTests]
17:01:36.543 [main] DEBUG org.springframework.test.annotation.ProfileValueUtils - Retrieved ProfileValueSource type [class org.springframework.test.annotation.SystemProfileValueSource] for class [com.beibei.bbmanage.BbmanageApplicationTests]
17:01:36.599 [main] DEBUG org.springframework.core.env.StandardEnvironment - Adding PropertySource 'systemProperties' with lowest search precedence
17:01:36.599 [main] DEBUG org.springframework.core.env.StandardEnvironment - Adding PropertySource 'systemEnvironment' with lowest search precedence
17:01:36.600 [main] DEBUG org.springframework.core.env.StandardEnvironment - Initialized StandardEnvironment with PropertySources [MapPropertySource@952562199 {name='systemProperties', properties={idea.version=2018.1.4, java.runtime.name=Java(TM) SE Runtime Environment, sun.boot.library.path=/Library/Java/JavaVirtualMachines/jdk1.8.0_111.jdk/Contents/Home/jre/lib, java.vm.version=25.111-b14, gopherProxySet=false, java.vm.vendor=Oracle Corporation, java.vendor.url=http://java.oracle.com/, path.separator=:, java.vm.name=Java HotSpot(TM) 64-Bit Server VM, file.encoding.pkg=sun.io, user.country=CN, sun.java.launcher=SUN_STANDARD, sun.os.patch.level=unknown, java.vm.specification.name=Java Virtual Machine Specification, user.dir=/Users/haohao/Desktop/Mr Hao/WHJava/2.自己学习的demo/bbmanage, java.runtime.version=1.8.0_111-b14, basedir=/Users/haohao/Desktop/Mr Hao/WHJava/2.自己学习的demo/bbmanage, java.awt.graphicsenv=sun.awt.CGraphicsEnvironment, java.endorsed.dirs=/Library/Java/JavaVirtualMachines/jdk1.8.0_111.jdk/Contents/Home/jre/lib/endorsed, os.arch=x86_64, surefire.real.class.path=/Users/haohao/Desktop/Mr Hao/WHJava/2.自己学习的demo/bbmanage/target/surefire/surefirebooter6701324396916957564.jar, java.io.tmpdir=/var/folders/qs/x9wd415x40b_jc_wwsj65px80000gn/T/, line.separator=
, java.vm.specification.vendor=Oracle Corporation, os.name=Mac OS X, sun.jnu.encoding=UTF-8, java.library.path=/Users/haohao/Library/Java/Extensions:/Library/Java/Extensions:/Network/Library/Java/Extensions:/System/Library/Java/Extensions:/usr/lib/java:., surefire.test.class.path=/Users/haohao/Desktop/Mr Hao/WHJava/2.自己学习的demo/bbmanage/target/test-classes:/Users/haohao/Desktop/Mr Hao/WHJava/2.自己学习的demo/bbmanage/target/classes:/Users/haohao/.m2/repository/org/springframework/boot/spring-boot-starter-data-jpa/1.5.15.RELEASE/spring-boot-starter-data-jpa-1.5.15.RELEASE.jar:/Users/haohao/.m2/repository/org/springframework/boot/spring-boot-starter/1.5.15.RELEASE/spring-boot-starter-1.5.15.RELEASE.jar:/Users/haohao/.m2/repository/org/springframework/boot/spring-boot/1.5.15.RELEASE/spring-boot-1.5.15.RELEASE.jar:/Users/haohao/.m2/repository/org/springframework/boot/spring-boot-autoconfigure/1.5.15.RELEASE/spring-boot-autoconfigure-1.5.15.RELEASE.jar:/Users/haohao/.m2/repository/org/springframework/boot/spring-boot-starter-logging/1.5.15.RELEASE/spring-boot-starter-logging-1.5.15.RELEASE.jar:/Users/haohao/.m2/repository/ch/qos/logback/logback-classic/1.1.11/logback-classic-1.1.11.jar:/Users/haohao/.m2/repository/ch/qos/logback/logback-core/1.1.11/logback-core-1.1.11.jar:/Users/haohao/.m2/repository/org/slf4j/jul-to-slf4j/1.7.25/jul-to-slf4j-1.7.25.jar:/Users/haohao/.m2/repository/org/slf4j/log4j-over-slf4j/1.7.25/log4j-over-slf4j-1.7.25.jar:/Users/haohao/.m2/repository/org/yaml/snakeyaml/1.17/snakeyaml-1.17.jar:/Users/haohao/.m2/repository/org/springframework/boot/spring-boot-starter-aop/1.5.15.RELEASE/spring-boot-starter-aop-1.5.15.RELEASE.jar:/Users/haohao/.m2/repository/org/aspectj/aspectjweaver/1.8.13/aspectjweaver-1.8.13.jar:/Users/haohao/.m2/repository/org/hibernate/hibernate-core/5.0.12.Final/hibernate-core-5.0.12.Final.jar:/Users/haohao/.m2/repository/org/jboss/logging/jboss-logging/3.3.2.Final/jboss-logging-3.3.2.Final.jar:/Users/haohao/.m2/repository/org/hibernate/javax/persistence/hibernate-jpa-2.1-api/1.0.0.Final/hibernate-jpa-2.1-api-1.0.0.Final.jar:/Users/haohao/.m2/repository/org/javassist/javassist/3.21.0-GA/javassist-3.21.0-GA.jar:/Users/haohao/.m2/repository/antlr/antlr/2.7.7/antlr-2.7.7.jar:/Users/haohao/.m2/repository/org/jboss/jandex/2.0.0.Final/jandex-2.0.0.Final.jar:/Users/haohao/.m2/repository/org/hibernate/common/hibernate-commons-annotations/5.0.1.Final/hibernate-commons-annotations-5.0.1.Final.jar:/Users/haohao/.m2/repository/org/hibernate/hibernate-entitymanager/5.0.12.Final/hibernate-entitymanager-5.0.12.Final.jar:/Users/haohao/.m2/repository/javax/transaction/javax.transaction-api/1.2/javax.transaction-api-1.2.jar:/Users/haohao/.m2/repository/org/springframework/data/spring-data-jpa/1.11.14.RELEASE/spring-data-jpa-1.11.14.RELEASE.jar:/Users/haohao/.m2/repository/org/springframework/data/spring-data-commons/1.13.14.RELEASE/spring-data-commons-1.13.14.RELEASE.jar:/Users/haohao/.m2/repository/org/springframework/spring-orm/4.3.18.RELEASE/spring-orm-4.3.18.RELEASE.jar:/Users/haohao/.m2/repository/org/springframework/spring-context/4.3.18.RELEASE/spring-context-4.3.18.RELEASE.jar:/Users/haohao/.m2/repository/org/springframework/spring-tx/4.3.18.RELEASE/spring-tx-4.3.18.RELEASE.jar:/Users/haohao/.m2/repository/org/springframework/spring-beans/4.3.18.RELEASE/spring-beans-4.3.18.RELEASE.jar:/Users/haohao/.m2/repository/org/slf4j/slf4j-api/1.7.25/slf4j-api-1.7.25.jar:/Users/haohao/.m2/repository/org/slf4j/jcl-over-slf4j/1.7.25/jcl-over-slf4j-1.7.25.jar:/Users/haohao/.m2/repository/org/springframework/spring-aspects/4.3.18.RELEASE/spring-aspects-4.3.18.RELEASE.jar:/Users/haohao/.m2/repository/org/springframework/boot/spring-boot-starter-data-redis/1.5.15.RELEASE/spring-boot-starter-data-redis-1.5.15.RELEASE.jar:/Users/haohao/.m2/repository/org/springframework/data/spring-data-redis/1.8.14.RELEASE/spring-data-redis-1.8.14.RELEASE.jar:/Users/haohao/.m2/repository/org/springframework/data/spring-data-keyvalue/1.2.14.RELEASE/spring-data-keyvalue-1.2.14.RELEASE.jar:/Users/haohao/.m2/repository/org/springframework/spring-oxm/4.3.18.RELEASE/spring-oxm-4.3.18.RELEASE.jar:/Users/haohao/.m2/repository/org/springframework/spring-context-support/4.3.18.RELEASE/spring-context-support-4.3.18.RELEASE.jar:/Users/haohao/.m2/repository/redis/clients/jedis/2.9.0/jedis-2.9.0.jar:/Users/haohao/.m2/repository/org/apache/commons/commons-pool2/2.4.3/commons-pool2-2.4.3.jar:/Users/haohao/.m2/repository/org/springframework/boot/spring-boot-starter-jdbc/1.5.15.RELEASE/spring-boot-starter-jdbc-1.5.15.RELEASE.jar:/Users/haohao/.m2/repository/org/apache/tomcat/tomcat-jdbc/8.5.32/tomcat-jdbc-8.5.32.jar:/Users/haohao/.m2/repository/org/apache/tomcat/tomcat-juli/8.5.32/tomcat-juli-8.5.32.jar:/Users/haohao/.m2/repository/org/springframework/spring-jdbc/4.3.18.RELEASE/spring-jdbc-4.3.18.RELEASE.jar:/Users/haohao/.m2/repository/org/springframework/boot/spring-boot-starter-security/1.5.15.RELEASE/spring-boot-starter-security-1.5.15.RELEASE.jar:/Users/haohao/.m2/repository/org/springframework/spring-aop/4.3.18.RELEASE/spring-aop-4.3.18.RELEASE.jar:/Users/haohao/.m2/repository/org/springframework/security/spring-security-config/4.2.7.RELEASE/spring-security-config-4.2.7.RELEASE.jar:/Users/haohao/.m2/repository/org/springframework/security/spring-security-web/4.2.7.RELEASE/spring-security-web-4.2.7.RELEASE.jar:/Users/haohao/.m2/repository/org/springframework/spring-expression/4.3.18.RELEASE/spring-expression-4.3.18.RELEASE.jar:/Users/haohao/.m2/repository/org/springframework/boot/spring-boot-starter-thymeleaf/1.5.15.RELEASE/spring-boot-starter-thymeleaf-1.5.15.RELEASE.jar:/Users/haohao/.m2/repository/org/thymeleaf/thymeleaf-spring4/2.1.6.RELEASE/thymeleaf-spring4-2.1.6.RELEASE.jar:/Users/haohao/.m2/repository/org/thymeleaf/thymeleaf/2.1.6.RELEASE/thymeleaf-2.1.6.RELEASE.jar:/Users/haohao/.m2/repository/ognl/ognl/3.0.8/ognl-3.0.8.jar:/Users/haohao/.m2/repository/org/unbescape/unbescape/1.1.0.RELEASE/unbescape-1.1.0.RELEASE.jar:/Users/haohao/.m2/repository/nz/net/ultraq/thymeleaf/thymeleaf-layout-dialect/1.4.0/thymeleaf-layout-dialect-1.4.0.jar:/Users/haohao/.m2/repository/org/codehaus/groovy/groovy/2.4.15/groovy-2.4.15.jar:/Users/haohao/.m2/repository/org/springframework/boot/spring-boot-starter-web/1.5.15.RELEASE/spring-boot-starter-web-1.5.15.RELEASE.jar:/Users/haohao/.m2/repository/org/hibernate/hibernate-validator/5.3.6.Final/hibernate-validator-5.3.6.Final.jar:/Users/haohao/.m2/repository/javax/validation/validation-api/1.1.0.Final/validation-api-1.1.0.Final.jar:/Users/haohao/.m2/repository/com/fasterxml/classmate/1.3.4/classmate-1.3.4.jar:/Users/haohao/.m2/repository/com/fasterxml/jackson/core/jackson-databind/2.8.11.2/jackson-databind-2.8.11.2.jar:/Users/haohao/.m2/repository/com/fasterxml/jackson/core/jackson-annotations/2.8.0/jackson-annotations-2.8.0.jar:/Users/haohao/.m2/repository/com/fasterxml/jackson/core/jackson-core/2.8.11/jackson-core-2.8.11.jar:/Users/haohao/.m2/repository/org/springframework/spring-web/4.3.18.RELEASE/spring-web-4.3.18.RELEASE.jar:/Users/haohao/.m2/repository/org/springframework/spring-webmvc/4.3.18.RELEASE/spring-webmvc-4.3.18.RELEASE.jar:/Users/haohao/.m2/repository/org/springframework/boot/spring-boot-starter-tomcat/1.5.15.RELEASE/spring-boot-starter-tomcat-1.5.15.RELEASE.jar:/Users/haohao/.m2/repository/org/apache/tomcat/embed/tomcat-embed-core/8.5.32/tomcat-embed-core-8.5.32.jar:/Users/haohao/.m2/repository/org/apache/tomcat/tomcat-annotations-api/8.5.32/tomcat-annotations-api-8.5.32.jar:/Users/haohao/.m2/repository/org/apache/tomcat/embed/tomcat-embed-el/8.5.32/tomcat-embed-el-8.5.32.jar:/Users/haohao/.m2/repository/org/apache/tomcat/embed/tomcat-embed-websocket/8.5.32/tomcat-embed-websocket-8.5.32.jar:/Users/haohao/.m2/repository/mysql/mysql-connector-java/5.1.46/mysql-connector-java-5.1.46.jar:/Users/haohao/.m2/repository/org/springframework/boot/spring-boot-starter-test/1.5.15.RELEASE/spring-boot-starter-test-1.5.15.RELEASE.jar:/Users/haohao/.m2/repository/org/springframework/boot/spring-boot-test/1.5.15.RELEASE/spring-boot-test-1.5.15.RELEASE.jar:/Users/haohao/.m2/repository/org/springframework/boot/spring-boot-test-autoconfigure/1.5.15.RELEASE/spring-boot-test-autoconfigure-1.5.15.RELEASE.jar:/Users/haohao/.m2/repository/com/jayway/jsonpath/json-path/2.2.0/json-path-2.2.0.jar:/Users/haohao/.m2/repository/net/minidev/json-smart/2.2.1/json-smart-2.2.1.jar:/Users/haohao/.m2/repository/net/minidev/accessors-smart/1.1/accessors-smart-1.1.jar:/Users/haohao/.m2/repository/org/ow2/asm/asm/5.0.3/asm-5.0.3.jar:/Users/haohao/.m2/repository/junit/junit/4.12/junit-4.12.jar:/Users/haohao/.m2/repository/org/assertj/assertj-core/2.6.0/assertj-core-2.6.0.jar:/Users/haohao/.m2/repository/org/mockito/mockito-core/1.10.19/mockito-core-1.10.19.jar:/Users/haohao/.m2/repository/org/objenesis/objenesis/2.1/objenesis-2.1.jar:/Users/haohao/.m2/repository/org/hamcrest/hamcrest-core/1.3/hamcrest-core-1.3.jar:/Users/haohao/.m2/repository/org/hamcrest/hamcrest-library/1.3/hamcrest-library-1.3.jar:/Users/haohao/.m2/repository/org/skyscreamer/jsonassert/1.4.0/jsonassert-1.4.0.jar:/Users/haohao/.m2/repository/com/vaadin/external/google/android-json/0.0.20131108.vaadin1/android-json-0.0.20131108.vaadin1.jar:/Users/haohao/.m2/repository/org/springframework/spring-core/4.3.18.RELEASE/spring-core-4.3.18.RELEASE.jar:/Users/haohao/.m2/repository/org/springframework/spring-test/4.3.18.RELEASE/spring-test-4.3.18.RELEASE.jar:/Users/haohao/.m2/repository/org/springframework/security/spring-security-test/4.2.7.RELEASE/spring-security-test-4.2.7.RELEASE.jar:/Users/haohao/.m2/repository/org/springframework/security/spring-security-core/4.2.7.RELEASE/spring-security-core-4.2.7.RELEASE.jar:/Users/haohao/.m2/repository/aopalliance/aopalliance/1.0/aopalliance-1.0.jar:/Users/haohao/.m2/repository/com/alibaba/druid/1.1.10/druid-1.1.10.jar:/Users/haohao/.m2/repository/org/json/json/20140107/json-20140107.jar:/Users/haohao/.m2/repository/com/qiniu/qiniu-java-sdk/7.2.17/qiniu-java-sdk-7.2.17.jar:/Users/haohao/.m2/repository/com/squareup/okhttp3/okhttp/3.9.1/okhttp-3.9.1.jar:/Users/haohao/.m2/repository/com/squareup/okio/okio/1.13.0/okio-1.13.0.jar:/Users/haohao/.m2/repository/com/google/code/gson/gson/2.8.5/gson-2.8.5.jar:/Users/haohao/.m2/repository/org/springframework/boot/spring-boot-starter-activemq/1.4.3.RELEASE/spring-boot-starter-activemq-1.4.3.RELEASE.jar:/Users/haohao/.m2/repository/org/springframework/spring-jms/4.3.18.RELEASE/spring-jms-4.3.18.RELEASE.jar:/Users/haohao/.m2/repository/org/apache/activemq/activemq-broker/5.14.5/activemq-broker-5.14.5.jar:/Users/haohao/.m2/repository/org/apache/activemq/activemq-client/5.14.5/activemq-client-5.14.5.jar:/Users/haohao/.m2/repository/org/apache/geronimo/specs/geronimo-jms_1.1_spec/1.1.1/geronimo-jms_1.1_spec-1.1.1.jar:/Users/haohao/.m2/repository/org/fusesource/hawtbuf/hawtbuf/1.11/hawtbuf-1.11.jar:/Users/haohao/.m2/repository/org/apache/geronimo/specs/geronimo-j2ee-management_1.1_spec/1.0.1/geronimo-j2ee-management_1.1_spec-1.0.1.jar:/Users/haohao/.m2/repository/org/apache/activemq/activemq-openwire-legacy/5.14.5/activemq-openwire-legacy-5.14.5.jar:/Users/haohao/.m2/repository/org/apache/httpcomponents/httpclient/4.4.1/httpclient-4.4.1.jar:/Users/haohao/.m2/repository/org/apache/httpcomponents/httpcore/4.4.10/httpcore-4.4.10.jar:/Users/haohao/.m2/repository/commons-codec/commons-codec/1.10/commons-codec-1.10.jar:/Users/haohao/.m2/repository/com/alibaba/fastjson/1.2.15/fastjson-1.2.15.jar:/Users/haohao/.m2/repository/org/apache/poi/poi-ooxml/3.9/poi-ooxml-3.9.jar:/Users/haohao/.m2/repository/org/apache/poi/poi/3.9/poi-3.9.jar:/Users/haohao/.m2/repository/org/apache/poi/poi-ooxml-schemas/3.9/poi-ooxml-schemas-3.9.jar:/Users/haohao/.m2/repository/org/apache/xmlbeans/xmlbeans/2.3.0/xmlbeans-2.3.0.jar:/Users/haohao/.m2/repository/stax/stax-api/1.0.1/stax-api-1.0.1.jar:/Users/haohao/.m2/repository/dom4j/dom4j/1.6.1/dom4j-1.6.1.jar:/Users/haohao/.m2/repository/xml-apis/xml-apis/1.4.01/xml-apis-1.4.01.jar:/Users/haohao/.m2/repository/org/springframework/boot/spring-boot-starter-websocket/1.3.5.RELEASE/spring-boot-starter-websocket-1.3.5.RELEASE.jar:/Users/haohao/.m2/repository/org/springframework/spring-messaging/4.3.18.RELEASE/spring-messaging-4.3.18.RELEASE.jar:/Users/haohao/.m2/repository/org/springframework/spring-websocket/4.3.18.RELEASE/spring-websocket-4.3.18.RELEASE.jar:/Users/haohao/.m2/repository/org/bouncycastle/bcprov-ext-jdk16/1.46/bcprov-ext-jdk16-1.46.jar:, java.specification.name=Java Platform API Specification, java.class.version=52.0, sun.management.compiler=HotSpot 64-Bit Tiered Compilers, os.version=10.14.1, user.home=/Users/haohao, user.timezone=Asia/Shanghai, java.awt.printerjob=sun.lwawt.macosx.CPrinterJob, file.encoding=UTF-8, java.specification.version=1.8, java.class.path=/Users/haohao/Desktop/Mr Hao/WHJava/2.自己学习的demo/bbmanage/target/test-classes:/Users/haohao/Desktop/Mr Hao/WHJava/2.自己学习的demo/bbmanage/target/classes:/Users/haohao/.m2/repository/org/springframework/boot/spring-boot-starter-data-jpa/1.5.15.RELEASE/spring-boot-starter-data-jpa-1.5.15.RELEASE.jar:/Users/haohao/.m2/repository/org/springframework/boot/spring-boot-starter/1.5.15.RELEASE/spring-boot-starter-1.5.15.RELEASE.jar:/Users/haohao/.m2/repository/org/springframework/boot/spring-boot/1.5.15.RELEASE/spring-boot-1.5.15.RELEASE.jar:/Users/haohao/.m2/repository/org/springframework/boot/spring-boot-autoconfigure/1.5.15.RELEASE/spring-boot-autoconfigure-1.5.15.RELEASE.jar:/Users/haohao/.m2/repository/org/springframework/boot/spring-boot-starter-logging/1.5.15.RELEASE/spring-boot-starter-logging-1.5.15.RELEASE.jar:/Users/haohao/.m2/repository/ch/qos/logback/logback-classic/1.1.11/logback-classic-1.1.11.jar:/Users/haohao/.m2/repository/ch/qos/logback/logback-core/1.1.11/logback-core-1.1.11.jar:/Users/haohao/.m2/repository/org/slf4j/jul-to-slf4j/1.7.25/jul-to-slf4j-1.7.25.jar:/Users/haohao/.m2/repository/org/slf4j/log4j-over-slf4j/1.7.25/log4j-over-slf4j-1.7.25.jar:/Users/haohao/.m2/repository/org/yaml/snakeyaml/1.17/snakeyaml-1.17.jar:/Users/haohao/.m2/repository/org/springframework/boot/spring-boot-starter-aop/1.5.15.RELEASE/spring-boot-starter-aop-1.5.15.RELEASE.jar:/Users/haohao/.m2/repository/org/aspectj/aspectjweaver/1.8.13/aspectjweaver-1.8.13.jar:/Users/haohao/.m2/repository/org/hibernate/hibernate-core/5.0.12.Final/hibernate-core-5.0.12.Final.jar:/Users/haohao/.m2/repository/org/jboss/logging/jboss-logging/3.3.2.Final/jboss-logging-3.3.2.Final.jar:/Users/haohao/.m2/repository/org/hibernate/javax/persistence/hibernate-jpa-2.1-api/1.0.0.Final/hibernate-jpa-2.1-api-1.0.0.Final.jar:/Users/haohao/.m2/repository/org/javassist/javassist/3.21.0-GA/javassist-3.21.0-GA.jar:/Users/haohao/.m2/repository/antlr/antlr/2.7.7/antlr-2.7.7.jar:/Users/haohao/.m2/repository/org/jboss/jandex/2.0.0.Final/jandex-2.0.0.Final.jar:/Users/haohao/.m2/repository/org/hibernate/common/hibernate-commons-annotations/5.0.1.Final/hibernate-commons-annotations-5.0.1.Final.jar:/Users/haohao/.m2/repository/org/hibernate/hibernate-entitymanager/5.0.12.Final/hibernate-entitymanager-5.0.12.Final.jar:/Users/haohao/.m2/repository/javax/transaction/javax.transaction-api/1.2/javax.transaction-api-1.2.jar:/Users/haohao/.m2/repository/org/springframework/data/spring-data-jpa/1.11.14.RELEASE/spring-data-jpa-1.11.14.RELEASE.jar:/Users/haohao/.m2/repository/org/springframework/data/spring-data-commons/1.13.14.RELEASE/spring-data-commons-1.13.14.RELEASE.jar:/Users/haohao/.m2/repository/org/springframework/spring-orm/4.3.18.RELEASE/spring-orm-4.3.18.RELEASE.jar:/Users/haohao/.m2/repository/org/springframework/spring-context/4.3.18.RELEASE/spring-context-4.3.18.RELEASE.jar:/Users/haohao/.m2/repository/org/springframework/spring-tx/4.3.18.RELEASE/spring-tx-4.3.18.RELEASE.jar:/Users/haohao/.m2/repository/org/springframework/spring-beans/4.3.18.RELEASE/spring-beans-4.3.18.RELEASE.jar:/Users/haohao/.m2/repository/org/slf4j/slf4j-api/1.7.25/slf4j-api-1.7.25.jar:/Users/haohao/.m2/repository/org/slf4j/jcl-over-slf4j/1.7.25/jcl-over-slf4j-1.7.25.jar:/Users/haohao/.m2/repository/org/springframework/spring-aspects/4.3.18.RELEASE/spring-aspects-4.3.18.RELEASE.jar:/Users/haohao/.m2/repository/org/springframework/boot/spring-boot-starter-data-redis/1.5.15.RELEASE/spring-boot-starter-data-redis-1.5.15.RELEASE.jar:/Users/haohao/.m2/repository/org/springframework/data/spring-data-redis/1.8.14.RELEASE/spring-data-redis-1.8.14.RELEASE.jar:/Users/haohao/.m2/repository/org/springframework/data/spring-data-keyvalue/1.2.14.RELEASE/spring-data-keyvalue-1.2.14.RELEASE.jar:/Users/haohao/.m2/repository/org/springframework/spring-oxm/4.3.18.RELEASE/spring-oxm-4.3.18.RELEASE.jar:/Users/haohao/.m2/repository/org/springframework/spring-context-support/4.3.18.RELEASE/spring-context-support-4.3.18.RELEASE.jar:/Users/haohao/.m2/repository/redis/clients/jedis/2.9.0/jedis-2.9.0.jar:/Users/haohao/.m2/repository/org/apache/commons/commons-pool2/2.4.3/commons-pool2-2.4.3.jar:/Users/haohao/.m2/repository/org/springframework/boot/spring-boot-starter-jdbc/1.5.15.RELEASE/spring-boot-starter-jdbc-1.5.15.RELEASE.jar:/Users/haohao/.m2/repository/org/apache/tomcat/tomcat-jdbc/8.5.32/tomcat-jdbc-8.5.32.jar:/Users/haohao/.m2/repository/org/apache/tomcat/tomcat-juli/8.5.32/tomcat-juli-8.5.32.jar:/Users/haohao/.m2/repository/org/springframework/spring-jdbc/4.3.18.RELEASE/spring-jdbc-4.3.18.RELEASE.jar:/Users/haohao/.m2/repository/org/springframework/boot/spring-boot-starter-security/1.5.15.RELEASE/spring-boot-starter-security-1.5.15.RELEASE.jar:/Users/haohao/.m2/repository/org/springframework/spring-aop/4.3.18.RELEASE/spring-aop-4.3.18.RELEASE.jar:/Users/haohao/.m2/repository/org/springframework/security/spring-security-config/4.2.7.RELEASE/spring-security-config-4.2.7.RELEASE.jar:/Users/haohao/.m2/repository/org/springframework/security/spring-security-web/4.2.7.RELEASE/spring-security-web-4.2.7.RELEASE.jar:/Users/haohao/.m2/repository/org/springframework/spring-expression/4.3.18.RELEASE/spring-expression-4.3.18.RELEASE.jar:/Users/haohao/.m2/repository/org/springframework/boot/spring-boot-starter-thymeleaf/1.5.15.RELEASE/spring-boot-starter-thymeleaf-1.5.15.RELEASE.jar:/Users/haohao/.m2/repository/org/thymeleaf/thymeleaf-spring4/2.1.6.RELEASE/thymeleaf-spring4-2.1.6.RELEASE.jar:/Users/haohao/.m2/repository/org/thymeleaf/thymeleaf/2.1.6.RELEASE/thymeleaf-2.1.6.RELEASE.jar:/Users/haohao/.m2/repository/ognl/ognl/3.0.8/ognl-3.0.8.jar:/Users/haohao/.m2/repository/org/unbescape/unbescape/1.1.0.RELEASE/unbescape-1.1.0.RELEASE.jar:/Users/haohao/.m2/repository/nz/net/ultraq/thymeleaf/thymeleaf-layout-dialect/1.4.0/thymeleaf-layout-dialect-1.4.0.jar:/Users/haohao/.m2/repository/org/codehaus/groovy/groovy/2.4.15/groovy-2.4.15.jar:/Users/haohao/.m2/repository/org/springframework/boot/spring-boot-starter-web/1.5.15.RELEASE/spring-boot-starter-web-1.5.15.RELEASE.jar:/Users/haohao/.m2/repository/org/hibernate/hibernate-validator/5.3.6.Final/hibernate-validator-5.3.6.Final.jar:/Users/haohao/.m2/repository/javax/validation/validation-api/1.1.0.Final/validation-api-1.1.0.Final.jar:/Users/haohao/.m2/repository/com/fasterxml/classmate/1.3.4/classmate-1.3.4.jar:/Users/haohao/.m2/repository/com/fasterxml/jackson/core/jackson-databind/2.8.11.2/jackson-databind-2.8.11.2.jar:/Users/haohao/.m2/repository/com/fasterxml/jackson/core/jackson-annotations/2.8.0/jackson-annotations-2.8.0.jar:/Users/haohao/.m2/repository/com/fasterxml/jackson/core/jackson-core/2.8.11/jackson-core-2.8.11.jar:/Users/haohao/.m2/repository/org/springframework/spring-web/4.3.18.RELEASE/spring-web-4.3.18.RELEASE.jar:/Users/haohao/.m2/repository/org/springframework/spring-webmvc/4.3.18.RELEASE/spring-webmvc-4.3.18.RELEASE.jar:/Users/haohao/.m2/repository/org/springframework/boot/spring-boot-starter-tomcat/1.5.15.RELEASE/spring-boot-starter-tomcat-1.5.15.RELEASE.jar:/Users/haohao/.m2/repository/org/apache/tomcat/embed/tomcat-embed-core/8.5.32/tomcat-embed-core-8.5.32.jar:/Users/haohao/.m2/repository/org/apache/tomcat/tomcat-annotations-api/8.5.32/tomcat-annotations-api-8.5.32.jar:/Users/haohao/.m2/repository/org/apache/tomcat/embed/tomcat-embed-el/8.5.32/tomcat-embed-el-8.5.32.jar:/Users/haohao/.m2/repository/org/apache/tomcat/embed/tomcat-embed-websocket/8.5.32/tomcat-embed-websocket-8.5.32.jar:/Users/haohao/.m2/repository/mysql/mysql-connector-java/5.1.46/mysql-connector-java-5.1.46.jar:/Users/haohao/.m2/repository/org/springframework/boot/spring-boot-starter-test/1.5.15.RELEASE/spring-boot-starter-test-1.5.15.RELEASE.jar:/Users/haohao/.m2/repository/org/springframework/boot/spring-boot-test/1.5.15.RELEASE/spring-boot-test-1.5.15.RELEASE.jar:/Users/haohao/.m2/repository/org/springframework/boot/spring-boot-test-autoconfigure/1.5.15.RELEASE/spring-boot-test-autoconfigure-1.5.15.RELEASE.jar:/Users/haohao/.m2/repository/com/jayway/jsonpath/json-path/2.2.0/json-path-2.2.0.jar:/Users/haohao/.m2/repository/net/minidev/json-smart/2.2.1/json-smart-2.2.1.jar:/Users/haohao/.m2/repository/net/minidev/accessors-smart/1.1/accessors-smart-1.1.jar:/Users/haohao/.m2/repository/org/ow2/asm/asm/5.0.3/asm-5.0.3.jar:/Users/haohao/.m2/repository/junit/junit/4.12/junit-4.12.jar:/Users/haohao/.m2/repository/org/assertj/assertj-core/2.6.0/assertj-core-2.6.0.jar:/Users/haohao/.m2/repository/org/mockito/mockito-core/1.10.19/mockito-core-1.10.19.jar:/Users/haohao/.m2/repository/org/objenesis/objenesis/2.1/objenesis-2.1.jar:/Users/haohao/.m2/repository/org/hamcrest/hamcrest-core/1.3/hamcrest-core-1.3.jar:/Users/haohao/.m2/repository/org/hamcrest/hamcrest-library/1.3/hamcrest-library-1.3.jar:/Users/haohao/.m2/repository/org/skyscreamer/jsonassert/1.4.0/jsonassert-1.4.0.jar:/Users/haohao/.m2/repository/com/vaadin/external/google/android-json/0.0.20131108.vaadin1/android-json-0.0.20131108.vaadin1.jar:/Users/haohao/.m2/repository/org/springframework/spring-core/4.3.18.RELEASE/spring-core-4.3.18.RELEASE.jar:/Users/haohao/.m2/repository/org/springframework/spring-test/4.3.18.RELEASE/spring-test-4.3.18.RELEASE.jar:/Users/haohao/.m2/repository/org/springframework/security/spring-security-test/4.2.7.RELEASE/spring-security-test-4.2.7.RELEASE.jar:/Users/haohao/.m2/repository/org/springframework/security/spring-security-core/4.2.7.RELEASE/spring-security-core-4.2.7.RELEASE.jar:/Users/haohao/.m2/repository/aopalliance/aopalliance/1.0/aopalliance-1.0.jar:/Users/haohao/.m2/repository/com/alibaba/druid/1.1.10/druid-1.1.10.jar:/Users/haohao/.m2/repository/org/json/json/20140107/json-20140107.jar:/Users/haohao/.m2/repository/com/qiniu/qiniu-java-sdk/7.2.17/qiniu-java-sdk-7.2.17.jar:/Users/haohao/.m2/repository/com/squareup/okhttp3/okhttp/3.9.1/okhttp-3.9.1.jar:/Users/haohao/.m2/repository/com/squareup/okio/okio/1.13.0/okio-1.13.0.jar:/Users/haohao/.m2/repository/com/google/code/gson/gson/2.8.5/gson-2.8.5.jar:/Users/haohao/.m2/repository/org/springframework/boot/spring-boot-starter-activemq/1.4.3.RELEASE/spring-boot-starter-activemq-1.4.3.RELEASE.jar:/Users/haohao/.m2/repository/org/springframework/spring-jms/4.3.18.RELEASE/spring-jms-4.3.18.RELEASE.jar:/Users/haohao/.m2/repository/org/apache/activemq/activemq-broker/5.14.5/activemq-broker-5.14.5.jar:/Users/haohao/.m2/repository/org/apache/activemq/activemq-client/5.14.5/activemq-client-5.14.5.jar:/Users/haohao/.m2/repository/org/apache/geronimo/specs/geronimo-jms_1.1_spec/1.1.1/geronimo-jms_1.1_spec-1.1.1.jar:/Users/haohao/.m2/repository/org/fusesource/hawtbuf/hawtbuf/1.11/hawtbuf-1.11.jar:/Users/haohao/.m2/repository/org/apache/geronimo/specs/geronimo-j2ee-management_1.1_spec/1.0.1/geronimo-j2ee-management_1.1_spec-1.0.1.jar:/Users/haohao/.m2/repository/org/apache/activemq/activemq-openwire-legacy/5.14.5/activemq-openwire-legacy-5.14.5.jar:/Users/haohao/.m2/repository/org/apache/httpcomponents/httpclient/4.4.1/httpclient-4.4.1.jar:/Users/haohao/.m2/repository/org/apache/httpcomponents/httpcore/4.4.10/httpcore-4.4.10.jar:/Users/haohao/.m2/repository/commons-codec/commons-codec/1.10/commons-codec-1.10.jar:/Users/haohao/.m2/repository/com/alibaba/fastjson/1.2.15/fastjson-1.2.15.jar:/Users/haohao/.m2/repository/org/apache/poi/poi-ooxml/3.9/poi-ooxml-3.9.jar:/Users/haohao/.m2/repository/org/apache/poi/poi/3.9/poi-3.9.jar:/Users/haohao/.m2/repository/org/apache/poi/poi-ooxml-schemas/3.9/poi-ooxml-schemas-3.9.jar:/Users/haohao/.m2/repository/org/apache/xmlbeans/xmlbeans/2.3.0/xmlbeans-2.3.0.jar:/Users/haohao/.m2/repository/stax/stax-api/1.0.1/stax-api-1.0.1.jar:/Users/haohao/.m2/repository/dom4j/dom4j/1.6.1/dom4j-1.6.1.jar:/Users/haohao/.m2/repository/xml-apis/xml-apis/1.4.01/xml-apis-1.4.01.jar:/Users/haohao/.m2/repository/org/springframework/boot/spring-boot-starter-websocket/1.3.5.RELEASE/spring-boot-starter-websocket-1.3.5.RELEASE.jar:/Users/haohao/.m2/repository/org/springframework/spring-messaging/4.3.18.RELEASE/spring-messaging-4.3.18.RELEASE.jar:/Users/haohao/.m2/repository/org/springframework/spring-websocket/4.3.18.RELEASE/spring-websocket-4.3.18.RELEASE.jar:/Users/haohao/.m2/repository/org/bouncycastle/bcprov-ext-jdk16/1.46/bcprov-ext-jdk16-1.46.jar:, user.name=haohao, java.vm.specification.version=1.8, sun.java.command=/Users/haohao/Desktop/Mr Hao/WHJava/2.自己学习的demo/bbmanage/target/surefire/surefirebooter6701324396916957564.jar /Users/haohao/Desktop/Mr Hao/WHJava/2.自己学习的demo/bbmanage/target/surefire/surefire1257140220409075992tmp /Users/haohao/Desktop/Mr Hao/WHJava/2.自己学习的demo/bbmanage/target/surefire/surefire_02586412278692356119tmp, java.home=/Library/Java/JavaVirtualMachines/jdk1.8.0_111.jdk/Contents/Home/jre, sun.arch.data.model=64, user.language=zh, java.specification.vendor=Oracle Corporation, awt.toolkit=sun.lwawt.macosx.LWCToolkit, java.vm.info=mixed mode, java.version=1.8.0_111, java.ext.dirs=/Users/haohao/Library/Java/Extensions:/Library/Java/JavaVirtualMachines/jdk1.8.0_111.jdk/Contents/Home/jre/lib/ext:/Library/Java/Extensions:/Network/Library/Java/Extensions:/System/Library/Java/Extensions:/usr/lib/java, sun.boot.class.path=/Library/Java/JavaVirtualMachines/jdk1.8.0_111.jdk/Contents/Home/jre/lib/resources.jar:/Library/Java/JavaVirtualMachines/jdk1.8.0_111.jdk/Contents/Home/jre/lib/rt.jar:/Library/Java/JavaVirtualMachines/jdk1.8.0_111.jdk/Contents/Home/jre/lib/sunrsasign.jar:/Library/Java/JavaVirtualMachines/jdk1.8.0_111.jdk/Contents/Home/jre/lib/jsse.jar:/Library/Java/JavaVirtualMachines/jdk1.8.0_111.jdk/Contents/Home/jre/lib/jce.jar:/Library/Java/JavaVirtualMachines/jdk1.8.0_111.jdk/Contents/Home/jre/lib/charsets.jar:/Library/Java/JavaVirtualMachines/jdk1.8.0_111.jdk/Contents/Home/jre/lib/jfr.jar:/Library/Java/JavaVirtualMachines/jdk1.8.0_111.jdk/Contents/Home/jre/classes, java.vendor=Oracle Corporation, localRepository=/Users/haohao/.m2/repository, file.separator=/, java.vendor.url.bug=http://bugreport.sun.com/bugreport/, sun.io.unicode.encoding=UnicodeBig, sun.cpu.endian=little, sun.cpu.isalist=}}, SystemEnvironmentPropertySource@1199673596 {name='systemEnvironment', properties={JAVA_MAIN_CLASS_85783=org.apache.maven.surefire.booter.ForkedBooter, PATH=/Users/haohao/Documents/apache-maven-3.5.3/bin:/Users/haohao/anaconda3/bin:/Library/Frameworks/Python.framework/Versions/3.6/bin:/Library/Frameworks/Python.framework/Versions/3.6/bin:/usr/local/bin:/usr/bin:/bin:/usr/sbin:/sbin:/Applications/VMware Fusion.app/Contents/Public, SHELL=/bin/bash, OLDPWD=/Users/haohao/Desktop/Mr Hao/WHJava/2.自己学习的demo/bbmanage, SECURITYSESSIONID=186a7, USER=haohao, JAVA_MAIN_CLASS_85778=org.codehaus.classworlds.Launcher, COMMAND_MODE=unix2003, TMPDIR=/var/folders/qs/x9wd415x40b_jc_wwsj65px80000gn/T/, SSH_AUTH_SOCK=/private/tmp/com.apple.launchd.GUhX9k43cT/Listeners, XPC_FLAGS=0x0, M2_HOME=/Users/haohao/Documents/apache-maven-3.5.3, __CF_USER_TEXT_ENCODING=0x1F5:0x19:0x34, Apple_PubSub_Socket_Render=/private/tmp/com.apple.launchd.BLqeQ81Ou5/Render, LOGNAME=haohao, LC_CTYPE=zh_CN.UTF-8, XPC_SERVICE_NAME=0, PWD=/Users/haohao/Desktop/Mr Hao/WHJava/2.自己学习的demo/bbmanage, HOME=/Users/haohao, SHLVL=1, _=/Library/Java/JavaVirtualMachines/jdk1.8.0_111.jdk/Contents/Home/jre/bin/java}}]
17:01:36.601 [main] DEBUG org.springframework.core.env.MutablePropertySources - Adding PropertySource 'inline' with highest search precedence
17:01:36.605 [main] DEBUG org.springframework.test.context.support.TestPropertySourceUtils - Adding inlined properties to environment: {spring.jmx.enabled=false, org.springframework.boot.test.context.SpringBootTestContextBootstrapper=true, server.port=-1}
17:01:36.606 [main] DEBUG org.springframework.core.env.StandardEnvironment - Adding PropertySource 'Inlined Test Properties' with highest search precedence
 __      __ ____ ___  ___ ___    _____   ________   
/  \    /  \    |   \/   |   \  /  _  \  \_____  \  
\   \/\/   /    |   /    ~    \/  /_\  \  /   |   \ 
 \        /|    |  /\    Y    /    |    \/    |    \
  \__/\  / |______/  \___|_  /\____|__  /\_______  /
       \/                  \/         \/         \/
2018-12-10 17:01:41.898  WARN 85783 --- [           main] ory$DuplicateJsonObjectContextCustomizer : 

Found multiple occurrences of org.json.JSONObject on the class path:

	jar:file:/Users/haohao/.m2/repository/com/vaadin/external/google/android-json/0.0.20131108.vaadin1/android-json-0.0.20131108.vaadin1.jar!/org/json/JSONObject.class
	jar:file:/Users/haohao/.m2/repository/org/json/json/20140107/json-20140107.jar!/org/json/JSONObject.class

You may wish to exclude one of them to ensure predictable runtime behavior

2018-12-10 17:01:46.918  INFO 85783 --- [           main] c.b.bbmanage.BbmanageApplicationTests    : Starting BbmanageApplicationTests on HaoHaodeMacBook-Pro.local with PID 85783 (started by haohao in /Users/haohao/Desktop/Mr Hao/WHJava/2.自己学习的demo/bbmanage)
2018-12-10 17:01:46.918  INFO 85783 --- [           main] c.b.bbmanage.BbmanageApplicationTests    : No active profile set, falling back to default profiles: default
2018-12-10 17:01:47.155  INFO 85783 --- [           main] o.s.w.c.s.GenericWebApplicationContext   : Refreshing org.springframework.web.context.support.GenericWebApplicationContext@5e600dd5: startup date [Mon Dec 10 17:01:47 CST 2018]; root of context hierarchy
2018-12-10 17:01:47.880  INFO 85783 --- [           main] .s.d.r.c.RepositoryConfigurationDelegate : Multiple Spring Data modules found, entering strict repository configuration mode!
2018-12-10 17:01:48.075  INFO 85783 --- [           main] .s.d.r.c.RepositoryConfigurationDelegate : Multiple Spring Data modules found, entering strict repository configuration mode!
2018-12-10 17:01:48.139  INFO 85783 --- [           main] .RepositoryConfigurationExtensionSupport : Spring Data Redis - Could not safely identify store assignment for repository candidate interface com.beibei.bbmanage.repository.OnLineBookClassesRepository.
2018-12-10 17:01:48.141  INFO 85783 --- [           main] .RepositoryConfigurationExtensionSupport : Spring Data Redis - Could not safely identify store assignment for repository candidate interface com.beibei.bbmanage.repository.ClassTeacherRepository.
2018-12-10 17:01:48.141  INFO 85783 --- [           main] .RepositoryConfigurationExtensionSupport : Spring Data Redis - Could not safely identify store assignment for repository candidate interface com.beibei.bbmanage.repository.IndexBannerRepository.
2018-12-10 17:01:48.141  INFO 85783 --- [           main] .RepositoryConfigurationExtensionSupport : Spring Data Redis - Could not safely identify store assignment for repository candidate interface com.beibei.bbmanage.repository.ClassStudentRepository.
2018-12-10 17:01:48.142  INFO 85783 --- [           main] .RepositoryConfigurationExtensionSupport : Spring Data Redis - Could not safely identify store assignment for repository candidate interface com.beibei.bbmanage.repository.UserStudentRepository.
2018-12-10 17:01:48.142  INFO 85783 --- [           main] .RepositoryConfigurationExtensionSupport : Spring Data Redis - Could not safely identify store assignment for repository candidate interface com.beibei.bbmanage.repository.GartenPhototsRepository.
2018-12-10 17:01:48.142  INFO 85783 --- [           main] .RepositoryConfigurationExtensionSupport : Spring Data Redis - Could not safely identify store assignment for repository candidate interface com.beibei.bbmanage.repository.GartenCourseRepository.
2018-12-10 17:01:48.143  INFO 85783 --- [           main] .RepositoryConfigurationExtensionSupport : Spring Data Redis - Could not safely identify store assignment for repository candidate interface com.beibei.bbmanage.repository.GartenVideoRepository.
2018-12-10 17:01:48.143  INFO 85783 --- [           main] .RepositoryConfigurationExtensionSupport : Spring Data Redis - Could not safely identify store assignment for repository candidate interface com.beibei.bbmanage.repository.GartenInfoRepository.
2018-12-10 17:01:48.143  INFO 85783 --- [           main] .RepositoryConfigurationExtensionSupport : Spring Data Redis - Could not safely identify store assignment for repository candidate interface com.beibei.bbmanage.repository.GartenRecipeRepository.
2018-12-10 17:01:48.143  INFO 85783 --- [           main] .RepositoryConfigurationExtensionSupport : Spring Data Redis - Could not safely identify store assignment for repository candidate interface com.beibei.bbmanage.repository.GartenStudentRepository.
2018-12-10 17:01:48.144  INFO 85783 --- [           main] .RepositoryConfigurationExtensionSupport : Spring Data Redis - Could not safely identify store assignment for repository candidate interface com.beibei.bbmanage.repository.IndexCategoryRepository.
2018-12-10 17:01:48.144  INFO 85783 --- [           main] .RepositoryConfigurationExtensionSupport : Spring Data Redis - Could not safely identify store assignment for repository candidate interface com.beibei.bbmanage.repository.SysMenuRepository.
2018-12-10 17:01:48.144  INFO 85783 --- [           main] .RepositoryConfigurationExtensionSupport : Spring Data Redis - Could not safely identify store assignment for repository candidate interface com.beibei.bbmanage.repository.ActivityPhotosRepository.
2018-12-10 17:01:48.144  INFO 85783 --- [           main] .RepositoryConfigurationExtensionSupport : Spring Data Redis - Could not safely identify store assignment for repository candidate interface com.beibei.bbmanage.repository.GartenClassesRepository.
2018-12-10 17:01:48.145  INFO 85783 --- [           main] .RepositoryConfigurationExtensionSupport : Spring Data Redis - Could not safely identify store assignment for repository candidate interface com.beibei.bbmanage.repository.GartenTeacherRepository.
2018-12-10 17:01:48.145  INFO 85783 --- [           main] .RepositoryConfigurationExtensionSupport : Spring Data Redis - Could not safely identify store assignment for repository candidate interface com.beibei.bbmanage.repository.UserInfoRepository.
2018-12-10 17:01:48.145  INFO 85783 --- [           main] .RepositoryConfigurationExtensionSupport : Spring Data Redis - Could not safely identify store assignment for repository candidate interface com.beibei.bbmanage.repository.ActivityFileRepository.
2018-12-10 17:01:48.146  INFO 85783 --- [           main] .RepositoryConfigurationExtensionSupport : Spring Data Redis - Could not safely identify store assignment for repository candidate interface com.beibei.bbmanage.repository.GartenActivityRepository.
2018-12-10 17:01:48.146  INFO 85783 --- [           main] .RepositoryConfigurationExtensionSupport : Spring Data Redis - Could not safely identify store assignment for repository candidate interface com.beibei.bbmanage.repository.GartenNoticeRepository.
2018-12-10 17:01:48.777  INFO 85783 --- [           main] trationDelegate$BeanPostProcessorChecker : Bean 'org.springframework.transaction.annotation.ProxyTransactionManagementConfiguration' of type [org.springframework.transaction.annotation.ProxyTransactionManagementConfiguration$$EnhancerBySpringCGLIB$$e1997a1] is not eligible for getting processed by all BeanPostProcessors (for example: not eligible for auto-proxying)
2018-12-10 17:01:50.882  INFO 85783 --- [           main] com.alibaba.druid.pool.DruidDataSource   : {dataSource-1} inited
2018-12-10 17:01:51.015  INFO 85783 --- [           main] j.LocalContainerEntityManagerFactoryBean : Building JPA container EntityManagerFactory for persistence unit 'default'
2018-12-10 17:01:51.032  INFO 85783 --- [           main] o.hibernate.jpa.internal.util.LogHelper  : HHH000204: Processing PersistenceUnitInfo [
	name: default
	...]
2018-12-10 17:01:51.102  INFO 85783 --- [           main] org.hibernate.Version                    : HHH000412: Hibernate Core {5.0.12.Final}
2018-12-10 17:01:51.103  INFO 85783 --- [           main] org.hibernate.cfg.Environment            : HHH000206: hibernate.properties not found
2018-12-10 17:01:51.104  INFO 85783 --- [           main] org.hibernate.cfg.Environment            : HHH000021: Bytecode provider name : javassist
2018-12-10 17:01:51.146  INFO 85783 --- [           main] o.hibernate.annotations.common.Version   : HCANN000001: Hibernate Commons Annotations {5.0.1.Final}
2018-12-10 17:01:51.260  INFO 85783 --- [           main] org.hibernate.dialect.Dialect            : HHH000400: Using dialect: org.hibernate.dialect.MySQL5Dialect
2018-12-10 17:01:51.929  INFO 85783 --- [           main] j.LocalContainerEntityManagerFactoryBean : Initialized JPA EntityManagerFactory for persistence unit 'default'
2018-12-10 17:01:58.064  INFO 85783 --- [           main] o.h.h.i.QueryTranslatorFactoryInitiator  : HHH000397: Using ASTQueryTranslatorFactory
2018-12-10 17:01:58.696  INFO 85783 --- [           main] s.w.s.m.m.a.RequestMappingHandlerMapping : Mapped "{[/api/getClassListByUserId]}" onto public org.springframework.http.ResponseEntity<java.lang.Object> com.beibei.bbmanage.controller.api.contentplate.GartenClassesAPIController.getClassListByUserId(java.lang.Integer)
2018-12-10 17:01:58.697  INFO 85783 --- [           main] s.w.s.m.m.a.RequestMappingHandlerMapping : Mapped "{[/api/getGartenInfoByGartenId]}" onto public org.springframework.http.ResponseEntity<java.lang.Object> com.beibei.bbmanage.controller.api.contentplate.GartenInfoAPIController.getGartenInfoByGartenId(java.lang.Integer)
2018-12-10 17:01:58.698  INFO 85783 --- [           main] s.w.s.m.m.a.RequestMappingHandlerMapping : Mapped "{[/api/getGartenNoticeByGartenId]}" onto public org.springframework.http.ResponseEntity<java.lang.Object> com.beibei.bbmanage.controller.api.contentplate.GartenNoticeAPIController.getGartenNoticeByGartenId(java.lang.Integer)
2018-12-10 17:01:58.699  INFO 85783 --- [           main] s.w.s.m.m.a.RequestMappingHandlerMapping : Mapped "{[/api/getPhotolistByGartenId]}" onto public org.springframework.http.ResponseEntity<java.lang.Object> com.beibei.bbmanage.controller.api.contentplate.GartenPhotosAPIController.getPhotoListWithGartenId(java.lang.Integer)
2018-12-10 17:01:58.699  INFO 85783 --- [           main] s.w.s.m.m.a.RequestMappingHandlerMapping : Mapped "{[/api/getGartenRecipeByGartenId]}" onto public org.springframework.http.ResponseEntity<java.lang.Object> com.beibei.bbmanage.controller.api.contentplate.GartenRecipeAPIController.getGartenRecipeByGartenId(java.lang.Integer,java.lang.Integer)
2018-12-10 17:01:58.700  INFO 85783 --- [           main] s.w.s.m.m.a.RequestMappingHandlerMapping : Mapped "{[/api/getStudentListByClassId]}" onto public org.springframework.http.ResponseEntity<java.lang.Object> com.beibei.bbmanage.controller.api.contentplate.GartenStudentAPIController.getStudentListByClassId(java.lang.Integer)
2018-12-10 17:01:58.701  INFO 85783 --- [           main] s.w.s.m.m.a.RequestMappingHandlerMapping : Mapped "{[/api/getTeacherListByGartenId]}" onto public org.springframework.http.ResponseEntity<java.lang.Object> com.beibei.bbmanage.controller.api.contentplate.GartenTeacherAPIController.getTeacherListByGartenId(java.lang.Integer)
2018-12-10 17:01:58.701  INFO 85783 --- [           main] s.w.s.m.m.a.RequestMappingHandlerMapping : Mapped "{[/api/getTeacherListByUserId]}" onto public org.springframework.http.ResponseEntity<java.lang.Object> com.beibei.bbmanage.controller.api.contentplate.GartenTeacherAPIController.getTeacherListByUserId(java.lang.Integer)
2018-12-10 17:01:58.701  INFO 85783 --- [           main] s.w.s.m.m.a.RequestMappingHandlerMapping : Mapped "{[/api/getGartenVideoListWithGartenId]}" onto public org.springframework.http.ResponseEntity<java.lang.Object> com.beibei.bbmanage.controller.api.contentplate.GartenVideoAPIController.getGartenVideoListWithGartenId(java.lang.Integer)
2018-12-10 17:01:58.702  INFO 85783 --- [           main] s.w.s.m.m.a.RequestMappingHandlerMapping : Mapped "{[/api/initOnlineBookClass]}" onto public org.springframework.http.ResponseEntity<java.lang.Object> com.beibei.bbmanage.controller.api.contentplate.OnLineBookClassesAPIController.initOnlineBookClass()
2018-12-10 17:01:58.702  INFO 85783 --- [           main] s.w.s.m.m.a.RequestMappingHandlerMapping : Mapped "{[/api/saveOnlineBookClass]}" onto public org.springframework.http.ResponseEntity<java.lang.Object> com.beibei.bbmanage.controller.api.contentplate.OnLineBookClassesAPIController.saveOnlineBookClass(com.beibei.bbmanage.vo.OnlineBookClassVo)
2018-12-10 17:01:58.702  INFO 85783 --- [           main] s.w.s.m.m.a.RequestMappingHandlerMapping : Mapped "{[/api/checkUserHasBook]}" onto public org.springframework.http.ResponseEntity<java.lang.Object> com.beibei.bbmanage.controller.api.contentplate.OnLineBookClassesAPIController.checkUserHasBook(java.lang.String)
2018-12-10 17:01:58.703  INFO 85783 --- [           main] s.w.s.m.m.a.RequestMappingHandlerMapping : Mapped "{[/api/index/panelContent]}" onto public org.springframework.http.ResponseEntity<java.lang.Object> com.beibei.bbmanage.controller.api.index.WCPanelContentController.getIndexContent()
2018-12-10 17:01:58.707  INFO 85783 --- [           main] s.w.s.m.m.a.RequestMappingHandlerMapping : Mapped "{[/api/wx/login]}" onto public org.springframework.http.ResponseEntity<java.lang.Object> com.beibei.bbmanage.controller.api.login.WXLoginController.getWXOpenId(java.lang.String)
2018-12-10 17:01:58.707  INFO 85783 --- [           main] s.w.s.m.m.a.RequestMappingHandlerMapping : Mapped "{[/api/decodeUser],methods=[POST]}" onto public org.springframework.http.ResponseEntity<java.lang.Object> com.beibei.bbmanage.controller.api.login.WXLoginController.decodeUser(java.lang.String,java.lang.String,java.lang.String)
2018-12-10 17:01:58.707  INFO 85783 --- [           main] s.w.s.m.m.a.RequestMappingHandlerMapping : Mapped "{[/api/sendMsgCode]}" onto public org.springframework.http.ResponseEntity<java.lang.Object> com.beibei.bbmanage.controller.api.login.WXLoginController.sendMobileCode(java.lang.String)
2018-12-10 17:01:58.707  INFO 85783 --- [           main] s.w.s.m.m.a.RequestMappingHandlerMapping : Mapped "{[/api/wxUserLogin]}" onto public org.springframework.http.ResponseEntity<java.lang.Object> com.beibei.bbmanage.controller.api.login.WXLoginController.checkPhoneCode(java.lang.String,java.lang.String)
2018-12-10 17:01:58.708  INFO 85783 --- [           main] s.w.s.m.m.a.RequestMappingHandlerMapping : Mapped "{[/api/getRoomToken],methods=[POST]}" onto public org.springframework.http.ResponseEntity<java.lang.Object> com.beibei.bbmanage.controller.api.qiniuVideo.RoomController.getRoomToken(java.lang.String,java.lang.String)
2018-12-10 17:01:58.709  INFO 85783 --- [           main] s.w.s.m.m.a.RequestMappingHandlerMapping : Mapped "{[/test/easyWEbSocket]}" onto public org.springframework.http.ResponseEntity<java.lang.Object> com.beibei.bbmanage.controller.web.classes.ClassesController.pushMessage(java.lang.String)
2018-12-10 17:01:58.710  INFO 85783 --- [           main] s.w.s.m.m.a.RequestMappingHandlerMapping : Mapped "{[/index]}" onto public java.lang.String com.beibei.bbmanage.controller.web.common.WebCommonController.index(org.springframework.ui.Model)
2018-12-10 17:01:58.711  INFO 85783 --- [           main] s.w.s.m.m.a.RequestMappingHandlerMapping : Mapped "{[/management/classes/classadd]}" onto public java.lang.String com.beibei.bbmanage.controller.web.common.WebCommonController.addClasses()
2018-12-10 17:01:58.711  INFO 85783 --- [           main] s.w.s.m.m.a.RequestMappingHandlerMapping : Mapped "{[/welcome]}" onto public java.lang.String com.beibei.bbmanage.controller.web.common.WebCommonController.welcome()
2018-12-10 17:01:58.711  INFO 85783 --- [           main] s.w.s.m.m.a.RequestMappingHandlerMapping : Mapped "{[/management/page/rotation]}" onto public java.lang.String com.beibei.bbmanage.controller.web.common.WebCommonController.pageRotation(javax.servlet.http.HttpServletRequest,org.springframework.ui.Model)
2018-12-10 17:01:58.711  INFO 85783 --- [           main] s.w.s.m.m.a.RequestMappingHandlerMapping : Mapped "{[/management/page/rotation/add]}" onto public java.lang.String com.beibei.bbmanage.controller.web.common.WebCommonController.pageRotationAdd()
2018-12-10 17:01:58.711  INFO 85783 --- [           main] s.w.s.m.m.a.RequestMappingHandlerMapping : Mapped "{[/management/page/panel]}" onto public java.lang.String com.beibei.bbmanage.controller.web.common.WebCommonController.pagePanel(javax.servlet.http.HttpServletRequest,org.springframework.ui.Model)
2018-12-10 17:01:58.712  INFO 85783 --- [           main] s.w.s.m.m.a.RequestMappingHandlerMapping : Mapped "{[/management/page/panel/add]}" onto public java.lang.String com.beibei.bbmanage.controller.web.common.WebCommonController.pagePanelAdd(javax.servlet.http.HttpServletRequest,org.springframework.ui.Model)
2018-12-10 17:01:58.712  INFO 85783 --- [           main] s.w.s.m.m.a.RequestMappingHandlerMapping : Mapped "{[/picture/show]}" onto public java.lang.String com.beibei.bbmanage.controller.web.common.WebCommonController.pictureShow()
2018-12-10 17:01:58.712  INFO 85783 --- [           main] s.w.s.m.m.a.RequestMappingHandlerMapping : Mapped "{[/management/contentplate/campus/info]}" onto public java.lang.String com.beibei.bbmanage.controller.web.common.WebCommonController.campusInfo(org.springframework.ui.Model,javax.servlet.http.HttpServletRequest)
2018-12-10 17:01:58.712  INFO 85783 --- [           main] s.w.s.m.m.a.RequestMappingHandlerMapping : Mapped "{[/management/contentplate/garten/add]}" onto public java.lang.String com.beibei.bbmanage.controller.web.common.WebCommonController.gartenAdd()
2018-12-10 17:01:58.712  INFO 85783 --- [           main] s.w.s.m.m.a.RequestMappingHandlerMapping : Mapped "{[/management/contentplate/bookclasses/list]}" onto public java.lang.String com.beibei.bbmanage.controller.web.common.WebCommonController.showBookClassesList(org.springframework.ui.Model,javax.servlet.http.HttpServletRequest)
2018-12-10 17:01:58.712  INFO 85783 --- [           main] s.w.s.m.m.a.RequestMappingHandlerMapping : Mapped "{[/management/contentplate/announcement/list]}" onto public java.lang.String com.beibei.bbmanage.controller.web.common.WebCommonController.showAnnouncementList(org.springframework.ui.Model,javax.servlet.http.HttpServletRequest)
2018-12-10 17:01:58.712  INFO 85783 --- [           main] s.w.s.m.m.a.RequestMappingHandlerMapping : Mapped "{[/management/contentplate/announcement/add]}" onto public java.lang.String com.beibei.bbmanage.controller.web.common.WebCommonController.announcementAdd()
2018-12-10 17:01:58.713  INFO 85783 --- [           main] s.w.s.m.m.a.RequestMappingHandlerMapping : Mapped "{[/management/contentplate/announcement/teachers]}" onto public java.lang.String com.beibei.bbmanage.controller.web.common.WebCommonController.showTeachersList(org.springframework.ui.Model,javax.servlet.http.HttpServletRequest)
2018-12-10 17:01:58.713  INFO 85783 --- [           main] s.w.s.m.m.a.RequestMappingHandlerMapping : Mapped "{[/management/contentplate/announcement/teacher/add]}" onto public java.lang.String com.beibei.bbmanage.controller.web.common.WebCommonController.saveTeacher()
2018-12-10 17:01:58.713  INFO 85783 --- [           main] s.w.s.m.m.a.RequestMappingHandlerMapping : Mapped "{[/management/contentplate/announcement/student/add]}" onto public java.lang.String com.beibei.bbmanage.controller.web.common.WebCommonController.saveStuddent()
2018-12-10 17:01:58.713  INFO 85783 --- [           main] s.w.s.m.m.a.RequestMappingHandlerMapping : Mapped "{[/management/contentplate/announcement/student/import]}" onto public java.lang.String com.beibei.bbmanage.controller.web.common.WebCommonController.importStuddent()
2018-12-10 17:01:58.713  INFO 85783 --- [           main] s.w.s.m.m.a.RequestMappingHandlerMapping : Mapped "{[/management/contentplate/farm/recipes/list]}" onto public java.lang.String com.beibei.bbmanage.controller.web.common.WebCommonController.showFarmRecipes(org.springframework.ui.Model,javax.servlet.http.HttpServletRequest)
2018-12-10 17:01:58.714  INFO 85783 --- [           main] s.w.s.m.m.a.RequestMappingHandlerMapping : Mapped "{[/management/contentplate/farm/recipes/add]}" onto public java.lang.String com.beibei.bbmanage.controller.web.common.WebCommonController.saveFarmRecipes()
2018-12-10 17:01:58.714  INFO 85783 --- [           main] s.w.s.m.m.a.RequestMappingHandlerMapping : Mapped "{[/management/contentplate/baby/show]}" onto public java.lang.String com.beibei.bbmanage.controller.web.common.WebCommonController.showBabyShowList(org.springframework.ui.Model,javax.servlet.http.HttpServletRequest)
2018-12-10 17:01:58.714  INFO 85783 --- [           main] s.w.s.m.m.a.RequestMappingHandlerMapping : Mapped "{[/management/contentplate/baby/show/add]}" onto public java.lang.String com.beibei.bbmanage.controller.web.common.WebCommonController.addBabyShowList()
2018-12-10 17:01:58.714  INFO 85783 --- [           main] s.w.s.m.m.a.RequestMappingHandlerMapping : Mapped "{[/management/contentplate/class/photo]}" onto public java.lang.String com.beibei.bbmanage.controller.web.common.WebCommonController.showClassPhotots(org.springframework.ui.Model,javax.servlet.http.HttpServletRequest)
2018-12-10 17:01:58.714  INFO 85783 --- [           main] s.w.s.m.m.a.RequestMappingHandlerMapping : Mapped "{[/management/contentplate/class/photo/add]}" onto public java.lang.String com.beibei.bbmanage.controller.web.common.WebCommonController.addClassPhotots()
2018-12-10 17:01:58.714  INFO 85783 --- [           main] s.w.s.m.m.a.RequestMappingHandlerMapping : Mapped "{[/management/contentplate/class/photo/show]}" onto public java.lang.String com.beibei.bbmanage.controller.web.common.WebCommonController.showClassPhotosList()
2018-12-10 17:01:58.715  INFO 85783 --- [           main] s.w.s.m.m.a.RequestMappingHandlerMapping : Mapped "{[/management/contentplate/class/photoList/show]}" onto public java.lang.String com.beibei.bbmanage.controller.web.common.WebCommonController.showClassPhotosDetailList()
2018-12-10 17:01:58.715  INFO 85783 --- [           main] s.w.s.m.m.a.RequestMappingHandlerMapping : Mapped "{[/management/classes/classlist]}" onto public java.lang.String com.beibei.bbmanage.controller.web.common.WebCommonController.showClassList(org.springframework.ui.Model,javax.servlet.http.HttpServletRequest)
2018-12-10 17:01:58.715  INFO 85783 --- [           main] s.w.s.m.m.a.RequestMappingHandlerMapping : Mapped "{[/management/classes/classListShow]}" onto public java.lang.String com.beibei.bbmanage.controller.web.common.WebCommonController.classListShow()
2018-12-10 17:01:58.715  INFO 85783 --- [           main] s.w.s.m.m.a.RequestMappingHandlerMapping : Mapped "{[/management/contentplate/activity/list]}" onto public java.lang.String com.beibei.bbmanage.controller.web.common.WebCommonController.activityList(javax.servlet.http.HttpServletRequest,org.springframework.ui.Model)
2018-12-10 17:01:58.715  INFO 85783 --- [           main] s.w.s.m.m.a.RequestMappingHandlerMapping : Mapped "{[/management/contentplate/activity/add]}" onto public java.lang.String com.beibei.bbmanage.controller.web.common.WebCommonController.activityAdd()
2018-12-10 17:01:58.715  INFO 85783 --- [           main] s.w.s.m.m.a.RequestMappingHandlerMapping : Mapped "{[/management/contentplate/activity/photots]}" onto public java.lang.String com.beibei.bbmanage.controller.web.common.WebCommonController.activityPhotoList()
2018-12-10 17:01:58.716  INFO 85783 --- [           main] s.w.s.m.m.a.RequestMappingHandlerMapping : Mapped "{[/management/contentplate/activity/photos/add]}" onto public java.lang.String com.beibei.bbmanage.controller.web.common.WebCommonController.addActivityPhoto()
2018-12-10 17:01:58.716  INFO 85783 --- [           main] s.w.s.m.m.a.RequestMappingHandlerMapping : Mapped "{[/management/userList]}" onto public java.lang.String com.beibei.bbmanage.controller.web.common.WebCommonController.userList(javax.servlet.http.HttpServletRequest,org.springframework.ui.Model)
2018-12-10 17:01:58.716  INFO 85783 --- [           main] s.w.s.m.m.a.RequestMappingHandlerMapping : Mapped "{[/activity/list]}" onto public org.springframework.http.ResponseEntity<java.lang.Object> com.beibei.bbmanage.controller.web.contentplate.GartenActivityController.getActvityList(java.lang.Integer,java.lang.Integer)
2018-12-10 17:01:58.717  INFO 85783 --- [           main] s.w.s.m.m.a.RequestMappingHandlerMapping : Mapped "{[/activity/save]}" onto public org.springframework.http.ResponseEntity<java.lang.Object> com.beibei.bbmanage.controller.web.contentplate.GartenActivityController.saveActivity(com.beibei.bbmanage.entity.TGartenActivityEntity)
2018-12-10 17:01:58.717  INFO 85783 --- [           main] s.w.s.m.m.a.RequestMappingHandlerMapping : Mapped "{[/activity/photo/save]}" onto public org.springframework.http.ResponseEntity<java.lang.Object> com.beibei.bbmanage.controller.web.contentplate.GartenActivityController.saveActivityPhotos(org.springframework.web.multipart.MultipartFile[],java.lang.Integer)
2018-12-10 17:01:58.717  INFO 85783 --- [           main] s.w.s.m.m.a.RequestMappingHandlerMapping : Mapped "{[/getActivityPhotoByActivityId]}" onto public org.springframework.http.ResponseEntity<java.lang.Object> com.beibei.bbmanage.controller.web.contentplate.GartenActivityController.getActivityPhotoByActivityId(java.lang.Integer)
2018-12-10 17:01:58.718  INFO 85783 --- [           main] s.w.s.m.m.a.RequestMappingHandlerMapping : Mapped "{[/classes/getGartenClass]}" onto public org.springframework.http.ResponseEntity<java.lang.Object> com.beibei.bbmanage.controller.web.contentplate.GartenClassesController.getGartenClass(java.lang.Integer)
2018-12-10 17:01:58.718  INFO 85783 --- [           main] s.w.s.m.m.a.RequestMappingHandlerMapping : Mapped "{[/classes/page/classList]}" onto public org.springframework.http.ResponseEntity<java.lang.Object> com.beibei.bbmanage.controller.web.contentplate.GartenClassesController.getPageClassList(javax.servlet.http.HttpServletRequest)
2018-12-10 17:01:58.718  INFO 85783 --- [           main] s.w.s.m.m.a.RequestMappingHandlerMapping : Mapped "{[/classes/saveGartenClass]}" onto public org.springframework.http.ResponseEntity<java.lang.Object> com.beibei.bbmanage.controller.web.contentplate.GartenClassesController.saveGartenClass(com.beibei.bbmanage.entity.TGartenClassEntity)
2018-12-10 17:01:58.719  INFO 85783 --- [           main] s.w.s.m.m.a.RequestMappingHandlerMapping : Mapped "{[/garten/list]}" onto public org.springframework.http.ResponseEntity<java.lang.Object> com.beibei.bbmanage.controller.web.contentplate.GartenInfoController.findAllGarten(javax.servlet.http.HttpServletRequest)
2018-12-10 17:01:58.719  INFO 85783 --- [           main] s.w.s.m.m.a.RequestMappingHandlerMapping : Mapped "{[/garden/save]}" onto public org.springframework.http.ResponseEntity<java.lang.Object> com.beibei.bbmanage.controller.web.contentplate.GartenInfoController.saveNewgarden(com.beibei.bbmanage.entity.TGartenInfoEntity,org.springframework.web.multipart.MultipartFile[],java.lang.String)
2018-12-10 17:01:58.719  INFO 85783 --- [           main] s.w.s.m.m.a.RequestMappingHandlerMapping : Mapped "{[/garden/allInfo]}" onto public org.springframework.http.ResponseEntity<java.lang.Object> com.beibei.bbmanage.controller.web.contentplate.GartenInfoController.findAllGardenInfoWithStatus()
2018-12-10 17:01:58.719  INFO 85783 --- [           main] s.w.s.m.m.a.RequestMappingHandlerMapping : Mapped "{[/garten/notice/list]}" onto public org.springframework.http.ResponseEntity<java.lang.Object> com.beibei.bbmanage.controller.web.contentplate.GartenNoticeController.getGartenNoticeList(javax.servlet.http.HttpServletRequest)
2018-12-10 17:01:58.719  INFO 85783 --- [           main] s.w.s.m.m.a.RequestMappingHandlerMapping : Mapped "{[/garten/notice/save]}" onto public org.springframework.http.ResponseEntity<java.lang.Object> com.beibei.bbmanage.controller.web.contentplate.GartenNoticeController.saveGartenNotice(com.beibei.bbmanage.entity.TGartenNoticeEntity)
2018-12-10 17:01:58.720  INFO 85783 --- [           main] s.w.s.m.m.a.RequestMappingHandlerMapping : Mapped "{[/garten/photo/save]}" onto public org.springframework.http.ResponseEntity<java.lang.Object> com.beibei.bbmanage.controller.web.contentplate.GartenPhotosController.saveGartenPhoto(com.beibei.bbmanage.entity.TGartenPhotosEntity,org.springframework.web.multipart.MultipartFile[])
2018-12-10 17:01:58.720  INFO 85783 --- [           main] s.w.s.m.m.a.RequestMappingHandlerMapping : Mapped "{[/getGartenClassPhotosCountByGartenId]}" onto public org.springframework.http.ResponseEntity<java.lang.Object> com.beibei.bbmanage.controller.web.contentplate.GartenPhotosController.getGartenClassPhotosCount(java.lang.Integer)
2018-12-10 17:01:58.720  INFO 85783 --- [           main] s.w.s.m.m.a.RequestMappingHandlerMapping : Mapped "{[/getClassPhotosByClassId]}" onto public org.springframework.http.ResponseEntity<java.lang.Object> com.beibei.bbmanage.controller.web.contentplate.GartenPhotosController.getClassPhotosByClassId(java.lang.Integer)
2018-12-10 17:01:58.721  INFO 85783 --- [           main] s.w.s.m.m.a.RequestMappingHandlerMapping : Mapped "{[/farm/recipe/save]}" onto public org.springframework.http.ResponseEntity<java.lang.Object> com.beibei.bbmanage.controller.web.contentplate.GartenRecipesController.saveRecipe(com.beibei.bbmanage.entity.TGartenRecipeEntity)
2018-12-10 17:01:58.721  INFO 85783 --- [           main] s.w.s.m.m.a.RequestMappingHandlerMapping : Mapped "{[/farm/recipe/list]}" onto public org.springframework.http.ResponseEntity<java.lang.Object> com.beibei.bbmanage.controller.web.contentplate.GartenRecipesController.findAllFarmRecipes(java.lang.Integer)
2018-12-10 17:01:58.721  INFO 85783 --- [           main] s.w.s.m.m.a.RequestMappingHandlerMapping : Mapped "{[/farm/recipe/mapList]}" onto public java.util.List<java.util.Map<java.lang.String, java.lang.Object>> com.beibei.bbmanage.controller.web.contentplate.GartenRecipesController.findRecipesById(java.lang.Integer)
2018-12-10 17:01:58.721  INFO 85783 --- [           main] s.w.s.m.m.a.RequestMappingHandlerMapping : Mapped "{[/farm/findRecipeById]}" onto public org.springframework.http.ResponseEntity<java.lang.Object> com.beibei.bbmanage.controller.web.contentplate.GartenRecipesController.findRecipeById(java.lang.Integer)
2018-12-10 17:01:58.721  INFO 85783 --- [           main] s.w.s.m.m.a.RequestMappingHandlerMapping : Mapped "{[/farm/deleteRecipedById]}" onto public org.springframework.http.ResponseEntity<java.lang.Object> com.beibei.bbmanage.controller.web.contentplate.GartenRecipesController.deleteRecipeById(java.lang.Integer)
2018-12-10 17:01:58.722  INFO 85783 --- [           main] s.w.s.m.m.a.RequestMappingHandlerMapping : Mapped "{[/import/student/info]}" onto public org.springframework.http.ResponseEntity<java.lang.Object> com.beibei.bbmanage.controller.web.contentplate.GartenStudentController.importStudentInfoExcel(org.springframework.web.multipart.MultipartFile) throws java.lang.Exception
2018-12-10 17:01:58.722  INFO 85783 --- [           main] s.w.s.m.m.a.RequestMappingHandlerMapping : Mapped "{[/student/save]}" onto public org.springframework.http.ResponseEntity<java.lang.Object> com.beibei.bbmanage.controller.web.contentplate.GartenStudentController.saveStudent(com.beibei.bbmanage.vo.GartenStudentFormVo,org.springframework.web.multipart.MultipartFile[],org.springframework.web.multipart.MultipartFile[])
2018-12-10 17:01:58.722  INFO 85783 --- [           main] s.w.s.m.m.a.RequestMappingHandlerMapping : Mapped "{[/student/list]}" onto public org.springframework.http.ResponseEntity<java.lang.Object> com.beibei.bbmanage.controller.web.contentplate.GartenStudentController.getStudentList(java.lang.Integer,java.lang.Integer,java.lang.Integer,java.lang.Integer,java.lang.Integer)
2018-12-10 17:01:58.723  INFO 85783 --- [           main] s.w.s.m.m.a.RequestMappingHandlerMapping : Mapped "{[/teacher/save]}" onto public org.springframework.http.ResponseEntity<java.lang.Object> com.beibei.bbmanage.controller.web.contentplate.GartenTeacherController.saveNewgarden(com.beibei.bbmanage.vo.GartenTeacherInfoVo,org.springframework.web.multipart.MultipartFile[],java.lang.String)
2018-12-10 17:01:58.723  INFO 85783 --- [           main] s.w.s.m.m.a.RequestMappingHandlerMapping : Mapped "{[/getTeacherListByGartenId]}" onto public org.springframework.http.ResponseEntity<java.lang.Object> com.beibei.bbmanage.controller.web.contentplate.GartenTeacherController.getTeacherListByGartenId(java.lang.Integer)
2018-12-10 17:01:58.723  INFO 85783 --- [           main] s.w.s.m.m.a.RequestMappingHandlerMapping : Mapped "{[/teacher/initAddGartenTeacherData]}" onto public org.springframework.http.ResponseEntity<java.lang.Object> com.beibei.bbmanage.controller.web.contentplate.GartenTeacherController.initAddGartenTeacherData()
2018-12-10 17:01:58.723  INFO 85783 --- [           main] s.w.s.m.m.a.RequestMappingHandlerMapping : Mapped "{[/teacher/list]}" onto public org.springframework.http.ResponseEntity<java.lang.Object> com.beibei.bbmanage.controller.web.contentplate.GartenTeacherController.showTeacherList(java.lang.Integer,java.lang.Integer,java.lang.Integer,java.lang.Integer,java.lang.Integer)
2018-12-10 17:01:58.724  INFO 85783 --- [           main] s.w.s.m.m.a.RequestMappingHandlerMapping : Mapped "{[/getTeacherListByClassId]}" onto public org.springframework.http.ResponseEntity<java.lang.Object> com.beibei.bbmanage.controller.web.contentplate.GartenTeacherController.getTeacherListByClassId(java.lang.Integer)
2018-12-10 17:01:58.724  INFO 85783 --- [           main] s.w.s.m.m.a.RequestMappingHandlerMapping : Mapped "{[/garten/video/save]}" onto public org.springframework.http.ResponseEntity<java.lang.Object> com.beibei.bbmanage.controller.web.contentplate.GartenVideoController.saveGartenVideo(com.beibei.bbmanage.entity.TGartenVideoEntity,org.springframework.web.multipart.MultipartFile[])
2018-12-10 17:01:58.724  INFO 85783 --- [           main] s.w.s.m.m.a.RequestMappingHandlerMapping : Mapped "{[/garten/video/list]}" onto public org.springframework.http.ResponseEntity<java.lang.Object> com.beibei.bbmanage.controller.web.contentplate.GartenVideoController.gartenVideoList(java.lang.Integer,java.lang.Integer,java.lang.String,java.lang.String,java.lang.Integer,java.lang.Integer)
2018-12-10 17:01:58.724  INFO 85783 --- [           main] s.w.s.m.m.a.RequestMappingHandlerMapping : Mapped "{[/online/book/list]}" onto public org.springframework.http.ResponseEntity<java.lang.Object> com.beibei.bbmanage.controller.web.contentplate.OnLineBookClassesController.getOnLineBookClassesList(javax.servlet.http.HttpServletRequest)
2018-12-10 17:01:58.725  INFO 85783 --- [           main] s.w.s.m.m.a.RequestMappingHandlerMapping : Mapped "{[/panelcontent/save]}" onto public org.springframework.http.ResponseEntity<java.lang.Object> com.beibei.bbmanage.controller.web.index.IndexBannerController.saveIndexBanner(com.beibei.bbmanage.entity.TIndexBannerEntity,org.springframework.web.multipart.MultipartFile[],java.lang.String)
2018-12-10 17:01:58.725  INFO 85783 --- [           main] s.w.s.m.m.a.RequestMappingHandlerMapping : Mapped "{[/panelcontent/list]}" onto public org.springframework.http.ResponseEntity<java.lang.Object> com.beibei.bbmanage.controller.web.index.IndexBannerController.indexBannerList(javax.servlet.http.HttpServletRequest)
2018-12-10 17:01:58.725  INFO 85783 --- [           main] s.w.s.m.m.a.RequestMappingHandlerMapping : Mapped "{[/page/rotation/editRotationStatus]}" onto public org.springframework.http.ResponseEntity<java.lang.Object> com.beibei.bbmanage.controller.web.index.IndexBannerController.editRotationStatus(java.lang.Integer,java.lang.Integer)
2018-12-10 17:01:58.725  INFO 85783 --- [           main] s.w.s.m.m.a.RequestMappingHandlerMapping : Mapped "{[/page/rotation/deleteRotation]}" onto public org.springframework.http.ResponseEntity<java.lang.Object> com.beibei.bbmanage.controller.web.index.IndexBannerController.deleteRotation(java.lang.String)
2018-12-10 17:01:58.726  INFO 85783 --- [           main] s.w.s.m.m.a.RequestMappingHandlerMapping : Mapped "{[/page/panel/list]}" onto public org.springframework.http.ResponseEntity<java.lang.Object> com.beibei.bbmanage.controller.web.index.IndexCategoryController.getPanelList(javax.servlet.http.HttpServletRequest)
2018-12-10 17:01:58.726  INFO 85783 --- [           main] s.w.s.m.m.a.RequestMappingHandlerMapping : Mapped "{[/page/panel/add]}" onto public org.springframework.http.ResponseEntity<java.lang.Object> com.beibei.bbmanage.controller.web.index.IndexCategoryController.savePanel(com.beibei.bbmanage.entity.TIndexCategoryEntity,org.springframework.web.multipart.MultipartFile[])
2018-12-10 17:01:58.727  INFO 85783 --- [           main] s.w.s.m.m.a.RequestMappingHandlerMapping : Mapped "{[/page/panel/deletePanel]}" onto public org.springframework.http.ResponseEntity<java.lang.Object> com.beibei.bbmanage.controller.web.index.IndexCategoryController.deletePanel(java.lang.Integer)
2018-12-10 17:01:58.727  INFO 85783 --- [           main] s.w.s.m.m.a.RequestMappingHandlerMapping : Mapped "{[/index/menu]}" onto public org.springframework.http.ResponseEntity<java.lang.Object> com.beibei.bbmanage.controller.web.sys.WebSysMenuController.getSysMenu()
2018-12-10 17:01:58.727  INFO 85783 --- [           main] s.w.s.m.m.a.RequestMappingHandlerMapping : Mapped "{[/gt/register]}" onto public void com.beibei.bbmanage.controller.web.user.UserController.start(javax.servlet.http.HttpServletResponse,javax.servlet.http.HttpServletRequest)
2018-12-10 17:01:58.727  INFO 85783 --- [           main] s.w.s.m.m.a.RequestMappingHandlerMapping : Mapped "{[/user/findAllUser]}" onto public org.springframework.http.ResponseEntity<java.lang.Object> com.beibei.bbmanage.controller.web.user.UserController.findAllUser(javax.servlet.http.HttpServletRequest)
2018-12-10 17:01:58.732  INFO 85783 --- [           main] s.w.s.m.m.a.RequestMappingHandlerMapping : Mapped "{[/error]}" onto public org.springframework.http.ResponseEntity<java.util.Map<java.lang.String, java.lang.Object>> org.springframework.boot.autoconfigure.web.BasicErrorController.error(javax.servlet.http.HttpServletRequest)
2018-12-10 17:01:58.732  INFO 85783 --- [           main] s.w.s.m.m.a.RequestMappingHandlerMapping : Mapped "{[/error],produces=[text/html]}" onto public org.springframework.web.servlet.ModelAndView org.springframework.boot.autoconfigure.web.BasicErrorController.errorHtml(javax.servlet.http.HttpServletRequest,javax.servlet.http.HttpServletResponse)
2018-12-10 17:01:58.754  INFO 85783 --- [           main] o.s.w.s.handler.SimpleUrlHandlerMapping  : Mapped URL path [/login.html] onto handler of type [class org.springframework.web.servlet.mvc.ParameterizableViewController]
2018-12-10 17:01:58.754  INFO 85783 --- [           main] o.s.w.s.handler.SimpleUrlHandlerMapping  : Root mapping to handler of type [class org.springframework.web.servlet.mvc.ParameterizableViewController]
2018-12-10 17:01:58.771  INFO 85783 --- [           main] o.s.w.s.handler.SimpleUrlHandlerMapping  : Mapped URL path [/static/**] onto handler of type [class org.springframework.web.servlet.resource.ResourceHttpRequestHandler]
2018-12-10 17:01:58.864  INFO 85783 --- [           main] s.w.s.m.m.a.RequestMappingHandlerAdapter : Looking for @ControllerAdvice: org.springframework.web.context.support.GenericWebApplicationContext@5e600dd5: startup date [Mon Dec 10 17:01:47 CST 2018]; root of context hierarchy
2018-12-10 17:01:58.931  WARN 85783 --- [           main] o.s.w.c.s.GenericWebApplicationContext   : Exception encountered during context initialization - cancelling refresh attempt: org.springframework.beans.factory.BeanCreationException: Error creating bean with name 'serverEndpointExporter' defined in class path resource [com/beibei/bbmanage/handler/WebSocketConfig.class]: Invocation of init method failed; nested exception is java.lang.IllegalStateException: javax.websocket.server.ServerContainer not available
2018-12-10 17:01:58.937  INFO 85783 --- [           main] j.LocalContainerEntityManagerFactoryBean : Closing JPA EntityManagerFactory for persistence unit 'default'
2018-12-10 17:01:58.943  INFO 85783 --- [           main] com.alibaba.druid.pool.DruidDataSource   : {dataSource-1} closed
2018-12-10 17:01:58.950  INFO 85783 --- [           main] utoConfigurationReportLoggingInitializer : 

Error starting ApplicationContext. To display the auto-configuration report re-run your application with 'debug' enabled.
2018-12-10 17:01:58.958 ERROR 85783 --- [           main] o.s.boot.SpringApplication               : Application startup failed

org.springframework.beans.factory.BeanCreationException: Error creating bean with name 'serverEndpointExporter' defined in class path resource [com/beibei/bbmanage/handler/WebSocketConfig.class]: Invocation of init method failed; nested exception is java.lang.IllegalStateException: javax.websocket.server.ServerContainer not available
	at org.springframework.beans.factory.support.AbstractAutowireCapableBeanFactory.initializeBean(AbstractAutowireCapableBeanFactory.java:1634) ~[spring-beans-4.3.18.RELEASE.jar:4.3.18.RELEASE]
	at org.springframework.beans.factory.support.AbstractAutowireCapableBeanFactory.doCreateBean(AbstractAutowireCapableBeanFactory.java:555) ~[spring-beans-4.3.18.RELEASE.jar:4.3.18.RELEASE]
	at org.springframework.beans.factory.support.AbstractAutowireCapableBeanFactory.createBean(AbstractAutowireCapableBeanFactory.java:483) ~[spring-beans-4.3.18.RELEASE.jar:4.3.18.RELEASE]
	at org.springframework.beans.factory.support.AbstractBeanFactory$1.getObject(AbstractBeanFactory.java:312) ~[spring-beans-4.3.18.RELEASE.jar:4.3.18.RELEASE]
	at org.springframework.beans.factory.support.DefaultSingletonBeanRegistry.getSingleton(DefaultSingletonBeanRegistry.java:230) ~[spring-beans-4.3.18.RELEASE.jar:4.3.18.RELEASE]
	at org.springframework.beans.factory.support.AbstractBeanFactory.doGetBean(AbstractBeanFactory.java:308) ~[spring-beans-4.3.18.RELEASE.jar:4.3.18.RELEASE]
	at org.springframework.beans.factory.support.AbstractBeanFactory.getBean(AbstractBeanFactory.java:197) ~[spring-beans-4.3.18.RELEASE.jar:4.3.18.RELEASE]
	at org.springframework.beans.factory.support.DefaultListableBeanFactory.preInstantiateSingletons(DefaultListableBeanFactory.java:761) ~[spring-beans-4.3.18.RELEASE.jar:4.3.18.RELEASE]
	at org.springframework.context.support.AbstractApplicationContext.finishBeanFactoryInitialization(AbstractApplicationContext.java:867) ~[spring-context-4.3.18.RELEASE.jar:4.3.18.RELEASE]
	at org.springframework.context.support.AbstractApplicationContext.refresh(AbstractApplicationContext.java:543) ~[spring-context-4.3.18.RELEASE.jar:4.3.18.RELEASE]
	at org.springframework.boot.SpringApplication.refresh(SpringApplication.java:693) ~[spring-boot-1.5.15.RELEASE.jar:1.5.15.RELEASE]
	at org.springframework.boot.SpringApplication.refreshContext(SpringApplication.java:360) ~[spring-boot-1.5.15.RELEASE.jar:1.5.15.RELEASE]
	at org.springframework.boot.SpringApplication.run(SpringApplication.java:303) ~[spring-boot-1.5.15.RELEASE.jar:1.5.15.RELEASE]
	at org.springframework.boot.test.context.SpringBootContextLoader.loadContext(SpringBootContextLoader.java:121) [spring-boot-test-1.5.15.RELEASE.jar:1.5.15.RELEASE]
	at org.springframework.test.context.cache.DefaultCacheAwareContextLoaderDelegate.loadContextInternal(DefaultCacheAwareContextLoaderDelegate.java:98) [spring-test-4.3.18.RELEASE.jar:4.3.18.RELEASE]
	at org.springframework.test.context.cache.DefaultCacheAwareContextLoaderDelegate.loadContext(DefaultCacheAwareContextLoaderDelegate.java:116) [spring-test-4.3.18.RELEASE.jar:4.3.18.RELEASE]
	at org.springframework.test.context.support.DefaultTestContext.getApplicationContext(DefaultTestContext.java:83) [spring-test-4.3.18.RELEASE.jar:4.3.18.RELEASE]
	at org.springframework.test.context.web.ServletTestExecutionListener.setUpRequestContextIfNecessary(ServletTestExecutionListener.java:189) [spring-test-4.3.18.RELEASE.jar:4.3.18.RELEASE]
	at org.springframework.test.context.web.ServletTestExecutionListener.prepareTestInstance(ServletTestExecutionListener.java:131) [spring-test-4.3.18.RELEASE.jar:4.3.18.RELEASE]
	at org.springframework.test.context.TestContextManager.prepareTestInstance(TestContextManager.java:230) [spring-test-4.3.18.RELEASE.jar:4.3.18.RELEASE]
	at org.springframework.test.context.junit4.SpringJUnit4ClassRunner.createTest(SpringJUnit4ClassRunner.java:228) [spring-test-4.3.18.RELEASE.jar:4.3.18.RELEASE]
	at org.springframework.test.context.junit4.SpringJUnit4ClassRunner$1.runReflectiveCall(SpringJUnit4ClassRunner.java:287) [spring-test-4.3.18.RELEASE.jar:4.3.18.RELEASE]
	at org.junit.internal.runners.model.ReflectiveCallable.run(ReflectiveCallable.java:12) [junit-4.12.jar:4.12]
	at org.springframework.test.context.junit4.SpringJUnit4ClassRunner.methodBlock(SpringJUnit4ClassRunner.java:289) [spring-test-4.3.18.RELEASE.jar:4.3.18.RELEASE]
	at org.springframework.test.context.junit4.SpringJUnit4ClassRunner.runChild(SpringJUnit4ClassRunner.java:247) [spring-test-4.3.18.RELEASE.jar:4.3.18.RELEASE]
	at org.springframework.test.context.junit4.SpringJUnit4ClassRunner.runChild(SpringJUnit4ClassRunner.java:94) [spring-test-4.3.18.RELEASE.jar:4.3.18.RELEASE]
	at org.junit.runners.ParentRunner$3.run(ParentRunner.java:290) [junit-4.12.jar:4.12]
	at org.junit.runners.ParentRunner$1.schedule(ParentRunner.java:71) [junit-4.12.jar:4.12]
	at org.junit.runners.ParentRunner.runChildren(ParentRunner.java:288) [junit-4.12.jar:4.12]
	at org.junit.runners.ParentRunner.access$000(ParentRunner.java:58) [junit-4.12.jar:4.12]
	at org.junit.runners.ParentRunner$2.evaluate(ParentRunner.java:268) [junit-4.12.jar:4.12]
	at org.springframework.test.context.junit4.statements.RunBeforeTestClassCallbacks.evaluate(RunBeforeTestClassCallbacks.java:61) [spring-test-4.3.18.RELEASE.jar:4.3.18.RELEASE]
	at org.springframework.test.context.junit4.statements.RunAfterTestClassCallbacks.evaluate(RunAfterTestClassCallbacks.java:70) [spring-test-4.3.18.RELEASE.jar:4.3.18.RELEASE]
	at org.junit.runners.ParentRunner.run(ParentRunner.java:363) [junit-4.12.jar:4.12]
	at org.springframework.test.context.junit4.SpringJUnit4ClassRunner.run(SpringJUnit4ClassRunner.java:191) [spring-test-4.3.18.RELEASE.jar:4.3.18.RELEASE]
	at org.apache.maven.surefire.junit4.JUnit4Provider.execute(JUnit4Provider.java:283) [surefire-junit4-2.18.1.jar:2.18.1]
	at org.apache.maven.surefire.junit4.JUnit4Provider.executeWithRerun(JUnit4Provider.java:173) [surefire-junit4-2.18.1.jar:2.18.1]
	at org.apache.maven.surefire.junit4.JUnit4Provider.executeTestSet(JUnit4Provider.java:153) [surefire-junit4-2.18.1.jar:2.18.1]
	at org.apache.maven.surefire.junit4.JUnit4Provider.invoke(JUnit4Provider.java:128) [surefire-junit4-2.18.1.jar:2.18.1]
	at org.apache.maven.surefire.booter.ForkedBooter.invokeProviderInSameClassLoader(ForkedBooter.java:203) [surefire-booter-2.18.1.jar:2.18.1]
	at org.apache.maven.surefire.booter.ForkedBooter.runSuitesInProcess(ForkedBooter.java:155) [surefire-booter-2.18.1.jar:2.18.1]
	at org.apache.maven.surefire.booter.ForkedBooter.main(ForkedBooter.java:103) [surefire-booter-2.18.1.jar:2.18.1]
Caused by: java.lang.IllegalStateException: javax.websocket.server.ServerContainer not available
	at org.springframework.util.Assert.state(Assert.java:70) ~[spring-core-4.3.18.RELEASE.jar:4.3.18.RELEASE]
	at org.springframework.web.socket.server.standard.ServerEndpointExporter.afterPropertiesSet(ServerEndpointExporter.java:102) ~[spring-websocket-4.3.18.RELEASE.jar:4.3.18.RELEASE]
	at org.springframework.beans.factory.support.AbstractAutowireCapableBeanFactory.invokeInitMethods(AbstractAutowireCapableBeanFactory.java:1692) ~[spring-beans-4.3.18.RELEASE.jar:4.3.18.RELEASE]
	at org.springframework.beans.factory.support.AbstractAutowireCapableBeanFactory.initializeBean(AbstractAutowireCapableBeanFactory.java:1630) ~[spring-beans-4.3.18.RELEASE.jar:4.3.18.RELEASE]
	... 41 common frames omitted

2018-12-10 17:01:58.960 ERROR 85783 --- [           main] o.s.test.context.TestContextManager      : Caught exception while allowing TestExecutionListener [org.springframework.test.context.web.ServletTestExecutionListener@23f7d05d] to prepare test instance [com.beibei.bbmanage.BbmanageApplicationTests@4e210016]

java.lang.IllegalStateException: Failed to load ApplicationContext
	at org.springframework.test.context.cache.DefaultCacheAwareContextLoaderDelegate.loadContext(DefaultCacheAwareContextLoaderDelegate.java:124) ~[spring-test-4.3.18.RELEASE.jar:4.3.18.RELEASE]
	at org.springframework.test.context.support.DefaultTestContext.getApplicationContext(DefaultTestContext.java:83) ~[spring-test-4.3.18.RELEASE.jar:4.3.18.RELEASE]
	at org.springframework.test.context.web.ServletTestExecutionListener.setUpRequestContextIfNecessary(ServletTestExecutionListener.java:189) ~[spring-test-4.3.18.RELEASE.jar:4.3.18.RELEASE]
	at org.springframework.test.context.web.ServletTestExecutionListener.prepareTestInstance(ServletTestExecutionListener.java:131) ~[spring-test-4.3.18.RELEASE.jar:4.3.18.RELEASE]
	at org.springframework.test.context.TestContextManager.prepareTestInstance(TestContextManager.java:230) ~[spring-test-4.3.18.RELEASE.jar:4.3.18.RELEASE]
	at org.springframework.test.context.junit4.SpringJUnit4ClassRunner.createTest(SpringJUnit4ClassRunner.java:228) [spring-test-4.3.18.RELEASE.jar:4.3.18.RELEASE]
	at org.springframework.test.context.junit4.SpringJUnit4ClassRunner$1.runReflectiveCall(SpringJUnit4ClassRunner.java:287) [spring-test-4.3.18.RELEASE.jar:4.3.18.RELEASE]
	at org.junit.internal.runners.model.ReflectiveCallable.run(ReflectiveCallable.java:12) [junit-4.12.jar:4.12]
	at org.springframework.test.context.junit4.SpringJUnit4ClassRunner.methodBlock(SpringJUnit4ClassRunner.java:289) [spring-test-4.3.18.RELEASE.jar:4.3.18.RELEASE]
	at org.springframework.test.context.junit4.SpringJUnit4ClassRunner.runChild(SpringJUnit4ClassRunner.java:247) [spring-test-4.3.18.RELEASE.jar:4.3.18.RELEASE]
	at org.springframework.test.context.junit4.SpringJUnit4ClassRunner.runChild(SpringJUnit4ClassRunner.java:94) [spring-test-4.3.18.RELEASE.jar:4.3.18.RELEASE]
	at org.junit.runners.ParentRunner$3.run(ParentRunner.java:290) [junit-4.12.jar:4.12]
	at org.junit.runners.ParentRunner$1.schedule(ParentRunner.java:71) [junit-4.12.jar:4.12]
	at org.junit.runners.ParentRunner.runChildren(ParentRunner.java:288) [junit-4.12.jar:4.12]
	at org.junit.runners.ParentRunner.access$000(ParentRunner.java:58) [junit-4.12.jar:4.12]
	at org.junit.runners.ParentRunner$2.evaluate(ParentRunner.java:268) [junit-4.12.jar:4.12]
	at org.springframework.test.context.junit4.statements.RunBeforeTestClassCallbacks.evaluate(RunBeforeTestClassCallbacks.java:61) [spring-test-4.3.18.RELEASE.jar:4.3.18.RELEASE]
	at org.springframework.test.context.junit4.statements.RunAfterTestClassCallbacks.evaluate(RunAfterTestClassCallbacks.java:70) [spring-test-4.3.18.RELEASE.jar:4.3.18.RELEASE]
	at org.junit.runners.ParentRunner.run(ParentRunner.java:363) [junit-4.12.jar:4.12]
	at org.springframework.test.context.junit4.SpringJUnit4ClassRunner.run(SpringJUnit4ClassRunner.java:191) [spring-test-4.3.18.RELEASE.jar:4.3.18.RELEASE]
	at org.apache.maven.surefire.junit4.JUnit4Provider.execute(JUnit4Provider.java:283) [surefire-junit4-2.18.1.jar:2.18.1]
	at org.apache.maven.surefire.junit4.JUnit4Provider.executeWithRerun(JUnit4Provider.java:173) [surefire-junit4-2.18.1.jar:2.18.1]
	at org.apache.maven.surefire.junit4.JUnit4Provider.executeTestSet(JUnit4Provider.java:153) [surefire-junit4-2.18.1.jar:2.18.1]
	at org.apache.maven.surefire.junit4.JUnit4Provider.invoke(JUnit4Provider.java:128) [surefire-junit4-2.18.1.jar:2.18.1]
	at org.apache.maven.surefire.booter.ForkedBooter.invokeProviderInSameClassLoader(ForkedBooter.java:203) [surefire-booter-2.18.1.jar:2.18.1]
	at org.apache.maven.surefire.booter.ForkedBooter.runSuitesInProcess(ForkedBooter.java:155) [surefire-booter-2.18.1.jar:2.18.1]
	at org.apache.maven.surefire.booter.ForkedBooter.main(ForkedBooter.java:103) [surefire-booter-2.18.1.jar:2.18.1]
Caused by: org.springframework.beans.factory.BeanCreationException: Error creating bean with name 'serverEndpointExporter' defined in class path resource [com/beibei/bbmanage/handler/WebSocketConfig.class]: Invocation of init method failed; nested exception is java.lang.IllegalStateException: javax.websocket.server.ServerContainer not available
	at org.springframework.beans.factory.support.AbstractAutowireCapableBeanFactory.initializeBean(AbstractAutowireCapableBeanFactory.java:1634) ~[spring-beans-4.3.18.RELEASE.jar:4.3.18.RELEASE]
	at org.springframework.beans.factory.support.AbstractAutowireCapableBeanFactory.doCreateBean(AbstractAutowireCapableBeanFactory.java:555) ~[spring-beans-4.3.18.RELEASE.jar:4.3.18.RELEASE]
	at org.springframework.beans.factory.support.AbstractAutowireCapableBeanFactory.createBean(AbstractAutowireCapableBeanFactory.java:483) ~[spring-beans-4.3.18.RELEASE.jar:4.3.18.RELEASE]
	at org.springframework.beans.factory.support.AbstractBeanFactory$1.getObject(AbstractBeanFactory.java:312) ~[spring-beans-4.3.18.RELEASE.jar:4.3.18.RELEASE]
	at org.springframework.beans.factory.support.DefaultSingletonBeanRegistry.getSingleton(DefaultSingletonBeanRegistry.java:230) ~[spring-beans-4.3.18.RELEASE.jar:4.3.18.RELEASE]
	at org.springframework.beans.factory.support.AbstractBeanFactory.doGetBean(AbstractBeanFactory.java:308) ~[spring-beans-4.3.18.RELEASE.jar:4.3.18.RELEASE]
	at org.springframework.beans.factory.support.AbstractBeanFactory.getBean(AbstractBeanFactory.java:197) ~[spring-beans-4.3.18.RELEASE.jar:4.3.18.RELEASE]
	at org.springframework.beans.factory.support.DefaultListableBeanFactory.preInstantiateSingletons(DefaultListableBeanFactory.java:761) ~[spring-beans-4.3.18.RELEASE.jar:4.3.18.RELEASE]
	at org.springframework.context.support.AbstractApplicationContext.finishBeanFactoryInitialization(AbstractApplicationContext.java:867) ~[spring-context-4.3.18.RELEASE.jar:4.3.18.RELEASE]
	at org.springframework.context.support.AbstractApplicationContext.refresh(AbstractApplicationContext.java:543) ~[spring-context-4.3.18.RELEASE.jar:4.3.18.RELEASE]
	at org.springframework.boot.SpringApplication.refresh(SpringApplication.java:693) ~[spring-boot-1.5.15.RELEASE.jar:1.5.15.RELEASE]
	at org.springframework.boot.SpringApplication.refreshContext(SpringApplication.java:360) ~[spring-boot-1.5.15.RELEASE.jar:1.5.15.RELEASE]
	at org.springframework.boot.SpringApplication.run(SpringApplication.java:303) ~[spring-boot-1.5.15.RELEASE.jar:1.5.15.RELEASE]
	at org.springframework.boot.test.context.SpringBootContextLoader.loadContext(SpringBootContextLoader.java:121) ~[spring-boot-test-1.5.15.RELEASE.jar:1.5.15.RELEASE]
	at org.springframework.test.context.cache.DefaultCacheAwareContextLoaderDelegate.loadContextInternal(DefaultCacheAwareContextLoaderDelegate.java:98) ~[spring-test-4.3.18.RELEASE.jar:4.3.18.RELEASE]
	at org.springframework.test.context.cache.DefaultCacheAwareContextLoaderDelegate.loadContext(DefaultCacheAwareContextLoaderDelegate.java:116) ~[spring-test-4.3.18.RELEASE.jar:4.3.18.RELEASE]
	... 26 common frames omitted
Caused by: java.lang.IllegalStateException: javax.websocket.server.ServerContainer not available
	at org.springframework.util.Assert.state(Assert.java:70) ~[spring-core-4.3.18.RELEASE.jar:4.3.18.RELEASE]
	at org.springframework.web.socket.server.standard.ServerEndpointExporter.afterPropertiesSet(ServerEndpointExporter.java:102) ~[spring-websocket-4.3.18.RELEASE.jar:4.3.18.RELEASE]
	at org.springframework.beans.factory.support.AbstractAutowireCapableBeanFactory.invokeInitMethods(AbstractAutowireCapableBeanFactory.java:1692) ~[spring-beans-4.3.18.RELEASE.jar:4.3.18.RELEASE]
	at org.springframework.beans.factory.support.AbstractAutowireCapableBeanFactory.initializeBean(AbstractAutowireCapableBeanFactory.java:1630) ~[spring-beans-4.3.18.RELEASE.jar:4.3.18.RELEASE]
	... 41 common frames omitted

]]></system-out>
  </testcase>
</testsuite>